20.000000	396
0.045000	0.016780	0.020001
0.049999	0.040566	0.141257
0.050000	0.041366	0.213669
0.050000	0.011318	0.262299
0.079999	0.320553	0.212672
0.095000	0.427138	0.283233
0.100000	0.388787	0.376377
0.100000	0.262275	0.497865
0.100000	0.772955	0.453058
0.125000	1.122107	0.522283
0.145000	0.926001	0.522162
0.150000	1.520131	0.438542
0.195000	1.324152	0.292167
0.200000	1.714665	0.416642
0.200000	1.609428	0.491568
0.245000	1.525478	0.634832
0.245000	1.287647	0.718721
0.250000	2.722447	1.784993
0.295000	0.606022	1.119931
0.300000	0.804277	0.976875
0.300000	0.226777	1.340182
0.305000	1.852243	1.327700
0.345000	0.219770	0.909452
0.349999	1.422030	0.873552
0.350000	0.292356	0.957499
0.395000	0.930582	0.621105
0.395000	1.463759	0.809163
0.400000	0.373795	1.130944
0.445000	1.683069	1.013170
0.449999	2.480689	1.558042
0.450000	0.245945	1.728133
0.474999	0.620516	1.485255
0.495000	2.444727	1.249588
0.495000	2.668334	1.432537
0.500000	1.612996	1.842153
0.544999	3.125441	1.053516
0.545000	3.605758	1.280178
0.550000	4.976337	1.907702
0.595000	3.332937	2.164175
0.595000	5.278976	1.716944
0.625000	6.534298	2.339996
0.640000	6.686722	2.385578
0.644999	2.549236	4.967445
0.645000	8.176780	3.003126
0.689999	7.933304	2.855441
0.695000	9.400850	3.630772
0.719999	4.180820	4.559452
0.739999	9.377253	3.049294
0.740000	10.518481	4.196627
0.744999	4.695779	4.770804
0.745000	11.243290	3.741742
0.745000	5.177750	5.506295
0.790000	10.809371	3.456622
0.795000	11.627245	4.092143
0.840000	11.739616	4.971358
0.840000	11.745152	5.230784
0.844999	4.009179	5.478928
0.845000	5.061993	4.830115
0.859999	4.079182	5.569246
0.870000	5.174805	3.997146
0.890000	12.036071	6.573601
0.890000	11.943569	5.849764
0.894999	4.543838	5.300316
0.895000	5.394955	5.649387
0.940000	12.012497	4.904604
0.945000	5.419672	4.974885
0.985000	13.140133	5.778391
0.990000	11.884195	4.335744
0.995000	7.113276	3.781678
0.995000	6.692375	4.041814
1.030000	7.446682	2.615139
1.039999	11.967682	4.378320
1.044999	7.648398	3.073910
1.045000	7.020154	3.546271
1.050000	11.743454	3.438529
1.089999	12.111412	4.223277
1.094999	8.493615	2.743626
1.095000	7.148378	3.637445
1.115000	7.282183	3.022688
1.140000	12.501940	4.270410
1.145000	8.923603	2.943886
1.145000	7.551992	4.357628
1.184999	12.874460	2.719230
1.190000	12.905816	2.743835
1.240000	13.073344	2.281470
1.290000	13.372493	0.386163
1.340000	13.541035	0.391811
1.390000	13.681182	0.400272
1.420000	13.836951	0.449115
1.440000	13.945068	0.550239
1.485000	14.300057	0.581019
1.535000	14.647208	0.600617
1.585002	14.921280	0.559841
1.635000	15.192007	0.457311
1.685000	15.370045	0.355204
1.735000	15.359261	0.192649
1.785000	15.363631	0.082753
1.835000	15.334228	0.099827
1.885000	15.405288	0.081060
1.935000	15.458361	0.081048
1.985000	15.525435	0.097321
2.035000	15.520480	0.064596
2.040000	15.520455	0.048759
2.080000	15.561276	0.033364
2.129999	15.599341	0.092297
2.160000	15.570401	0.081732
2.180000	15.538224	0.069577
2.229999	15.418651	0.114608
2.280000	15.458143	0.085195
2.330000	15.483153	0.104950
2.380000	15.474463	0.128986
2.415000	15.606746	0.103713
2.430000	15.690317	0.135831
2.480000	15.654116	0.082521
2.530003	15.585451	0.080357
2.580000	15.646743	0.052658
2.630000	15.670222	0.064664
2.680000	15.693318	0.079228
2.725000	15.737337	0.084993
2.775000	15.780012	0.086848
2.825000	15.811094	0.078684
2.875000	15.883733	0.083275
2.925000	15.890195	0.069068
2.975000	15.884142	0.054329
3.025000	15.819706	0.048167
3.055000	15.818238	0.045345
3.075000	15.822163	0.046763
3.125000	15.793404	0.042270
3.175000	15.771531	0.045437
3.199999	15.745567	0.046749
3.225000	15.717125	0.041070
3.275000	15.712122	0.033132
3.320000	15.697030	0.033549
3.370000	15.706905	0.036381
3.420000	15.671400	0.033341
3.470000	15.642153	0.039496
3.520001	15.659377	0.041236
3.570000	15.625639	0.034698
3.620000	15.615128	0.033241
3.670000	15.592999	0.033355
3.719999	15.575211	0.028718
3.770000	15.573319	0.022490
3.819999	15.596275	0.023942
3.870000	15.582149	0.014360
3.919999	15.556259	0.022740
3.965000	15.570641	0.019590
4.015000	15.571710	0.030260
4.060000	15.546546	0.024843
4.065000	15.543723	0.033205
4.115000	15.510648	0.037577
4.165000	15.513403	0.033443
4.215000	15.488166	0.029187
4.265000	15.467662	0.028436
4.315000	15.469175	0.022600
4.365000	15.478100	0.016805
4.404999	15.487158	0.026784
4.415000	15.487678	0.029747
4.465000	15.513182	0.024744
4.515000	15.540463	0.033545
4.560000	15.525601	0.023672
4.610000	15.527900	0.020054
4.660000	15.541487	0.014860
4.710000	15.561535	0.022327
4.759999	15.554682	0.021803
4.810000	15.559117	0.038989
4.859999	15.572194	0.047830
4.910000	15.594526	0.048995
4.959999	15.644906	0.052487
5.010000	15.657920	0.044755
5.060000	15.661654	0.029334
5.110000	15.674817	0.024069
5.160000	15.671377	0.024898
5.205000	15.651941	0.021835
5.235000	15.634977	0.025613
5.255000	15.629795	0.034141
5.305000	15.618971	0.057101
5.314999	15.613694	0.070839
5.355000	15.563681	0.060627
5.405000	15.496423	0.075107
5.455000	15.499172	0.070360
5.505000	15.505036	0.086813
5.555000	15.518113	0.117168
5.605000	15.608834	0.113372
5.655000	15.680325	0.115390
5.690000	15.734509	0.106239
5.704999	15.767529	0.077374
5.755000	15.765174	0.046529
5.790000	15.746039	0.036307
5.800000	15.807203	0.075932
5.850000	15.713097	0.069113
5.900000	15.699975	0.089898
5.940000	15.722596	0.119094
5.950000	15.838574	0.130002
5.999999	15.822355	0.166117
6.050000	15.954839	0.158447
6.100000	16.036609	0.146072
6.125000	16.099699	0.140934
6.150000	16.149663	0.101877
6.200000	16.176079	0.090500
6.225000	16.194358	0.100444
6.250000	16.229311	0.098014
6.300000	16.317463	0.089995
6.350000	16.375647	0.118815
6.380000	16.363686	0.106004
6.400000	16.329993	0.075409
6.445000	16.218135	0.103740
6.495000	16.206317	0.090346
6.545000	16.275815	0.061407
6.595000	16.269104	0.058809
6.645000	16.207692	0.045885
6.679999	16.193070	0.068927
6.695000	16.201182	0.064216
6.745000	16.270638	0.051222
6.770000	16.290952	0.059448
6.795000	16.285665	0.041317
6.845000	16.253301	0.022055
6.895000	16.249636	0.024077
6.930000	16.263174	0.012714
6.945000	16.259789	0.017740
6.995000	16.262799	0.041319
7.019999	16.276278	0.067832
7.039999	16.297876	0.066767
7.090000	16.355799	0.061661
7.140000	16.418374	0.092744
7.169999	16.373538	0.044996
7.190000	16.339857	0.055705
7.240000	16.349045	0.067804
7.290000	16.324918	0.060591
7.340000	16.236141	0.072974
7.390000	16.255429	0.053608
7.440000	16.246506	0.039978
7.490000	16.226873	0.019372
7.539999	16.206613	0.033198
7.585000	16.210769	0.046987
7.589999	16.209695	0.062607
7.640000	16.159697	0.049619
7.685000	16.115464	0.061756
7.735000	16.100917	0.065444
7.784999	16.114405	0.039102
7.835000	16.167916	0.043486
7.885000	16.175261	0.043191
7.935000	16.133704	0.043245
7.985000	16.163631	0.022068
8.035000	16.182060	0.028071
8.085000	16.202383	0.059965
8.135000	16.158039	0.040802
8.185000	16.150225	0.041033
8.235000	16.101113	0.059613
8.245000	16.093909	0.049262
8.280000	16.123323	0.033374
8.330000	16.170889	0.077441
8.380000	16.114727	0.040375
8.430000	16.075738	0.046608
8.460000	16.067362	0.046670
8.480000	16.066191	0.022426
8.530000	16.069894	0.010837
8.580000	16.072799	0.009546
8.630000	16.088816	0.014874
8.680000	16.086744	0.012257
8.715000	16.076548	0.014031
8.730000	16.082034	0.010341
8.780000	16.103851	0.018954
8.830000	16.088258	0.008571
8.840000	16.087383	0.008442
8.880000	16.092585	0.010579
8.925000	16.086738	0.006136
8.975000	16.077408	0.008667
9.025000	16.077278	0.011251
9.075000	16.083209	0.011461
9.125000	16.077804	0.014013
9.175000	16.057273	0.027012
9.225000	16.085431	0.040091
9.275000	16.051943	0.025061
9.325000	16.011861	0.042615
9.375000	16.037958	0.023839
9.405000	16.039795	0.016999
9.425000	16.030673	0.011563
9.475000	16.023019	0.009986
9.520000	16.018867	0.011101
9.535000	16.019993	0.009899
9.569999	16.025990	0.018228
9.620000	16.009235	0.016098
9.645000	16.002337	0.021285
9.670000	15.993465	0.023361
9.720000	15.981499	0.026983
9.760000	15.966469	0.034153
9.770000	15.961573	0.036404
9.820000	15.932521	0.031920
9.869999	15.906629	0.035270
9.915000	15.910089	0.026001
9.920000	15.909191	0.021134
9.970000	15.893399	0.019800
9.990000	15.885364	0.024804
10.020000	15.872983	0.024427
10.070000	15.859223	0.021497
10.120000	15.845224	0.022430
10.140000	15.845799	0.023559
10.165000	15.840359	0.034020
10.215000	15.824806	0.039484
10.265000	15.801751	0.040694
10.315000	15.771059	0.044827
10.365000	15.755278	0.042671
10.415000	15.748161	0.040561
10.465000	15.719578	0.036329
10.514999	15.706732	0.033222
10.565000	15.685785	0.035229
10.615000	15.676334	0.030397
10.665000	15.674776	0.026399
10.715000	15.643777	0.025442
10.760000	15.636358	0.024420
10.810000	15.650284	0.014286
10.860000	15.642937	0.017188
10.875000	15.650915	0.017597
10.909999	15.668559	0.018420
10.960000	15.673830	0.018962
11.010000	15.678218	0.029383
11.060000	15.693315	0.042184
11.110000	15.689677	0.058683
11.160000	15.741171	0.055950
11.210000	15.777890	0.060462
11.259999	15.788840	0.056202
11.310000	15.820270	0.042296
11.359999	15.839009	0.033435
11.389999	15.845602	0.026017
11.405000	15.846734	0.018640
11.455000	15.839750	0.030044
11.505000	15.856490	0.025394
11.525000	15.881077	0.033878
11.555000	15.897578	0.036837
11.605000	15.889388	0.035223
11.655000	15.936330	0.033597
11.705000	15.933191	0.026189
11.750000	15.935246	0.022577
11.755000	15.938121	0.011479
11.805000	15.963022	0.022362
11.844999	15.948292	0.010038
11.855000	15.943718	0.011531
11.905000	15.951652	0.006502
11.944999	15.957336	0.009003
11.955000	15.954879	0.008473
12.000000	15.948929	0.010922
12.050000	15.967829	0.016697
12.069999	15.964184	0.013256
12.100000	15.945432	0.018463
12.150000	15.944961	0.024095
12.199999	15.964965	0.014487
12.225000	15.973680	0.017976
12.250000	15.981918	0.019933
12.300000	15.975624	0.010453
12.349999	15.960700	0.013351
12.399999	15.968756	0.012244
12.450000	15.960500	0.009970
12.500000	15.947925	0.014701
12.550000	15.958167	0.010356
12.600000	15.948845	0.015298
12.645000	15.968798	0.012943
12.695000	15.973036	0.012787
12.745000	15.962887	0.009231
12.775000	15.966476	0.013759
12.795000	15.969767	0.016151
12.845000	15.952119	0.013031
12.895000	15.937192	0.020955
12.945000	15.958644	0.026843
12.995000	15.941165	0.022400
13.045000	15.933042	0.021252
13.094999	15.906341	0.027948
13.105000	15.905241	0.019625
13.145000	15.911010	0.016041
13.195000	15.904870	0.010962
13.230000	15.890653	0.012632
13.239999	15.887530	0.014445
13.290000	15.891525	0.018783
13.339999	15.879811	0.021395
13.390000	15.869791	0.031126
13.439999	15.855297	0.036630
13.490000	15.838210	0.040650
13.540000	15.808816	0.039233
13.590000	15.796352	0.032491
13.640000	15.772801	0.037545
13.645000	15.776555	0.023795
13.690000	15.798674	0.016322
13.740000	15.813351	0.030258
13.780000	15.786913	0.026987
13.790000	15.789693	0.041394
13.840000	15.781398	0.076679
13.885000	15.845111	0.066091
13.935000	15.870270	0.145779
13.940000	15.930394	0.408850
13.985000	15.933342	0.847313
14.035000	16.194142	0.880390
14.085000	16.879230	0.774281
14.135000	17.759032	1.068612
14.175000	17.414724	0.566246
14.185000	17.400691	0.295330
14.235000	17.538683	0.144092
14.284999	17.529264	0.099564
30.000000	363
0.049997	0.111725	0.278477
0.050000	0.025349	0.342593
0.059999	0.244773	0.222913
0.075000	0.567231	0.404088
0.095000	0.372102	0.476046
0.099997	0.494595	0.440108
0.100000	1.142794	0.558994
0.100000	1.131194	0.569795
0.144997	0.998637	0.559239
0.145000	1.855905	0.572538
0.149999	1.782048	0.488756
0.150000	1.483856	0.484793
0.165000	2.088893	0.422713
0.175000	2.237485	0.579798
0.194997	1.368352	0.993900
0.195000	1.961008	0.574538
0.200000	2.860140	1.009774
0.200000	2.804469	0.933978
0.235000	2.090085	0.716520
0.239997	1.410933	1.258608
0.244997	2.736317	0.717538
0.245000	3.130060	1.167808
0.250000	1.948645	0.650680
0.259999	2.369173	0.598357
0.294997	1.710208	0.653850
0.294999	1.912494	0.280500
0.300000	1.585076	0.449139
0.300002	1.671806	0.405406
0.330000	1.675499	0.436518
0.344997	0.909066	0.713559
0.345000	1.090934	0.551534
0.350000	2.062532	0.948392
0.350000	1.164518	0.811406
0.394997	0.686560	1.243915
0.395000	1.540355	0.757935
0.400000	2.808745	1.487189
0.420000	2.015486	0.910029
0.444997	0.855268	1.694785
0.445000	2.904092	0.984506
0.449999	2.476068	1.028989
0.450000	3.041033	1.210966
0.475000	3.689688	1.289311
0.494997	1.235698	2.541881
0.495000	2.985038	1.352673
0.500000	4.661570	1.985391
0.530000	4.862042	2.116323
0.544997	1.943606	2.875644
0.545000	5.516689	1.959016
0.545000	3.760498	2.061086
0.550000	6.012852	2.337430
0.594997	3.114737	2.838624
0.595000	7.281810	2.601817
0.600000	6.958419	2.168858
0.644997	4.388658	3.889447
0.645000	8.157820	2.295100
0.645000	9.058148	2.898657
0.660000	10.565968	3.926847
0.689997	5.228215	4.553183
0.694997	6.518900	3.397077
0.694999	9.374959	2.721855
0.695000	12.562036	4.895531
0.744997	6.786902	4.404347
0.744999	10.282927	2.824212
0.745000	14.750402	5.538690
0.769997	7.579406	3.911034
0.789997	8.750368	4.531559
0.790000	11.839327	3.363732
0.795000	11.170894	3.184550
0.795000	17.001988	5.766018
0.839997	9.688665	5.273393
0.840000	13.504334	3.575740
0.845000	19.242418	6.765356
0.849997	10.532168	4.301482
0.889997	11.855623	5.386386
0.890000	15.373598	4.393523
0.895000	11.173900	5.420294
0.895000	21.965199	8.881979
0.939997	13.386587	6.085682
0.940000	17.208414	5.850487
0.944999	11.240797	7.553471
0.945000	24.366823	10.410791
0.950000	10.510264	7.450362
0.989997	15.018840	7.054123
0.990000	19.188266	6.564628
0.995000	10.414104	9.376515
0.995001	26.765778	11.881364
1.039997	17.031372	7.385397
1.040000	21.283789	8.610013
1.045000	10.659766	11.589826
1.045000	28.228919	12.212116
1.070000	10.448479	12.966700
1.089996	19.844202	7.646650
1.090000	23.122837	6.172158
1.095000	28.512261	9.011768
1.115000	24.535247	6.503156
1.139997	22.855429	6.367954
1.140000	25.516592	9.260518
1.145000	10.038905	14.221176
1.145000	28.943691	11.424215
1.160000	9.825176	15.856380
1.189996	25.596813	9.302069
1.190000	29.336190	11.501586
1.215000	26.175731	9.679796
1.239997	27.287438	7.374319
1.240000	9.722002	18.936558
1.240000	29.720482	8.360367
1.289997	29.165667	11.256423
1.290000	29.960035	11.676007
1.339997	30.485401	12.098090
1.340000	9.775517	18.686110
1.340000	30.092955	11.936364
1.345000	9.354226	16.704301
1.384997	31.449385	15.695108
1.385000	26.937636	10.716704
1.390000	9.178831	18.604433
1.390000	30.073683	8.772500
1.434997	31.876087	9.751028
1.434999	26.887747	8.150747
1.440000	30.213499	8.649086
1.484997	32.088514	9.571366
1.485000	30.331591	8.699652
1.489999	9.441736	20.924757
1.490000	30.329491	8.704280
1.534997	31.991967	13.262168
1.535000	26.806439	10.455185
1.539999	30.192645	8.777927
1.540000	9.383345	19.864316
1.555000	26.820295	7.672730
1.584997	31.978584	13.420977
1.585000	26.853696	12.606671
1.589999	30.166264	12.200159
1.590000	9.376718	19.414117
1.615000	9.370212	18.519085
1.624997	31.877726	16.064456
1.634997	31.885779	16.067342
1.635000	26.864550	10.706389
1.640000	9.350945	20.463635
1.640000	30.363740	8.859334
1.645000	30.384960	8.964921
1.660000	26.860764	7.854098
1.684997	31.962821	9.706010
1.685000	26.851450	7.951202
1.690000	30.439241	8.972128
1.715000	9.474719	18.493750
1.734997	31.940135	13.296911
1.734999	26.801715	10.598194
1.740000	9.602501	16.934699
1.740000	30.317954	12.032532
1.784997	31.890296	13.017920
1.785000	9.773051	19.621724
1.790000	30.305092	11.868743
1.799997	31.872663	12.751467
1.834997	31.882330	12.926870
1.835000	9.904609	20.454555
1.835000	30.405141	8.563035
1.854999	26.772189	10.393531
1.875000	30.489814	11.994824
1.884997	31.868155	9.258314
1.884999	9.903988	20.708041
1.885000	30.503604	11.910540
1.904997	31.817669	12.655821
1.934996	31.759126	12.630644
1.935000	9.969332	19.221208
1.935000	30.503548	11.857575
1.945000	30.493972	11.936681
1.960000	10.082555	18.249253
1.984997	31.783420	9.137880
1.984999	26.785078	7.710379
1.985000	30.445608	8.612535
2.029997	31.843356	9.220712
2.029999	26.804871	7.560243
2.035000	30.393130	8.315542
2.060000	10.510373	18.400919
2.064996	31.895611	12.551360
2.079997	31.918401	12.392147
2.085000	10.505104	19.028816
2.085000	30.424544	8.223627
2.129997	31.936504	12.432672
2.135000	30.515175	11.626747
2.139997	31.939231	12.447250
2.145000	10.400103	19.160684
2.179997	31.933631	12.441055
2.185000	10.460219	17.267429
2.185000	30.567593	14.233642
2.229997	31.959320	15.171548
2.234999	10.549054	16.628671
2.235000	30.547048	11.560468
2.245000	10.593169	18.735432
2.250000	30.549184	14.090749
2.279997	31.886629	12.279265
2.284999	30.587488	14.065180
2.285000	10.768959	18.532660
2.329997	31.677837	12.079503
2.334999	10.799848	18.427929
2.335000	30.607999	14.069470
2.379997	31.483391	12.008277
2.385000	30.546178	11.464233
2.420000	10.612130	20.194282
2.429997	31.181023	8.411847
2.430000	30.492579	8.123279
2.475000	30.505141	8.128097
2.479997	30.956454	8.484021
2.480000	30.531603	8.304472
2.529997	30.555548	8.314068
2.530000	10.194442	20.413111
2.530000	30.577564	8.321507
2.579997	30.497552	11.727881
2.580000	30.522909	11.742504
2.624997	30.542799	8.315595
2.630000	10.174403	18.546011
2.630000	30.444659	11.634860
2.655000	30.443195	11.634028
2.680000	10.411684	16.380356
2.680002	30.470673	13.935158
2.729999	30.530274	13.977338
2.730000	10.782971	13.945918
2.780000	11.101672	15.840178
2.780000	30.507663	15.942909
2.825000	11.042342	13.752528
2.830000	30.496031	13.751600
2.880000	11.001181	17.779883
2.880000	30.468482	13.677840
2.930000	30.454510	11.135886
2.980000	30.463549	11.141091
3.025000	11.333482	17.459211
3.030000	30.454884	10.997378
3.075000	30.453453	10.996553
3.075001	11.480538	15.493647
3.125000	30.445319	13.083867
3.175000	30.462901	13.096296
3.200000	12.034397	15.046941
3.225000	12.320751	14.811462
3.225002	30.464757	14.831214
3.274999	30.468711	16.551940
3.275000	12.378955	12.785532
3.319999	12.470034	14.681768
3.325000	12.484374	12.701631
3.325000	30.447177	14.665288
3.374999	30.424902	14.576622
3.375000	12.611185	14.564392
3.425000	30.465744	10.275637
3.475000	12.724706	14.496925
3.475000	30.456734	12.088955
3.525000	30.445395	9.640522
3.575000	14.837292	14.262444
3.575000	30.419098	8.323367
3.625000	30.412816	8.319747
3.669999	30.428038	9.592151
3.670000	17.270875	12.021538
3.675000	30.429791	8.377379
3.719999	18.771560	9.544424
3.720000	30.423739	8.373124
3.770000	19.846259	8.691899
3.770000	30.416646	7.255358
3.820000	30.393768	6.195112
3.829999	22.140259	5.946742
3.869999	30.383917	5.331473
3.870000	23.259023	5.843536
3.920000	23.184999	5.115572
3.920000	30.391038	5.981827
3.969999	30.406754	5.994657
3.970000	23.073955	5.187556
4.020000	22.751610	6.252998
4.020000	30.423370	5.894501
4.045000	23.230873	5.083822
4.070000	30.396758	5.797212
4.119999	23.800074	5.398156
4.120000	30.401039	5.657692
4.170000	23.444720	5.677367
4.170000	30.390462	5.627907
4.219999	23.423764	5.691760
4.220000	30.394810	5.708825
4.265000	23.331536	5.763519
4.270000	30.391916	5.548273
4.314999	23.412331	5.699539
4.315000	30.383247	4.757495
4.365000	24.261564	5.076783
4.365000	30.349008	4.073260
4.415000	30.305696	2.903483
4.465000	26.558613	3.263819
4.465000	30.285083	1.754609
4.514999	30.277097	1.750033
4.515000	28.145187	2.124191
4.565000	30.244865	0.879446
4.579999	30.237048	1.116213
4.580000	30.723401	1.228000
4.614999	30.231160	0.721569
4.615000	31.928636	2.001087
4.665000	30.233209	2.174379
4.690000	30.234925	3.435306
4.715000	35.258421	4.366115
4.715000	30.237811	3.363374
4.765000	36.769737	5.470615
4.765000	30.227377	4.984722
4.815000	30.206371	5.978597
4.845000	39.225673	7.434865
4.859999	30.196518	6.857240
4.865000	39.695028	7.777451
4.865000	30.194137	8.197152
4.910000	40.702805	7.467672
4.910000	30.146555	8.748160
4.930000	41.189129	9.008043
4.960000	41.749715	8.236503
4.960000	30.138363	10.058841
5.010000	30.172302	10.031216
5.030000	43.211336	10.677167
5.060000	43.526225	10.920502
5.060000	30.168140	9.521483
5.110000	30.144894	11.076167
5.160000	44.146258	11.412715
5.160000	30.181291	8.002879
5.210000	43.938259	11.234312
5.210000	30.195402	11.190840
5.220000	30.196970	9.632020
5.225000	43.815130	9.629932
5.259999	43.701687	11.023956
5.260000	30.197707	11.108940
5.310000	43.821289	9.621872
5.310000	30.211548	9.608064
5.355000	43.874600	12.457311
5.359999	30.233121	7.860580
5.410000	30.239361	5.566880
5.459999	30.259953	5.558546
5.475000	30.286042	0.066912
5.510000	30.372518	0.081753
5.555000	30.367116	0.059813
5.585000	30.370608	0.043399
5.605000	30.419303	0.076701
5.654999	30.392494	0.079121
5.705000	30.334785	0.068925
5.755000	30.277341	0.150883
5.805000	30.254187	0.207324
5.855000	30.418161	0.147548
5.905000	30.559324	0.180322
5.955000	30.588467	0.153630
6.005000	30.585556	0.073714
6.010001	30.591083	0.062111
6.055000	30.588700	0.068607
6.105000	30.523553	0.055180
6.150000	30.458666	0.113663
6.199999	30.504597	0.170958
6.250000	30.491141	0.276181
6.300000	30.647605	0.287599
6.350000	30.885630	0.331150
6.399999	31.015800	0.460912
6.450000	31.120287	0.602597
6.479999	31.363637	0.907244
6.500000	31.861350	0.971000
6.550000	32.252072	0.962478
6.599999	33.232545	1.053886
6.650000	33.314747	0.832411
6.700000	33.367713	0.815442
6.750000	33.784549	0.861859
6.795000	34.142718	1.121048
6.844999	34.763979	1.236620
6.895000	35.418580	1.218929
6.945000	36.170586	1.109301
6.995000	36.627718	1.033379
7.045000	36.888551	1.088428
7.095000	36.120113	0.603160
7.145000	35.659714	0.751676
7.195000	35.384159	0.848728
7.220000	35.359517	0.472311
40.000000	314
0.044998	0.027110	0.209523
0.050000	0.132233	0.511039
0.050000	0.068946	0.524172
0.054998	0.371926	0.373927
0.094998	1.118202	0.886720
0.094999	0.487621	0.412857
0.100000	0.393590	0.604309
0.100003	0.038878	0.942205
0.140000	0.963214	0.613675
0.144998	1.491987	0.985195
0.145000	0.970784	0.768112
0.150000	0.205015	1.605336
0.164998	2.037983	0.999301
0.175000	1.792065	1.033946
0.194998	2.806273	1.512917
0.195000	2.775593	1.077554
0.200000	0.712893	1.531053
0.205000	1.823987	0.756664
0.244998	2.233263	0.812972
0.245000	1.559710	0.547676
0.250000	2.128827	0.680538
0.289998	1.380145	0.607441
0.294998	2.010199	0.599665
0.295000	0.795987	1.047088
0.300000	1.773998	0.575039
0.315000	2.126419	1.000192
0.340000	1.305675	0.548999
0.344998	1.086196	0.617115
0.345000	0.597086	1.160701
0.350000	1.630325	0.672095
0.374998	1.468786	0.694072
0.394998	2.379141	1.338371
0.395000	0.821381	1.287065
0.395000	2.311524	1.058252
0.400000	0.442382	1.956879
0.444998	2.840021	1.372362
0.445000	2.206315	1.182275
0.445000	3.036173	1.506995
0.449998	3.710258	1.444238
0.450000	0.823558	3.076134
0.470000	3.942406	1.460736
0.494997	4.519246	2.088886
0.494999	5.095507	2.490269
0.495000	3.209093	1.771058
0.500000	1.439184	3.622464
0.544998	5.703863	2.819665
0.544999	5.119749	2.577597
0.545000	6.022997	2.884165
0.549999	0.962710	4.861954
0.594998	7.176164	4.043959
0.595000	7.045292	4.596022
0.600000	0.034940	6.580056
0.625000	8.891316	5.644929
0.630000	1.034663	6.510838
0.639998	8.942529	5.682506
0.645000	2.207247	7.436124
0.645000	10.604544	6.182750
0.689998	10.875615	4.971186
0.694999	11.938881	5.534547
0.695000	2.689689	9.235069
0.695000	11.964345	3.988418
0.700000	12.728397	5.484128
0.739998	13.164526	5.756600
0.740000	14.457419	4.547216
0.745000	4.051333	10.558566
0.745000	14.824622	4.539418
0.765000	16.640324	6.939461
0.789998	15.352883	6.150044
0.790000	15.877019	4.319157
0.795000	5.678934	11.351687
0.815000	17.201299	5.019554
0.839998	17.929124	6.540614
0.840000	18.816453	7.892761
0.844999	20.379638	6.873241
0.845000	8.178359	10.838163
0.870000	9.751632	10.423196
0.880000	22.132486	7.713348
0.889998	20.445554	7.679455
0.889999	23.412228	7.541053
0.890000	20.942866	4.445194
0.895000	11.664555	11.207362
0.939998	23.192037	6.285912
0.940000	25.375971	7.747329
0.940000	23.133781	6.292878
0.945000	13.480543	11.483658
0.949999	24.292878	4.783562
0.989998	25.683172	6.573888
0.989999	27.496116	7.633289
0.990000	26.675728	4.742894
0.995000	15.799469	12.463289
1.000000	28.957024	5.569802
1.039998	28.709636	7.089786
1.040000	31.272529	8.592042
1.040000	29.460539	4.951310
1.045000	17.592633	11.438165
1.049998	30.190560	6.953382
1.055000	30.730196	7.324875
1.065000	19.045888	10.446081
1.089998	32.468909	7.513466
1.090000	33.536932	8.174303
1.095000	20.356272	11.302402
1.139998	34.038894	7.693359
1.140000	36.352046	9.068599
1.145000	21.462559	13.341262
1.189998	35.335356	7.816209
1.190000	37.603474	9.091315
1.190000	36.755275	8.578703
1.195000	22.520158	13.176245
1.225000	38.271807	8.875506
1.239998	36.601464	7.928265
1.240000	23.473388	11.606185
1.240000	38.330269	8.582895
1.284998	37.445442	9.830260
1.290000	23.639669	12.007258
1.290000	39.626703	9.294553
1.325000	23.743860	12.419218
1.334998	37.887778	10.150951
1.335000	40.636537	9.908528
1.340000	23.751348	13.690081
1.340000	40.072625	6.928799
1.359998	37.520773	8.301941
1.384998	37.300534	8.222643
1.385000	41.614522	7.900803
1.390000	23.703787	16.011466
1.415000	40.598362	9.913861
1.434998	37.746396	8.534930
1.434999	42.651232	11.280833
1.440000	23.864416	15.258284
1.459997	37.857929	8.562217
1.470000	43.239051	11.610739
1.475000	23.997690	13.192583
1.484998	37.847996	8.367841
1.485000	41.029151	10.103871
1.490000	24.097067	15.133401
1.534997	37.997080	8.517912
1.534999	44.430080	12.336547
1.535000	41.175820	9.991764
1.540000	24.528040	17.078588
1.584998	38.099225	8.828217
1.584999	41.316180	9.788937
1.585000	45.249900	12.749141
1.590000	24.968297	16.114735
1.625002	41.362609	7.261872
1.634998	37.984415	8.844743
1.635000	41.366382	9.750885
1.635000	45.957148	10.122322
1.639999	25.305462	14.550686
1.684998	38.032423	8.110112
1.685000	41.515795	9.565381
1.689999	25.924588	14.331559
1.734998	38.166070	8.075111
1.734999	41.711402	9.362706
1.735000	46.977270	13.408292
1.740000	26.336216	15.447028
1.745000	41.779821	7.201145
1.784998	38.199739	8.794364
1.785000	42.148273	9.545994
1.785000	47.494989	10.686804
1.789999	26.734695	16.474884
1.834998	38.295683	8.840702
1.834999	42.806975	9.788358
1.834999	47.628252	13.433245
1.840000	26.965485	16.416611
1.860000	42.970594	9.787742
1.879997	38.290887	9.458954
1.884999	47.613159	13.188632
1.885000	27.050098	15.009227
1.924999	47.576358	12.872477
1.929998	38.338752	10.079389
1.935000	27.543365	13.147806
1.950000	47.611056	12.663217
1.965000	27.933616	12.861363
1.979998	38.323895	8.992419
1.980000	47.628936	12.298716
1.985000	28.935456	12.110496
2.029998	38.484841	7.502530
2.030000	47.637629	11.832636
2.035000	29.591187	11.641878
2.079998	38.646050	7.180795
2.080000	47.622653	11.399126
2.085000	30.526327	12.637209
2.129998	38.738693	7.382411
2.130000	45.974051	10.541586
2.130000	47.644455	12.363277
2.135000	31.741505	11.247322
2.154999	33.024375	11.530277
2.179998	38.965748	7.158033
2.180000	45.910070	9.963744
2.180000	47.627667	9.489429
2.185000	34.343777	9.033917
2.229998	39.283233	6.740748
2.230000	45.904535	7.574797
2.235000	34.474701	9.007378
2.245000	47.512433	8.718788
2.279997	40.374899	5.853828
2.280000	45.798221	7.020685
2.285000	34.787138	10.053298
2.310000	45.726042	5.232551
2.329998	42.067546	5.318616
2.330000	45.711824	6.452567
2.330000	47.336372	5.696015
2.335000	35.112123	10.371549
2.365000	47.192095	5.187400
2.379998	43.840431	5.526837
2.380000	45.748907	6.129459
2.380000	47.169040	5.070743
2.385000	35.538925	10.334680
2.429998	45.205891	5.551699
2.430000	45.732344	6.993482
2.430000	47.160427	8.033279
2.435000	36.082748	9.189276
2.440000	36.137994	8.358506
2.460000	45.720492	6.705035
2.479997	46.792846	7.467761
2.480000	36.675543	9.030119
2.480000	45.710267	4.129084
2.504998	48.093192	6.656501
2.505000	46.309306	6.783114
2.524998	49.379122	7.391076
2.530000	36.989760	10.300201
2.560000	37.174996	9.099975
2.574998	50.269718	9.373872
2.574999	46.815073	7.178463
2.580000	37.384305	11.244527
2.624998	51.061065	8.203544
2.625000	47.716043	6.627573
2.629998	51.869493	8.651214
2.630000	37.414175	12.333879
2.674998	52.344541	9.403824
2.675000	48.383260	6.823511
2.679999	45.671802	6.436887
2.680000	37.317573	11.969855
2.700000	49.563921	5.652514
2.724998	52.274342	9.580903
2.725000	45.559798	6.736241
2.725000	50.909485	6.492366
2.730000	37.136000	12.932625
2.774997	52.165080	9.499058
2.775000	45.494044	7.140416
2.775000	51.899062	8.921662
2.779999	37.140447	14.226121
2.780000	52.664801	7.590265
2.804998	52.259958	7.331538
2.824998	52.350675	7.921911
2.825000	45.426122	4.950853
2.875000	45.411210	5.385924
2.910000	45.352357	4.637109
2.925000	45.322348	5.280394
2.925000	54.298050	8.190144
2.975000	45.281512	5.303739
2.975000	54.634218	7.631355
3.000000	45.270581	6.525499
3.025000	45.282992	6.597695
3.025000	54.561381	7.576612
3.040000	45.296902	6.595502
3.065000	54.644786	6.617767
3.074999	45.278064	7.635567
3.075000	54.666484	7.692804
3.124999	54.645349	7.700756
3.125000	45.193892	5.463195
3.140000	45.210640	5.454149
3.175000	45.173302	3.868535
3.225000	45.088238	0.095720
3.275000	45.003067	0.170394
3.325000	44.984362	0.178677
3.345000	45.147802	0.118538
3.370000	45.274332	0.241231
3.420000	45.168535	0.153048
3.470000	45.018731	0.135357
3.520000	44.959767	0.187782
3.550000	44.998318	0.150155
3.570000	45.058756	0.136130
3.620000	45.192740	0.140445
3.645000	45.249215	0.136619
3.670000	45.263472	0.105566
3.719999	45.204047	0.036201
3.770000	45.163591	0.062909
3.795000	45.184467	0.037487
3.820000	45.216023	0.047015
3.870000	45.203786	0.053657
3.880000	45.185811	0.048894
3.920000	45.124854	0.057249
3.965000	45.111144	0.068918
3.990000	45.124040	0.061083
4.014999	45.159764	0.044016
4.064999	45.218951	0.080136
4.115000	45.214151	0.122128
4.165000	45.177212	0.125423
4.215000	45.106562	0.113100
4.265000	44.958317	0.155350
4.315000	44.982102	0.099732
4.365000	45.006138	0.079882
4.375000	45.039604	0.131376
4.415000	45.022971	0.135825
4.465000	44.851432	0.123383
4.490000	44.801196	0.140896
4.514999	44.850198	0.075650
4.564999	44.844623	0.044093
4.610000	44.880426	0.072291
4.660000	44.816444	0.097019
4.710000	44.757297	0.166646
4.720000	44.940659	0.114015
4.760000	44.993985	0.188221
4.810000	44.982458	0.253710
4.835000	45.084625	0.374101
4.860000	45.331371	0.781446
4.910000	45.431297	1.267995
4.945000	45.871558	1.524475
4.960000	47.082287	1.470300
5.010000	47.960259	1.475921
5.060000	48.519335	1.259203
5.080000	48.778579	0.852202
5.110000	48.707708	0.387513
5.160000	48.669254	0.109402
50.000000	399
0.049999	0.012145	0.267292
0.050000	0.012207	0.618564
0.095000	0.399008	0.499633
0.100000	0.266451	0.549494
0.124999	1.159478	0.843816
0.135000	0.993149	0.755694
0.140000	0.848855	0.831748
0.145000	2.366108	1.049849
0.150000	1.775352	0.659003
0.175000	1.579520	0.668836
0.194999	2.317568	0.424265
0.195000	2.449246	0.534255
0.200000	2.017658	0.431409
0.200000	1.954726	0.442635
0.205000	2.681316	0.563004
0.220000	2.469436	0.421489
0.245000	1.904421	0.588717
0.245000	2.200529	0.377010
0.250000	2.869990	0.624372
0.270000	2.270727	0.350328
0.275000	2.293085	0.349484
0.295000	2.544175	0.521069
0.295000	2.674310	0.861484
0.300000	1.865805	0.558976
0.345000	1.591295	0.634801
0.350000	1.157346	0.785363
0.355000	1.833900	0.525704
0.380000	1.471261	0.660445
0.395000	1.548620	0.713577
0.400000	2.797069	0.929337
0.410000	2.251591	1.100518
0.445000	2.421486	1.023017
0.445000	2.090451	1.163975
0.494999	4.662271	2.108572
0.495000	2.887171	0.881261
0.495000	2.585566	1.282414
0.515000	3.333358	0.842314
0.539999	3.493039	0.835454
0.545000	4.544138	1.231180
0.545000	3.824465	1.213921
0.575000	4.818621	1.124480
0.595000	5.991462	2.774163
0.610000	5.337228	3.057338
0.645000	6.585360	2.494763
0.660000	12.093016	5.259283
0.690000	7.766206	2.141820
0.695000	7.348551	4.119315
0.740000	8.698143	3.407272
0.745000	8.448687	3.271140
0.745000	16.038429	6.782903
0.775000	9.922863	2.819214
0.785000	10.087735	2.747432
0.789999	12.008814	3.230104
0.790000	11.418244	2.940171
0.795000	11.393519	4.756640
0.795000	18.140254	5.479753
0.840000	12.943503	4.118380
0.845000	20.653574	6.187975
0.860000	13.833889	3.728616
0.885000	16.072916	3.883146
0.889999	17.375608	3.631701
0.890000	13.946929	6.280333
0.895000	23.034756	7.483366
0.940000	14.155686	6.524761
0.945000	25.682980	10.000759
0.950000	13.703528	8.892835
0.965000	19.909178	6.896842
0.990000	13.615649	10.532362
0.995000	28.028114	10.984514
1.005000	28.565008	10.055857
1.030000	20.625974	6.944363
1.040000	14.242352	11.595298
1.040000	22.251541	6.010798
1.045000	29.513460	10.489553
1.089999	22.810631	6.419962
1.090000	14.696367	9.137082
1.090002	23.965433	6.978483
1.139999	14.970687	9.141810
1.140000	23.208624	8.023123
1.165000	14.338004	10.784248
1.189999	32.021399	14.938648
1.190000	13.775959	11.208023
1.195000	28.932731	12.247324
1.240000	14.260512	10.939762
1.265000	23.854109	8.121989
1.290000	14.557699	8.873573
1.290000	24.006640	7.507993
1.334999	14.369638	12.470854
1.335000	24.042995	7.379172
1.340000	31.820335	11.543849
1.340000	33.135839	12.643463
1.349999	24.027374	7.386525
1.385000	14.184171	14.340492
1.385000	24.167424	8.986521
1.390000	33.341967	14.785293
1.410000	13.833224	14.450786
1.435000	13.515664	14.703088
1.440000	33.373354	13.914494
1.460000	33.416988	13.945180
1.485000	13.741799	16.133748
1.489999	33.738701	12.123307
1.490000	33.473663	11.942944
1.535000	13.789489	16.742946
1.539999	24.590309	9.630871
1.540000	33.526245	14.436604
1.550000	33.546010	14.876919
1.575000	13.764332	15.377366
1.585000	13.763493	14.729208
1.585000	24.900285	9.338344
1.590000	33.657074	14.917423
1.635000	13.779002	14.025951
1.635000	25.178854	8.230965
1.640000	33.702239	12.517281
1.660000	25.382921	8.439200
1.684999	13.694579	16.749175
1.685000	34.697717	10.722623
1.685000	25.567787	8.617743
1.734999	34.486208	15.553658
1.734999	25.890943	9.982380
1.735000	13.668737	10.987438
1.785000	13.692531	11.105760
1.820000	13.718777	7.145524
1.835000	13.721668	7.297692
1.835000	26.295987	10.275829
1.885000	13.712572	10.398189
1.885000	26.426809	7.920332
1.920000	26.519139	6.848024
1.929999	26.547351	8.637625
1.934999	33.725945	12.682315
1.935000	34.604141	13.387708
1.935000	13.645394	16.220159
1.980000	13.618750	17.574178
1.980000	26.561857	9.252097
1.984999	33.714464	14.802508
1.985000	34.524777	12.929119
2.010000	26.511194	9.239276
2.030000	13.605343	15.508078
2.034999	34.448590	15.084808
2.035000	13.607127	13.980818
2.080000	13.645271	15.448447
2.085000	33.603109	14.409613
2.090003	26.724195	10.551666
2.129999	34.376226	12.386405
2.130000	13.627247	17.329430
2.135000	33.616735	11.877046
2.165000	33.656940	11.871556
2.179999	13.663534	17.353133
2.180000	34.384792	12.350346
2.180000	27.051689	9.132363
2.185000	33.671194	12.164923
2.230000	13.638408	18.334635
2.230000	27.193072	9.130750
2.235000	33.670939	11.871725
2.280000	34.139159	12.179896
2.280000	13.617442	17.463395
2.285000	33.682268	14.178109
2.305000	34.102611	14.754128
2.330000	13.632010	12.924862
2.340000	13.654363	12.909281
2.375000	27.094821	11.333244
2.380000	13.709080	11.414512
2.430000	13.661530	11.447332
2.430000	26.950316	9.881123
2.455003	34.378550	15.281823
2.480000	13.582841	16.437379
2.480000	26.858363	9.238314
2.485000	33.610832	11.908581
2.530000	34.382064	15.063377
2.530000	13.551385	17.562173
2.555000	34.387988	12.435164
2.575000	13.460634	15.630225
2.580000	33.627070	14.509549
2.605000	27.005669	9.700409
2.625000	13.417212	15.495433
2.630000	34.390981	15.164540
2.630001	33.607868	14.556626
2.655000	13.365297	15.524867
2.675000	13.365719	15.524518
2.680000	33.575592	14.774216
2.695000	26.997215	10.461136
2.724999	13.399005	16.486624
2.725000	27.064148	9.264746
2.730000	34.532101	15.577799
2.730000	33.536076	14.755372
2.764999	13.344911	16.509212
2.775000	13.390549	17.750573
2.775000	26.871158	10.763862
2.780000	33.533159	14.518143
2.825000	34.609315	13.082608
2.825000	13.387995	18.556647
2.830000	33.506645	11.959140
2.850000	26.603426	9.758481
2.870000	34.570995	15.270522
2.875000	13.422763	17.467578
2.880000	33.514242	14.221817
2.910000	13.656069	15.255916
2.924999	33.488553	16.089976
2.925000	14.365635	14.431550
2.950000	26.724786	9.612731
2.974999	14.889482	12.734522
2.975000	33.437504	15.102652
2.975000	26.788377	8.747759
3.005000	15.948328	12.222309
3.024999	17.139267	13.086889
3.025000	34.708544	11.453492
3.025000	26.831609	8.810769
3.065000	33.412646	11.418235
3.074999	34.831384	10.750844
3.075000	17.664384	10.901245
3.125000	18.498767	11.400838
3.170000	26.707390	7.558815
3.175000	19.613502	7.042698
3.200000	33.377481	10.432523
3.219999	20.976419	9.835068
3.220000	26.749884	6.631247
3.224999	33.357335	7.309508
3.225000	35.303439	9.890889
3.270000	22.410179	8.626259
3.275000	33.362921	6.622301
3.320000	23.694726	8.835912
3.320000	26.876952	5.604029
3.325000	35.327420	8.057889
3.325000	33.343956	6.427704
3.370000	25.129993	7.667552
3.370000	26.897320	7.208758
3.375000	33.353700	5.313283
3.400001	35.497574	6.766061
3.420000	35.863857	5.536770
3.420000	26.341248	7.844586
3.425000	33.339399	4.472144
3.469999	36.083179	6.136606
3.470000	27.626937	5.650012
3.475000	28.885735	5.037277
3.494999	36.476540	6.067433
3.520000	30.044068	3.412953
3.525000	33.364577	3.953202
3.570000	30.668708	3.141712
3.570000	26.895641	4.411433
3.615000	31.394324	4.607723
3.620000	32.421071	4.642226
3.620000	26.907854	6.690237
3.670000	40.425243	11.157613
3.670000	32.849902	5.194759
3.689999	26.969310	7.030162
3.719999	27.002800	7.636580
3.720000	33.365239	3.794580
3.750000	33.292504	3.757776
3.770000	34.453397	3.199863
3.815000	35.249263	1.676167
3.820000	33.277082	5.333812
3.845000	33.281024	5.331510
3.865000	36.289406	5.800303
3.870000	45.781071	12.300857
3.870000	33.275555	8.481717
3.890000	27.152680	12.724051
3.910000	47.111141	13.448140
3.914999	27.172040	13.097519
3.915000	37.403634	8.603471
3.919999	48.444833	13.759742
3.919999	33.273831	9.951371
3.965000	38.476783	7.265262
3.970000	33.271071	9.829650
4.000000	50.086373	15.150033
4.000002	33.257800	8.218461
4.015000	39.566715	6.272305
4.020000	33.261439	9.004710
4.040000	40.675170	7.603047
4.064999	41.794937	8.731940
4.065000	27.270621	16.558732
4.070000	33.279721	12.366985
4.085000	51.540531	16.779219
4.114999	51.632153	18.010598
4.115000	42.448910	9.720147
4.115002	27.268639	16.857247
4.120000	33.245399	10.253046
4.165000	43.272787	12.715440
4.165000	27.263431	10.206284
4.210000	27.252213	12.755631
4.214999	33.283981	10.472563
4.215000	44.487797	11.926909
4.265000	45.966163	10.621749
4.315000	47.400592	11.594688
4.330000	33.371710	12.488147
4.365000	47.702907	10.172564
4.410000	27.403115	18.907589
4.415000	48.059062	13.356415
4.424999	48.135368	13.421413
4.460000	48.400312	13.607121
4.460000	27.377492	17.289814
4.465000	33.308797	11.233236
4.510000	48.775386	15.235551
4.510000	27.381373	13.133049
4.515000	33.357317	9.311743
4.560000	49.067779	14.195668
4.565000	33.382331	9.737330
4.570000	33.388526	9.421313
4.585000	49.227462	16.853280
4.610000	27.400691	10.167389
4.614999	33.417264	7.723359
4.660000	27.413193	9.860706
4.665000	33.401807	4.880323
4.709999	27.443139	4.212395
4.714999	33.381895	4.855614
4.755000	27.441770	4.858006
4.759999	27.442009	4.204579
4.765000	33.386071	4.863194
4.770000	33.396557	4.871835
4.810000	27.428629	4.902846
4.860000	27.407265	4.920289
4.860003	33.464953	4.933925
4.905000	33.485219	4.950399
4.910000	27.396695	4.975097
4.959999	27.456620	4.926173
4.960000	33.502523	4.929760
5.009999	33.506592	4.933084
5.010000	27.472799	4.261301
5.055000	27.534001	4.217882
5.060000	33.487220	4.856291
5.084999	27.575860	3.418624
5.105000	27.576009	4.186175
5.110000	33.505895	4.825084
5.155000	27.585162	4.187556
5.160000	33.495178	4.166234
5.205000	27.648916	4.786085
5.210000	33.520322	4.172948
5.215000	33.520754	4.147119
5.255000	27.622823	4.810149
5.260000	33.502289	4.125347
5.305000	27.696111	4.745107
5.310000	33.512215	4.768567
5.355000	27.685901	4.752805
5.360000	33.494864	4.740825
5.405000	27.683232	4.119033
5.440000	33.518091	4.768421
5.455000	27.689086	4.786773
5.504999	27.653957	4.891374
5.505001	33.550723	4.158735
5.545000	33.641797	4.871870
5.555000	33.861773	4.379842
5.555000	27.674182	4.965124
5.605000	27.687588	5.054008
5.630000	33.957430	4.427846
5.650000	27.727978	4.460728
5.655000	34.041493	4.441532
5.660000	34.107407	4.318760
5.699999	27.870778	5.182306
5.705000	34.245342	4.011832
5.750000	28.426597	4.891030
5.754999	34.443459	4.362380
5.800000	29.557476	4.236341
5.805000	34.720498	3.765897
5.850000	31.158563	3.477844
5.855000	35.154925	3.158370
5.899999	32.297886	3.383128
5.905000	36.568001	3.253098
5.950000	33.671261	3.323512
5.955000	38.061871	3.459754
6.000000	34.729402	3.909425
6.005000	39.450424	3.638403
6.050000	36.048584	3.188521
6.100000	41.945211	4.618005
6.100000	37.446293	2.851264
6.150000	38.677297	2.638603
6.200000	39.951660	2.368712
6.250000	41.290200	3.173052
6.265000	42.447884	2.776228
6.295000	43.662030	2.873454
6.300000	46.771914	3.345319
6.345000	44.517809	2.030984
6.350000	47.936385	2.687193
6.380000	45.257920	2.142795
6.395000	46.072483	2.358226
6.400000	49.104694	2.424730
6.445000	46.698104	2.011846
6.450000	50.223029	2.693864
6.475000	47.408634	3.057051
6.495000	48.458218	2.391328
6.500000	51.489222	2.566095
6.534999	52.606543	3.377953
6.545000	49.233416	3.292440
6.550000	53.883081	3.396056
6.595000	49.447332	3.952906
6.600000	54.362571	4.097731
6.645000	49.375987	4.584217
6.675000	55.762858	5.159207
6.690000	49.543459	4.081492
6.695000	55.707266	5.035242
6.695000	49.567561	5.290629
6.745000	49.703201	5.352451
6.794999	56.251809	3.839651
6.820000	56.435507	3.944407
6.845000	56.601859	2.843324
6.895000	56.916093	0.396954
6.945000	57.187219	0.421377
6.994999	57.170951	0.288869
7.045000	57.105815	0.133689
7.095000	56.909307	0.202768
7.145000	56.973753	0.127363
7.165000	57.040117	0.092793
