20.000000	41
0.050000	0.019452	0.340705
0.050000	0.296463	0.196584
0.080000	0.294696	0.238316
0.100000	0.461883	0.872364
0.150000	0.071787	1.255957
0.190000	0.656042	1.039738
0.199999	2.492938	1.615589
0.200000	1.806405	1.018703
0.250000	1.787050	0.806523
0.299999	1.339762	0.878601
0.324999	2.904058	1.477489
0.340000	0.964087	1.155478
0.350000	1.883678	0.818508
0.399999	1.061882	1.558893
0.400000	2.568354	1.351765
0.430000	2.716104	3.655168
0.444999	3.406332	3.705038
0.450000	0.348521	4.811109
0.494999	11.120176	9.160609
0.545000	0.791916	4.599620
0.565000	2.013503	3.951265
0.594999	2.890000	3.535694
0.595000	3.501170	1.389347
0.644999	3.883707	1.182961
0.645000	3.750113	1.841822
0.654999	4.703945	2.411057
0.695000	5.637073	2.078801
0.724999	7.631327	2.945233
0.744999	9.437828	3.770338
0.794999	5.644302	6.604632
0.794999	11.781538	4.806244
0.844999	14.466747	6.829407
0.894999	16.953001	8.464544
0.910000	5.128523	8.771291
0.944999	5.741781	7.915576
0.944999	18.842215	11.482473
0.994999	6.502748	5.108300
1.040000	6.984767	4.884080
1.090000	7.224742	5.211284
1.130000	7.544251	0.612971
1.140000	7.599902	0.417226
30.000000	63
0.050000	0.371034	0.455780
0.070000	0.429442	0.797630
0.095001	1.122977	0.768377
0.100000	0.604219	0.883568
0.145001	1.854189	1.226433
0.150000	0.073298	1.309778
0.195001	2.180869	1.341584
0.200000	0.581581	1.331183
0.245000	1.091936	1.078754
0.245001	2.326458	0.894336
0.250000	2.282060	0.866089
0.295001	2.340120	0.678644
0.300000	1.871454	0.409907
0.345001	2.145327	0.656926
0.350000	1.368406	0.824630
0.395001	2.162668	0.867593
0.399999	0.783799	1.086616
0.445001	2.511461	1.335099
0.450000	0.829474	1.325528
0.494999	0.810050	1.697378
0.495001	3.258456	1.819542
0.544999	1.011814	2.105942
0.545000	3.700601	2.011938
0.565000	4.731157	2.353804
0.595000	1.664118	2.755920
0.595000	5.516560	2.392079
0.644999	2.250357	3.107533
0.645001	5.714559	2.590065
0.695000	3.309962	3.146881
0.740000	7.508778	3.375405
0.745000	4.040241	3.532072
0.790000	8.739500	3.584757
0.794999	4.995921	3.825378
0.840001	10.080889	3.989106
0.844999	5.873912	4.470431
0.890000	11.315034	4.322329
0.895000	6.600891	5.048753
0.940000	13.817029	5.535166
0.944999	7.772160	5.128662
0.990000	14.640349	5.281889
0.994999	8.798629	4.332750
1.040000	15.461705	5.145267
1.044999	10.156259	3.304145
1.064999	11.254835	2.480162
1.090000	12.495760	2.038759
1.140000	13.110260	2.909425
1.144999	13.898154	2.547586
1.190000	15.100550	2.784229
1.190000	18.911999	3.994364
1.224999	15.566137	2.740280
1.235001	19.524997	3.260835
1.240000	15.620624	3.127641
1.240000	19.462999	2.679563
1.290000	15.929691	3.134742
1.290000	19.834082	2.757236
1.335001	20.173745	2.702057
1.340000	16.373975	2.713243
1.385001	20.459543	2.609660
1.390000	16.909667	2.528670
1.410000	17.137729	2.042288
1.435001	20.706806	3.024503
1.440000	17.502929	1.647686
1.489999	17.833558	1.717464
40.000000	84
0.050000	0.812690	0.573680
0.050000	0.315245	0.515111
0.055000	0.028405	0.702639
0.075001	1.165922	0.771680
0.095001	0.404552	0.521848
0.100000	0.607795	0.552640
0.145001	0.431499	0.615369
0.149999	1.333407	0.723360
0.194999	1.373539	0.736159
0.195001	0.435428	1.049848
0.220000	1.692297	0.787051
0.245000	2.264891	1.380091
0.245001	0.436193	1.292444
0.294999	1.662214	0.805032
0.295001	0.461770	1.331868
0.300000	2.332704	1.382599
0.344999	2.023583	1.063746
0.345001	0.564823	1.046768
0.395000	1.494962	0.782775
0.395001	0.713424	0.680932
0.444999	1.215286	0.598132
0.445001	0.426791	0.595575
0.490001	0.399441	0.519575
0.494999	0.889624	0.457243
0.495001	0.688359	0.415513
0.545000	1.128180	0.696445
0.545001	0.117318	1.006232
0.594999	1.257549	0.897514
0.595001	0.084041	1.435221
0.644999	1.799396	1.469229
0.645000	0.024007	2.007848
0.669999	2.719313	2.014301
0.694999	3.498843	2.312342
0.695001	0.439145	2.662925
0.740000	0.853292	2.332779
0.744999	3.886915	2.399067
0.790000	4.408419	2.896810
0.790001	1.249341	2.649133
0.840000	1.424439	2.634242
0.890000	6.081470	3.403493
0.890001	2.527567	3.539198
0.940000	3.356276	3.941648
0.940002	7.349993	3.062405
0.964999	8.505194	3.748273
0.990000	9.594301	3.861144
0.990001	4.336053	3.965805
1.040000	9.972014	3.293306
1.040001	5.529487	3.780108
1.090000	6.993607	2.894084
1.140000	8.419621	2.678287
1.140000	11.657760	3.510365
1.175001	9.890047	2.221945
1.189999	12.614298	2.185811
1.190000	11.340620	1.988890
1.240000	12.423861	1.875797
1.285001	13.651736	1.566451
1.289999	15.000189	1.993774
1.290000	14.733979	1.522308
1.335001	15.603102	1.341188
1.340000	16.252464	1.216632
1.385001	16.799069	1.408623
1.389999	17.606599	1.294856
1.415001	17.818682	1.383434
1.434999	18.853306	1.585117
1.435001	19.006910	1.348085
1.440003	20.156067	1.512460
1.484999	21.404811	1.744665
1.485000	19.668087	1.780977
1.534999	22.012575	1.471252
1.535001	20.376176	1.647724
1.584999	22.724521	1.702689
1.585000	21.312432	1.158803
1.610000	22.755542	1.260225
1.634999	22.915737	0.972132
1.635001	21.519836	1.332762
1.684999	23.236642	1.022211
1.685000	21.922805	1.210077
1.734999	23.527123	1.318095
1.735001	22.151706	1.191724
1.784999	23.735269	1.320412
1.785001	22.184836	1.281562
1.835000	23.852063	1.284775
1.835001	22.249530	1.362795
1.850000	23.877143	1.355686
50.000000	149
0.049999	0.192903	0.462965
0.050000	0.644962	0.383817
0.054999	0.848860	0.881939
0.075000	0.101407	1.212083
0.095000	0.863773	1.321348
0.100000	2.539516	1.681423
0.144999	1.295891	1.667433
0.150000	3.481335	1.774102
0.160000	4.247925	1.856899
0.194999	1.472561	2.871393
0.200000	4.803073	2.010150
0.244999	4.923781	2.036314
0.269999	5.306248	2.226277
0.294999	1.512332	3.435200
0.294999	5.768128	2.995002
0.344999	5.490915	2.777067
0.345000	1.468821	2.857979
0.394999	1.740563	2.986725
0.394999	5.190668	2.427573
0.444999	2.116222	2.367032
0.444999	5.075014	1.909365
0.494999	5.408759	1.477416
0.544999	4.118553	1.800766
0.544999	6.055554	1.124155
0.594999	5.526322	1.450024
0.594999	6.789504	1.708954
0.644999	7.332975	1.455805
0.644999	7.867279	1.868305
0.690000	9.396779	2.092421
0.694999	9.059324	1.947909
0.724999	11.069759	2.226575
0.740000	12.552737	2.313841
0.745000	10.475368	2.216545
0.790003	14.247290	2.469274
0.795000	11.795803	2.324554
0.804999	13.089474	2.252384
0.840000	15.674863	2.076345
0.840000	14.511373	2.283281
0.845000	16.537039	2.174439
0.889999	15.645212	2.026845
0.890000	18.402581	2.311035
0.940000	19.250179	2.126825
0.940000	17.048035	2.548483
0.990000	20.210132	1.714417
0.990000	18.707931	2.118341
1.040000	21.238779	2.126819
1.040000	20.574851	1.657786
1.064999	22.132510	1.660186
1.074999	22.174175	0.996077
1.089999	23.303620	1.379800
1.090000	22.592152	0.945528
1.140000	23.207679	1.101303
1.189999	24.206043	0.984337
1.190000	23.812177	1.350935
1.240000	25.319279	1.372226
1.240000	24.148155	1.775765
1.290000	26.372823	1.878857
1.290000	24.398932	2.363612
1.334999	27.672390	2.674580
1.340000	24.646707	3.012744
1.384999	28.634129	3.236485
1.390000	24.841150	3.542806
1.434999	29.777672	4.019383
1.439999	25.113721	3.159145
1.484999	30.172647	4.263662
1.484999	24.979707	4.220754
1.504999	24.889012	3.803669
1.520000	30.298697	3.822809
1.534999	30.326077	4.435373
1.534999	24.814791	3.930634
1.584999	30.491087	3.967324
1.584999	24.895825	4.023711
1.634999	24.954015	4.196583
1.684999	30.923807	4.900992
1.684999	24.915298	4.432701
1.734999	31.226655	5.130706
1.734999	24.943657	5.194402
1.784999	31.392564	5.281733
1.784999	24.968035	5.367827
1.834999	31.656541	5.539922
1.834999	24.876041	4.786757
1.880000	31.873928	5.768021
1.880000	24.710076	5.092436
1.884999	24.698277	5.240980
1.930000	32.191061	5.337043
1.935000	24.535619	5.499469
1.940000	32.255871	6.291239
1.980000	32.485360	5.647664
1.984999	24.495858	5.672422
2.014999	24.478732	5.684535
2.029999	32.802867	6.783069
2.034999	24.491533	6.007872
2.080000	24.522985	5.985663
2.080001	32.967253	6.880406
2.129999	33.189226	7.821169
2.130000	24.508243	6.138554
2.180000	24.644675	6.051221
2.210000	24.951967	4.844078
2.230000	33.394246	7.569904
2.230000	25.517014	4.585237
2.280000	25.979303	5.258560
2.330000	33.375764	5.718466
2.330000	26.537645	4.121588
2.380000	33.371514	5.247332
2.380000	27.633178	3.803670
2.430000	28.968623	2.957177
2.440000	29.973510	2.395456
2.479999	31.160344	2.073176
2.480000	33.393259	2.570982
2.530000	31.788062	1.351251
2.550000	32.485219	0.926408
2.574999	33.371175	0.757878
2.579999	33.091795	0.833037
2.625002	33.449934	0.565693
2.630000	33.636439	0.653609
2.634999	34.353973	0.873911
2.674999	33.503219	1.074900
2.680000	34.912699	1.145223
2.724999	33.565852	1.499236
2.725000	35.552009	1.564238
2.744999	36.223751	1.881687
2.750000	33.760653	2.481943
2.774999	37.123559	2.138098
2.824999	33.958038	2.946321
2.824999	37.797783	2.943013
2.874999	38.661452	3.066605
2.875000	33.796282	4.646053
2.880000	39.724797	3.731308
2.924999	41.189430	5.378154
2.974999	33.767009	6.483043
2.974999	42.154648	5.098083
3.024999	33.818623	9.139050
3.025000	43.318736	6.821294
3.075000	44.967116	7.605330
3.124999	46.576818	8.726106
3.164999	34.208012	9.325055
3.169999	35.283068	9.339032
3.174999	47.173175	8.739673
3.220000	35.066883	9.023189
3.224999	47.908377	9.100919
3.264999	48.340521	9.407808
3.270000	34.807081	9.508259
3.274999	48.443843	10.782781
3.290000	35.296846	7.589742
3.320000	35.979823	5.294713
3.370000	34.910324	5.607542
3.420000	33.959549	1.183540
3.470000	33.574626	1.389874
3.520000	33.673501	0.735148
