20.000000	42
0.049999	0.001765	0.439252
0.050000	0.027786	0.557798
0.100000	0.358883	0.430534
0.150000	0.673044	0.462157
0.150000	0.875072	0.429752
0.200000	0.928525	0.352262
0.200000	1.131060	0.504382
0.250000	0.754357	0.309336
0.300000	0.398850	0.412856
0.300000	0.401647	0.352363
0.345000	0.384857	0.218996
0.350000	0.117025	0.434953
0.395000	0.486565	0.666075
0.400000	0.122808	0.844183
0.435000	0.992433	0.830249
0.445000	1.942450	1.470468
0.450000	0.036187	1.194043
0.495000	1.727586	1.011646
0.495000	0.221862	1.241245
0.510000	1.086608	0.665745
0.545000	1.604818	0.642738
0.594999	1.371511	0.850963
0.595000	1.304710	0.745137
0.630000	1.976297	0.674868
0.645000	2.958114	1.399399
0.645000	1.237586	1.001466
0.694999	2.494208	0.840466
0.695000	1.422059	0.830310
0.745000	2.183134	0.818898
0.745000	1.530109	0.641426
0.794999	1.472787	0.673440
0.794999	0.949254	0.669338
0.845000	0.658169	0.529149
0.845000	0.344521	0.577830
0.895000	0.627218	0.281004
0.895000	0.389751	0.438335
0.920000	0.773822	0.420439
0.940000	1.086909	0.423523
0.944999	1.013293	0.440799
0.990000	1.516752	0.449591
0.995000	1.388035	0.266578
1.010000	1.579288	0.346814
30.000000	57
0.045000	0.019805	0.183498
0.050000	0.005575	0.397331
0.095000	0.179985	0.417215
0.100000	0.293948	0.387706
0.145000	0.725094	0.421210
0.150000	0.890009	0.423282
0.194999	0.729172	0.226948
0.200000	0.916288	0.347527
0.245000	0.487735	0.297766
0.250000	0.749744	0.325128
0.295000	0.252210	0.672113
0.300000	0.423754	0.494037
0.305000	1.178266	0.659373
0.345000	1.291151	0.802420
0.350000	0.369129	0.513654
0.395000	0.603206	0.409100
0.400000	0.457268	0.378932
0.445000	0.256573	0.584028
0.450000	0.540189	0.439155
0.470000	0.757194	0.454816
0.495000	1.498495	0.769791
0.500000	0.857074	0.444592
0.545000	1.299390	0.309976
0.545000	1.191638	0.313077
0.595000	1.454222	0.324113
0.595000	1.191396	0.446413
0.645000	1.740682	0.415768
0.690000	1.282025	0.676418
0.695000	2.088635	0.598821
0.725000	1.597449	0.578757
0.740000	2.603727	0.778957
0.745000	2.349800	0.419516
0.790000	1.861757	0.612808
0.794999	2.574874	0.392305
0.810000	2.088263	0.782868
0.835000	2.775430	0.815148
0.840000	2.280969	0.786508
0.845000	3.765004	1.592629
0.890000	1.585544	1.259356
0.895000	3.091883	0.989295
0.915000	1.759368	1.090065
0.940000	2.338597	0.538601
0.944999	2.705285	0.563913
0.990000	2.025441	0.621538
0.995000	2.533499	0.685783
1.020000	3.192743	1.095375
1.039999	1.768357	1.154544
1.045000	3.748457	1.598722
1.090000	1.511500	1.290978
1.095000	2.921899	1.272256
1.140000	1.762870	0.973197
1.190000	1.286097	0.782488
1.239999	1.622077	0.641622
1.280000	2.056899	0.550976
1.285000	1.173209	0.653682
1.290000	2.129307	0.592973
1.335000	1.649913	0.455596
40.000000	63
0.050000	0.606949	0.490370
0.050000	0.050141	0.695576
0.100000	1.157350	0.741927
0.100000	0.277689	0.468565
0.149999	0.639695	0.364866
0.150000	0.731137	0.291852
0.200000	0.493707	0.180736
0.250000	0.489701	0.165751
0.300000	0.758815	0.273133
0.300000	0.530401	0.398339
0.305000	0.389923	0.484755
0.349999	0.418399	0.481653
0.350000	1.460233	1.057206
0.395000	0.077230	0.670857
0.400000	0.665151	0.465762
0.445000	0.427911	0.461015
0.495000	0.400957	0.194457
0.495000	0.295242	0.220533
0.545000	0.318681	0.165747
0.545000	0.584292	0.326164
0.595000	0.090058	0.330274
0.645000	0.167801	0.634085
0.695000	0.403035	0.526985
0.745000	0.550328	0.672756
0.745000	1.584998	1.009231
0.795000	0.650831	0.936381
0.795000	1.670637	0.851901
0.810000	2.454052	1.454705
0.845000	0.809189	0.855468
0.895000	0.836279	0.963178
0.945000	0.794643	1.036660
0.955000	1.766927	0.684889
0.995000	2.012866	0.711793
0.995000	1.918476	0.541902
1.040000	1.719140	0.444049
1.040001	2.138574	0.657537
1.090000	1.302936	0.683928
1.140000	0.879120	1.010420
1.140000	2.402103	1.001090
1.185000	0.892629	1.042824
1.190000	2.034352	0.773349
1.190000	2.449566	0.865885
1.240000	1.484463	0.716395
1.240000	2.617701	0.906439
1.275000	1.479958	0.847896
1.290000	1.943820	0.678163
1.340000	1.381407	1.033153
1.340003	2.841601	1.360919
1.390000	1.073869	1.356601
1.390000	2.905624	1.605508
1.440000	1.055155	1.452742
1.440000	3.000069	1.850390
1.490000	0.385679	1.725157
1.490000	2.402702	1.734451
1.540000	0.581409	1.480327
1.590000	0.727660	1.043388
1.634999	0.018181	1.505744
1.640000	2.479899	1.778127
1.685000	0.608751	1.466861
1.735000	0.847776	1.529197
1.785000	2.745834	1.283890
1.804999	2.711543	1.405071
1.835000	2.730652	1.087170
50.000000	89
0.049999	0.004883	0.731297
0.050000	0.005740	0.654190
0.080000	0.399665	0.500349
0.100000	1.208432	0.866599
0.100000	0.337727	0.786300
0.150000	0.931432	0.466022
0.200000	1.557728	0.617601
0.200000	1.335994	0.632332
0.244999	1.118915	0.577261
0.250000	1.347477	0.606953
0.260000	2.404840	1.191205
0.295000	0.982141	0.850414
0.300000	2.276069	0.986369
0.344999	0.805117	1.009864
0.350000	1.658443	0.547885
0.365000	1.416266	0.554421
0.395000	1.318080	0.467201
0.395000	1.902482	0.447589
0.400000	2.069593	0.596068
0.445000	1.196654	0.562033
0.450000	1.706495	0.474265
0.495000	1.602279	0.549296
0.495001	0.754098	0.713441
0.545000	1.668325	0.554979
0.545000	0.769926	0.938023
0.570000	1.383073	0.582019
0.595000	2.011678	0.592181
0.645000	2.134202	0.655714
0.645000	1.852340	0.400897
0.679999	1.918486	0.331284
0.695000	2.249653	0.249491
0.695000	2.543015	0.487537
0.745000	2.233440	0.461135
0.795000	2.328973	0.679312
0.795000	1.967364	0.911480
0.805000	3.233768	1.038931
0.844999	3.654921	1.307930
0.845000	1.981993	0.983855
0.890000	2.089711	1.016187
0.895000	3.173098	0.823043
0.935000	2.089899	0.780143
0.939999	3.208520	0.689646
0.945000	2.917734	0.443343
0.990000	2.818012	0.397460
0.995000	2.873386	0.409089
1.040000	2.341255	0.566273
1.045000	2.975781	0.454073
1.080000	2.103240	0.865304
1.089999	3.129878	0.578567
1.090000	3.094194	0.598371
1.139999	3.125699	0.626964
1.140000	2.575359	0.544567
1.190000	2.155675	0.897865
1.200000	2.864453	0.429690
1.240000	3.375395	0.744213
1.240000	3.077080	0.554359
1.289999	2.480608	0.791469
1.290000	3.586691	0.808418
1.340000	3.572271	0.794314
1.340000	2.281541	1.089192
1.370000	2.756124	0.713673
1.390000	3.700223	0.852481
1.390000	3.494436	0.710016
1.440000	2.952027	0.555311
1.485000	2.784888	0.806688
1.490000	3.904926	0.852374
1.535000	2.804077	0.799923
1.540000	3.916431	0.811679
1.585000	3.001462	0.797813
1.590000	3.956831	0.757340
1.635000	3.144236	0.871398
1.640000	4.093956	0.929485
1.665000	4.677295	1.216310
1.685000	2.980551	1.468014
1.690000	5.314360	1.481709
1.735000	3.133910	1.392628
1.765000	4.801212	1.458968
1.784999	4.412588	1.572636
1.785000	2.885642	1.397850
1.835000	3.190908	1.411413
1.835000	1.511588	1.661976
1.885000	0.967285	1.931397
1.935000	3.286466	1.440973
1.935000	1.562530	1.593423
1.984999	3.747213	1.618151
1.985000	2.428413	1.008650
2.035000	4.088895	1.628114
2.035000	2.678861	0.893358
2.040000	2.671468	0.830307
