20.000000	42
0.050000	0.015457	0.191127
0.050001	0.154879	0.510822
0.095000	0.313586	0.427619
0.100000	0.051083	0.850167
0.145001	1.149041	0.782250
0.150000	0.496154	0.938074
0.195001	1.739914	0.953992
0.200000	1.083903	0.981525
0.245001	2.148373	1.099965
0.250000	1.400501	1.154607
0.265001	3.024771	1.252225
0.295001	3.527646	1.569408
0.300001	1.647398	1.067778
0.345001	2.733107	1.026171
0.345001	1.544820	0.976150
0.395001	1.249706	0.696827
0.445001	1.832811	0.736395
0.445001	1.105457	0.592529
0.495001	0.922815	0.686496
0.545001	1.018535	0.869840
0.595001	2.255560	1.039830
0.595001	1.194809	0.931096
0.645000	2.534670	1.017516
0.645001	1.446117	0.945141
0.690001	2.648428	0.950915
0.695001	1.616877	1.071961
0.740000	2.853860	0.947482
0.745001	1.783766	1.111505
0.760000	3.461063	1.329752
0.790000	3.418189	1.250129
0.795001	1.869840	0.944742
0.840000	2.239360	1.020481
0.845001	1.806278	0.893074
0.890000	1.342724	0.730023
0.895001	0.743355	0.831687
0.940000	0.999467	0.543728
0.940001	0.149477	0.715341
0.990001	0.673680	0.395261
1.040000	0.666510	0.423972
1.090000	0.320210	0.270974
1.140000	0.020524	0.498090
1.190000	0.262705	0.273872
30.000000	66
0.045001	0.144100	0.112360
0.049999	0.050469	0.237715
0.095000	0.020649	0.744103
0.100000	0.261859	0.621704
0.120000	0.464825	0.782906
0.145001	1.600788	1.014152
0.149999	0.868845	0.854096
0.195000	1.811608	0.798397
0.199999	1.496599	0.656362
0.220000	2.292430	0.748298
0.245001	2.675977	0.839573
0.249999	1.734130	0.496284
0.295001	2.193651	0.443851
0.299999	1.768008	0.427316
0.344999	1.835548	0.415887
0.345001	1.546304	0.387272
0.395000	1.580525	0.472727
0.395001	0.971841	0.584902
0.444999	1.416581	0.566693
0.445001	0.662867	0.716768
0.495000	1.531227	0.792097
0.495001	0.365809	0.957350
0.545000	1.519956	0.852130
0.545001	0.379674	0.864084
0.595000	1.637146	0.917660
0.595001	0.532031	1.001163
0.640000	0.878570	0.905463
0.645000	1.848385	0.698585
0.645001	1.925084	0.728751
0.690000	2.271058	0.635331
0.695000	2.008521	0.167699
0.740000	2.059742	0.166943
0.745000	2.004749	0.368813
0.790001	1.754417	0.512922
0.795000	2.134311	0.645168
0.815000	2.818830	1.002327
0.840000	1.470197	1.112056
0.845000	3.326440	1.454396
0.890000	1.519905	1.062211
0.895000	2.747407	1.145808
0.940000	1.334383	1.087479
0.989999	2.044628	0.595913
0.990000	1.364143	0.775968
1.039999	2.103143	0.564994
1.040000	1.419721	0.590434
1.089999	2.192507	0.571788
1.090000	1.555678	0.522027
1.140000	2.204149	0.523264
1.140001	1.678120	0.383727
1.189999	2.245469	0.662221
1.190000	1.631050	0.564720
1.215000	1.733669	0.783622
1.239999	1.153515	0.734724
1.240000	0.647834	0.676441
1.285001	0.357727	0.731403
1.289999	0.383487	0.557044
1.335000	1.083643	0.684926
1.339999	0.090465	0.709027
1.385002	1.172296	0.697105
1.389999	0.300460	0.597477
1.435001	0.901737	0.442422
1.439999	0.641262	0.315214
1.450000	0.797071	0.258751
1.484999	0.953918	0.240106
1.485001	0.551046	0.323237
1.489999	0.983428	0.272369
40.000000	79
0.050000	0.187521	0.464136
0.099999	0.004262	0.553478
0.100000	0.739895	0.520094
0.149999	0.742108	0.542619
0.150000	0.330134	0.533955
0.199999	0.158251	0.901264
0.199999	1.377726	0.771427
0.224999	0.704079	0.709626
0.249999	1.700933	0.840465
0.250000	1.531864	0.634761
0.299999	1.375574	0.538380
0.300000	0.909860	0.623579
0.344999	0.405524	0.804302
0.345000	1.382049	0.804364
0.394999	0.118525	0.807240
0.394999	1.023135	0.537074
0.444999	0.392053	0.936239
0.445000	0.962092	0.726215
0.490000	1.012252	0.673347
0.495000	2.151739	1.563051
0.514999	0.121687	1.206991
0.545000	1.503735	1.002074
0.594999	0.076269	1.242955
0.595000	1.220932	0.861776
0.644999	0.347984	0.883607
0.645000	1.316528	0.934909
0.694999	0.178723	0.939797
0.695000	1.591453	1.000087
0.740000	0.138099	1.324616
0.744999	1.123394	0.813371
0.745000	1.819747	0.984120
0.795000	1.934291	1.300502
0.844999	0.260444	1.356399
0.845000	1.857706	0.978025
0.895000	0.078697	1.491379
0.895000	1.834216	1.378161
0.939999	1.981052	1.323726
0.944999	0.021011	1.714101
0.989999	0.244394	1.970288
0.990000	1.987311	1.433420
1.019999	2.586127	2.043994
1.039999	3.273803	2.292481
1.040002	0.140591	2.269511
1.089999	0.097791	2.176462
1.089999	2.705055	1.814074
1.139999	2.402828	1.792284
1.140000	0.271575	1.633225
1.189999	2.519983	1.430972
1.190000	0.354538	1.633881
1.220000	0.940943	1.240142
1.239999	2.503820	1.245260
1.240000	1.825110	0.989402
1.289999	2.589607	1.238785
1.290000	1.171991	1.219241
1.340000	0.617839	2.009615
1.340000	2.579133	1.129208
1.385000	2.728330	1.526209
1.390000	3.823775	2.095370
1.439999	3.081561	1.217472
1.440000	0.329894	2.723387
1.470000	3.076629	1.616461
1.489999	3.708975	2.225897
1.490000	0.412963	2.021101
1.539999	2.793964	1.582000
1.560000	1.297533	1.257834
1.584999	0.715869	0.951996
1.585000	1.425662	0.831530
1.634999	0.748626	0.622141
1.635000	0.286525	0.910263
1.669999	1.438789	0.791051
1.684999	1.682299	1.091960
1.685000	0.295147	1.302284
1.735000	2.202428	1.448541
1.735000	0.239973	1.381433
1.784999	2.112487	1.484488
1.785000	0.143569	1.366106
1.834999	1.654171	1.111261
1.835000	0.589850	0.968839
1.885000	0.912692	0.644352
50.000000	93
0.050000	0.271647	0.255373
0.050000	0.445936	0.273656
0.100000	0.114227	0.316990
0.100000	0.646466	0.429911
0.114999	0.101071	0.644785
0.150000	0.404311	0.544718
0.150000	1.183931	0.592859
0.200000	1.002951	0.465857
0.200000	1.165484	0.335934
0.245000	1.264756	0.297542
0.250000	0.951298	0.192122
0.294999	1.042040	0.322567
0.300000	0.718496	0.433401
0.344999	0.840685	0.360519
0.350000	0.404861	0.668627
0.355000	1.464448	0.767950
0.394999	0.475842	0.733330
0.399999	1.332385	0.671434
0.429999	0.774915	0.597022
0.444999	1.610761	1.055990
0.450001	0.492583	0.629571
0.494999	0.078794	0.937716
0.544999	0.596233	0.793149
0.544999	0.091468	0.934832
0.554999	1.494857	1.078704
0.594999	1.781326	1.237387
0.595000	0.041420	1.239193
0.644999	1.564223	0.851274
0.645000	0.450828	0.845142
0.694999	1.300305	0.680832
0.694999	0.747015	0.521588
0.744999	0.997421	0.365525
0.794999	1.385589	0.358417
0.795000	1.063502	0.286092
0.844999	1.437197	0.347788
0.845000	1.071504	0.270634
0.890000	1.441801	0.352811
0.894999	0.930964	0.386075
0.940000	1.295427	0.283740
0.944999	1.012590	0.507380
0.990000	1.397709	0.429741
0.994999	0.861617	0.820205
1.000000	2.062643	0.773284
1.040000	1.441327	0.470098
1.044999	2.188083	0.726329
1.090000	1.616743	0.443328
1.094999	1.557669	0.553285
1.114999	1.858574	0.583767
1.140000	2.365901	0.597169
1.165000	2.381387	0.524391
1.190000	2.979459	0.952394
1.190000	1.826355	0.651149
1.240000	2.560499	0.684386
1.240000	1.584247	0.723837
1.290000	1.693807	0.585361
1.339999	1.960911	0.640474
1.340000	1.761620	0.729735
1.350000	2.788896	0.731027
1.390000	3.039448	0.775103
1.424999	2.418250	0.450235
1.439999	2.531653	0.334874
1.484999	2.719918	0.581085
1.490000	2.020789	0.448040
1.534999	2.332839	0.439988
1.539999	1.643441	0.677875
1.584999	2.259393	0.443844
1.590000	1.705035	0.584872
1.634999	2.416378	0.548193
1.639999	1.620406	1.020037
1.650000	2.618287	0.677862
1.685000	2.390515	0.594556
1.690000	3.519084	1.163838
1.690000	2.770267	0.717053
1.734999	2.150761	0.903215
1.735000	3.582347	1.411410
1.784999	1.624102	1.091467
1.834999	2.655131	0.789552
1.834999	1.450425	1.182280
1.844999	2.417087	0.594312
1.884999	2.420128	0.679844
1.924999	2.147118	0.791225
1.934999	1.764078	0.899476
1.934999	1.292017	0.947004
1.984999	0.648617	0.880750
1.985000	0.220152	0.868132
2.034999	0.030522	0.942160
2.035000	1.078703	0.799187
2.084999	0.039415	0.781861
2.084999	1.519772	1.073295
2.115000	0.346057	0.802821
2.130000	0.558535	0.684671
2.134999	1.440198	0.720467
2.180000	1.131190	0.588743
