20.000000	117
0.049999	0.000521	0.222929
0.049999	0.016653	0.676155
0.079999	0.288359	0.814491
0.095000	0.257390	0.810775
0.099999	1.319228	0.839393
0.145000	1.736342	0.921987
0.145000	0.967632	0.716513
0.195000	1.526567	0.525905
0.215000	1.822971	0.519953
0.219999	1.871711	0.522466
0.244999	2.552759	0.750034
0.245001	2.333044	0.475027
0.294999	2.021077	0.348810
0.295000	1.555334	0.668021
0.324999	1.971841	0.375833
0.325000	1.691910	0.755289
0.345000	2.373117	0.914357
0.394999	2.521159	1.181543
0.409999	3.129169	1.058701
0.445000	4.141994	1.372461
0.494999	4.611175	1.620024
0.495000	2.424945	2.241110
0.545000	5.304607	1.899324
0.545000	2.687177	2.756409
0.595000	6.106035	2.511478
0.645000	7.311191	2.574588
0.645000	4.063837	3.060989
0.695000	8.624141	2.445515
0.715000	6.510209	2.795112
0.740000	7.645138	2.396077
0.745000	9.887083	1.917852
0.789999	11.315367	2.886638
0.789999	8.582146	2.111645
0.829999	9.338025	1.517519
0.839999	11.440158	1.575591
0.889999	11.404088	1.550007
0.890000	9.927010	1.362788
0.914999	11.405007	0.784890
0.939999	11.393768	0.778523
0.989999	11.337333	0.913077
0.990000	10.177856	1.082629
1.039999	11.335849	0.707310
1.039999	10.048501	1.185145
1.044999	11.338075	0.911693
1.089999	11.348207	0.784904
1.139999	11.367627	0.796111
1.139999	9.932010	1.435534
1.189999	11.379247	0.591000
1.240000	11.384287	0.592945
1.289999	11.387106	0.594329
1.340000	11.378154	0.031073
1.345000	11.377314	0.038402
1.385000	11.344561	0.031446
1.434999	11.310736	0.044162
1.485000	11.320765	0.029669
1.535000	11.330022	0.017056
1.585000	11.344010	0.018078
1.634999	11.348883	0.026529
1.685000	11.352932	0.040461
1.735000	11.340224	0.051318
1.785000	11.294467	0.056733
1.800001	11.277952	0.057981
1.835000	11.242352	0.051077
1.885000	11.205867	0.058538
1.935000	11.215225	0.059099
1.985000	11.237503	0.074835
2.029999	11.277242	0.082914
2.080000	11.324108	0.076912
2.130000	11.389164	0.081755
2.179999	11.403756	0.067522
2.230000	11.382111	0.039116
2.235000	11.380170	0.030577
2.279999	11.342371	0.048737
2.330000	11.321162	0.074596
2.379999	11.372549	0.051855
2.429999	11.420570	0.058251
2.479999	11.436133	0.054669
2.529999	11.451132	0.040017
2.579999	11.450231	0.037471
2.625000	11.434002	0.044335
2.675000	11.406641	0.046456
2.725000	11.378249	0.045073
2.775000	11.348124	0.046445
2.799999	11.342687	0.035212
2.825000	11.347899	0.020067
2.875000	11.382851	0.039659
2.925000	11.363046	0.022409
2.975000	11.343831	0.029188
3.025000	11.323850	0.064363
3.075000	11.371482	0.067003
3.089999	11.388991	0.101365
3.124999	11.437545	0.118977
3.175000	11.509906	0.120377
3.224999	11.584138	0.122917
3.269999	11.633911	0.107587
3.289999	11.674342	0.086499
3.319999	11.706429	0.062644
3.369999	11.712281	0.048849
3.400000	11.749263	0.065871
3.419999	11.727245	0.044592
3.465000	11.640795	0.083024
3.469999	11.678784	0.063671
3.520000	11.696156	0.059653
3.569999	11.752598	0.062665
3.619999	11.777854	0.054692
3.669999	11.780757	0.041338
3.719999	11.784164	0.030803
3.769999	11.805632	0.038979
3.819999	11.821546	0.041897
3.865000	11.836954	0.036189
3.915000	11.883288	0.061582
3.965000	11.877831	0.116576
4.015000	11.831058	0.139086
4.065000	11.793807	0.135007
4.115000	11.618170	0.172058
4.165000	11.577268	0.174420
4.195000	11.670641	0.094236
30.000000	133
0.050000	0.077093	0.144850
0.050000	0.006618	0.615673
0.080000	0.224924	0.647412
0.100000	0.267155	1.018546
0.100000	1.188020	0.893590
0.119999	1.272236	0.777160
0.149999	2.331290	1.117168
0.150000	1.740834	0.530425
0.200000	1.682781	0.603689
0.244999	2.504113	0.693442
0.245001	1.263014	0.885786
0.250000	2.544973	0.754755
0.294999	2.267205	0.768648
0.300000	1.596234	0.870297
0.344999	2.316482	0.921411
0.350000	0.870564	1.633725
0.364999	3.023751	1.467087
0.390000	0.927350	1.684453
0.394999	3.479592	1.767221
0.400000	1.957393	0.924478
0.444999	2.694145	0.926097
0.450000	1.971066	0.710102
0.494999	2.221530	0.484810
0.500000	2.350007	0.433163
0.545000	2.114086	0.937276
0.550000	3.234608	0.976689
0.594999	2.254761	1.551320
0.595001	4.090928	1.631380
0.645000	2.251894	2.364648
0.645001	5.429516	2.589420
0.694999	2.423043	3.115199
0.695001	6.619386	3.276323
0.744999	2.635284	2.972048
0.745001	7.782373	3.877720
0.750000	3.606076	4.267360
0.794999	3.990869	3.842291
0.795001	9.137309	4.002762
0.805001	10.751398	5.757652
0.840000	3.825190	5.957548
0.845001	11.665653	5.659462
0.890000	3.628938	6.917937
0.895001	12.498393	6.831302
0.940000	4.037181	6.060922
0.945001	13.270334	7.044179
0.950000	5.202713	5.818857
0.990000	5.998478	5.920533
0.995000	14.246487	6.714240
1.040000	6.232060	4.980080
1.045001	15.211091	6.980570
1.070000	6.860537	6.028413
1.090000	7.795404	5.994849
1.095000	16.315751	6.747742
1.140000	8.620236	5.855701
1.145001	16.962857	6.735041
1.189999	9.221050	6.284222
1.195001	17.151195	6.551326
1.240000	9.338330	5.489427
1.240000	17.184493	6.381028
1.270000	9.355211	6.376307
1.289999	9.566928	5.377527
1.290000	17.165348	6.114545
1.340000	17.154276	6.105510
1.350000	9.847239	5.176246
1.389999	9.951713	5.902469
1.390000	17.174763	5.115226
1.440000	10.024903	5.865968
1.440000	17.227197	4.180393
1.490000	17.241510	2.955536
1.540001	17.190628	2.946265
1.590000	17.017172	0.319608
1.640000	16.717923	0.326287
1.690000	16.499408	0.393749
1.740000	16.655591	0.173487
1.765001	16.717128	0.095360
1.790000	16.754004	0.118852
1.835001	16.745569	0.051171
1.885001	16.682441	0.064572
1.935001	16.693198	0.070947
1.985001	16.742950	0.051072
2.035000	16.786991	0.062298
2.085001	16.804431	0.056843
2.135000	16.804488	0.057456
2.185001	16.818750	0.083857
2.235000	16.856629	0.089900
2.285001	16.917589	0.086682
2.335001	16.990712	0.108511
2.340000	16.997766	0.092510
2.385001	17.001433	0.099314
2.435001	16.858097	0.246527
2.480000	16.924077	0.280649
2.530000	17.161095	0.244926
2.580000	17.317284	0.274513
2.630000	17.420086	0.236616
2.680000	17.469291	0.144346
2.730000	17.486430	0.082537
2.745001	17.493769	0.061220
2.780000	17.529371	0.062324
2.830000	17.561738	0.082941
2.880004	17.596326	0.102527
2.930000	17.634510	0.116380
2.980001	17.714854	0.157426
3.010000	17.773433	0.233411
3.030001	17.828681	0.301553
3.075000	18.012109	0.334317
3.125001	18.234701	0.390151
3.175000	18.370341	0.414757
3.225001	18.572251	0.377969
3.275000	18.829513	0.349997
3.325001	18.953788	0.298738
3.340000	18.992895	0.191868
3.375001	19.078560	0.132869
3.425001	19.083954	0.139503
3.475001	19.002097	0.132616
3.525001	18.955602	0.124271
3.575001	18.822558	0.156500
3.625001	18.760243	0.187393
3.675001	18.900480	0.081146
3.720000	18.959432	0.140391
3.770000	18.985659	0.208406
3.820000	18.899732	0.152463
3.870000	18.731133	0.186808
3.920000	18.625554	0.314832
3.970000	18.741867	0.274012
4.020000	18.960896	0.427519
4.070000	19.128281	0.779641
4.120000	19.205161	0.930569
4.170000	19.852936	0.832461
4.220000	20.767163	0.999150
4.270000	20.639062	0.719883
4.315001	20.834606	0.524038
4.365001	20.852342	0.362235
4.415001	21.218016	0.423648
4.465001	21.537394	0.595877
40.000000	137
0.044999	0.000224	0.740983
0.075001	0.013582	0.661470
0.095000	0.333608	0.937483
0.110000	1.239516	0.953052
0.125001	0.393923	1.103400
0.144999	2.165683	1.189743
0.175001	1.106818	0.993407
0.185000	2.065530	0.849636
0.195000	2.074669	0.514081
0.225001	2.661892	1.158537
0.244999	1.563405	0.633365
0.275001	1.889330	0.615753
0.295000	0.892432	1.024169
0.325001	1.202454	0.625765
0.330000	2.157427	1.010619
0.345000	0.743390	0.798976
0.375001	1.929488	0.790865
0.394999	0.935714	0.912341
0.425001	1.135690	0.654395
0.445000	1.545120	0.912709
0.464999	2.372960	1.193131
0.470000	0.919079	1.625796
0.494999	3.343518	1.736305
0.520001	1.275788	1.757817
0.544999	3.621208	1.806215
0.570000	1.424721	2.114993
0.584999	3.997885	1.743345
0.590000	2.306518	1.829820
0.594999	4.728040	1.959838
0.620000	3.180084	1.458778
0.640000	5.151839	1.875819
0.670000	2.950059	1.546903
0.690000	5.416015	1.856800
0.695001	3.144031	1.671636
0.720000	3.370684	1.988746
0.740000	5.852855	2.451466
0.770000	2.761556	2.950230
0.790000	6.946545	3.361152
0.820000	2.444616	3.206249
0.840000	7.714850	3.921857
0.845001	3.018525	3.476539
0.870000	3.706181	3.756204
0.890000	8.837404	4.420370
0.920000	3.628073	4.610699
0.940001	10.045346	5.334808
0.970000	3.622730	5.689681
0.989999	11.299781	6.372092
1.020000	3.328807	6.500023
1.040000	11.793925	6.728716
1.065001	3.523219	6.685729
1.089999	11.876968	6.716799
1.115001	3.758292	6.595355
1.140000	11.856056	6.524355
1.165001	4.008302	6.393214
1.190000	11.809155	5.534113
1.215001	4.187719	6.236903
1.240000	11.804965	5.343125
1.260000	11.823841	5.098270
1.265001	4.560730	5.963218
1.284999	11.869530	4.060665
1.315001	5.123964	5.532106
1.334999	11.926403	4.812884
1.340000	11.927063	4.359293
1.365001	5.725313	5.077354
1.384999	11.918838	3.787719
1.415001	6.516576	4.462143
1.435000	11.923253	4.103250
1.465001	7.613428	3.582615
1.485000	11.988796	3.608141
1.515001	8.076900	3.195241
1.534999	12.010919	3.157326
1.565000	8.285375	3.045398
1.584999	12.004397	2.592678
1.615000	8.676611	2.739318
1.634999	12.030243	2.373351
1.645000	12.029684	2.100388
1.665001	9.110655	2.366632
1.684999	11.995355	1.791505
1.710000	9.440450	2.079606
1.734999	11.928863	1.869219
1.760001	9.897477	1.691484
1.784999	11.931847	1.604249
1.810000	10.286175	1.367260
1.834999	11.932293	1.420072
1.860000	10.386623	1.371489
1.880000	12.000483	1.460661
1.910000	10.242414	1.703254
1.930000	12.354785	1.831094
1.960001	9.991301	2.231748
1.980000	12.871859	2.317841
2.010001	9.945902	2.675931
2.029999	13.440735	2.796731
2.060000	10.066415	3.038106
2.080000	13.991794	3.218202
2.110000	10.153722	3.457739
2.129999	14.615396	3.660668
2.160001	10.126596	3.983605
2.180000	15.280672	3.640071
2.210000	10.276918	4.287285
2.229999	15.917775	4.540064
2.234999	16.155041	4.098893
2.240001	10.452209	4.378418
2.260000	10.628025	4.253684
2.280000	17.691977	5.770761
2.305001	10.842985	5.750845
2.315000	10.866961	5.731963
2.330000	18.974464	5.887330
2.340000	20.073594	7.550279
2.355001	10.882635	8.226129
2.380000	21.763872	6.455826
2.405001	10.933834	9.084657
2.430000	22.615475	8.327435
2.440000	23.499389	8.848989
2.455001	11.000635	10.890582
2.480000	24.970402	9.627841
2.505001	11.261806	11.548343
2.524999	26.009906	11.584307
2.555001	12.152375	11.702850
2.574999	26.886577	11.904958
2.605000	13.028690	11.781500
2.624999	27.860635	12.259741
2.655001	12.908751	12.676756
2.675000	28.887458	12.797729
2.705000	13.386195	13.095722
2.725000	29.929356	13.447786
2.755001	13.608634	13.650979
2.774999	30.857182	13.874796
2.805001	14.011816	13.814406
2.825000	31.512895	12.360242
2.855001	14.509249	15.209256
2.874999	31.366780	9.879351
2.914999	31.035507	6.754073
2.925000	31.062465	6.764191
2.974999	31.245740	0.257696
3.019999	31.488519	0.308665
3.024999	31.518828	0.275677
3.075000	31.661052	0.272323
50.000000	160
0.045000	0.438387	0.280159
0.050000	0.060953	0.705040
0.064999	0.447417	0.397910
0.095001	0.743229	0.548184
0.100000	1.170465	0.819537
0.145000	0.268749	0.908430
0.150000	1.608931	1.068762
0.195000	0.127315	1.168567
0.199999	1.705844	1.245682
0.245000	0.226483	1.116533
0.250000	1.672747	1.096107
0.295000	0.107609	1.322657
0.299999	1.351012	1.003347
0.320000	2.090361	1.362256
0.345001	0.139921	1.490398
0.350000	2.405871	1.512241
0.395000	0.484640	1.230072
0.399999	1.813945	1.269768
0.445001	0.580238	1.037716
0.450000	1.440655	0.824414
0.495001	0.055338	1.439188
0.500000	1.342589	0.967919
0.540000	2.036979	1.033478
0.545000	1.302866	1.181682
0.550000	3.042484	1.138039
0.595001	2.343282	0.762830
0.600000	2.776865	1.244023
0.640001	3.575784	1.072122
0.645000	2.688576	1.996880
0.690001	5.268506	2.321190
0.695000	2.679967	2.978847
0.715000	6.732695	3.002593
0.740001	8.053025	3.723049
0.744999	3.346092	4.478594
0.790001	9.173531	4.248732
0.794999	3.428173	5.485581
0.840001	10.578869	5.845363
0.844999	3.503080	6.536423
0.890001	12.088797	6.958965
0.894999	3.705553	7.487318
0.940000	13.521415	7.992772
0.944999	3.889336	8.417209
0.990001	14.769569	8.829271
0.994999	4.023994	9.268407
1.040000	15.999536	9.635635
1.044999	4.357744	9.837216
1.090001	16.916188	10.154543
1.095000	4.636534	10.177166
1.140001	17.728752	10.562672
1.144999	4.979905	8.816980
1.190001	17.672590	10.307782
1.194999	5.237409	10.237713
1.239999	5.351871	8.797633
1.240001	17.821586	8.783633
1.285000	17.876883	10.098966
1.290000	5.614209	10.015082
1.335000	17.934186	7.048866
1.339999	5.838488	9.831889
1.360001	17.882751	8.513298
1.385000	17.821521	8.379039
1.390000	6.082862	9.526467
1.435001	17.703063	8.263993
1.440000	5.996541	8.279169
1.485000	17.589021	9.460580
1.490000	5.971466	8.222141
1.499999	5.959298	8.143974
1.535000	17.505017	9.411886
1.540000	5.962547	8.040857
1.585000	17.334282	9.266157
1.590000	6.019793	9.200879
1.635000	17.160045	7.895062
1.640000	6.003521	9.156630
1.665001	17.150842	7.880165
1.685000	17.226087	7.962508
1.690000	5.997520	9.181479
1.735000	17.279922	8.072157
1.740000	5.896056	9.312967
1.785000	17.311985	9.464701
1.790000	5.701807	9.511548
1.835000	17.387559	9.761778
1.840000	5.297829	9.841653
1.880001	17.415501	10.067946
1.884999	4.858617	10.224963
1.930001	17.275025	8.765310
1.935000	4.514462	10.626288
1.960001	17.435220	9.128677
1.980000	17.972314	9.670607
1.984999	4.267393	11.494017
2.030001	18.518629	10.172972
2.035000	4.147988	12.315049
2.080000	19.376496	12.490596
2.084999	4.057823	13.256558
2.130001	20.893295	13.811911
2.134999	3.942794	14.415566
2.180001	22.146128	14.894377
2.185001	3.876094	15.555919
2.230001	23.690036	16.202288
2.234999	3.849700	16.685411
2.280001	24.755345	17.111593
2.284999	3.805834	17.844530
2.330001	26.321256	18.436917
2.334999	3.746258	18.967094
2.380001	27.666894	19.551568
2.384999	3.656061	16.980916
2.430001	28.951081	20.598029
2.434999	3.749204	21.100069
2.479999	3.807744	18.663531
2.480001	30.208199	18.734827
2.525000	31.389690	22.607148
2.530000	3.755686	19.583504
2.575000	32.695843	20.634240
2.580000	3.550896	20.570960
2.624999	3.394026	21.554973
2.625001	33.781928	24.578871
2.630000	4.311227	21.775770
2.675000	35.090766	25.749547
2.680000	3.516921	26.308353
2.725001	36.360444	26.883769
2.730000	3.060489	27.709469
2.775001	37.581005	28.157722
2.780000	2.915207	28.622212
2.825001	38.839910	29.299521
2.830000	2.935319	29.175842
2.875000	39.032777	29.477843
2.880000	2.933663	29.532830
2.925000	39.196706	29.634520
2.930003	2.936462	29.668646
2.975001	39.344037	29.773371
2.980000	2.803322	25.844337
3.025000	39.516413	33.410496
3.030000	2.844454	21.123656
3.080000	2.879718	14.962129
3.125000	3.122539	14.872637
3.174999	2.497181	0.442739
3.224999	2.024081	0.862098
3.274999	2.161343	1.032695
3.324999	2.923199	0.804886
3.374999	3.236302	0.810308
3.424999	4.060625	1.019136
3.474999	3.884943	0.563017
3.524999	3.577338	0.288606
3.549999	3.438625	0.322756
3.575000	3.403739	0.224665
3.624999	3.500601	0.071675
3.674999	3.559653	0.121363
3.720000	3.482766	0.060137
3.770000	3.411678	0.099998
3.820000	3.425038	0.106735
3.870000	3.511705	0.066857
3.920000	3.533977	0.089603
3.950000	3.590396	0.123310
3.969999	3.553858	0.077305
4.020000	3.402552	0.201225
4.045000	3.456632	0.202777
4.069999	3.555526	0.180235
4.120000	3.778279	0.222462
4.170000	3.777885	0.164103
4.220000	3.805852	0.115793
4.270000	3.822214	0.036539
4.320000	3.856524	0.057529
