20.000000	91
0.049999	0.010732	0.035361
0.050000	0.017805	0.135710
0.050000	0.001682	0.715268
0.050001	0.070892	0.632816
0.054999	0.283400	0.558383
0.094999	1.574434	1.359191
0.099999	0.363662	0.642728
0.100001	0.333151	1.017488
0.100001	0.279558	1.334404
0.110002	1.318894	0.891974
0.144999	2.254856	1.257136
0.150000	2.283338	1.016727
0.150000	1.262739	1.106753
0.194999	2.092198	0.638244
0.195000	1.861262	0.757697
0.199999	3.330132	1.548561
0.200000	2.419808	0.671463
0.200000	1.240485	1.254929
0.215001	2.221639	0.821782
0.240000	2.584452	0.739184
0.244999	1.973542	0.834225
0.245001	3.497599	1.148481
0.250000	2.910518	0.637303
0.294999	1.920811	0.924567
0.295001	2.951276	0.565018
0.299999	2.554374	0.407448
0.300000	2.364799	0.445293
0.314999	2.723250	0.416545
0.345000	3.050207	0.736206
0.345001	2.484914	0.373124
0.345001	1.905722	0.829847
0.349999	2.155747	0.572488
0.355000	2.511839	0.545454
0.365000	3.083991	0.775761
0.394999	2.239977	0.643100
0.395001	3.454680	1.168215
0.395001	2.655338	0.629074
0.400000	2.039807	0.755358
0.445000	1.709493	1.004481
0.445001	2.980430	0.831731
0.445001	2.133081	0.472067
0.449999	2.167513	0.486189
0.460000	2.572889	0.484922
0.495000	1.646933	0.774549
0.495000	2.500897	0.503915
0.495001	2.729306	0.641720
0.499999	2.224889	0.407441
0.544999	1.759517	0.681112
0.545000	2.562777	0.483884
0.545001	2.199211	0.301583
0.545001	2.247593	0.364913
0.594999	1.941316	0.518630
0.595000	2.587404	0.465096
0.595000	2.747386	0.562552
0.595001	1.953691	0.976258
0.620000	3.019956	0.676348
0.645000	2.228338	0.807412
0.645001	3.817672	1.265901
0.665001	2.731237	0.569983
0.690000	2.629697	0.608396
0.695000	3.195859	0.437437
0.695001	3.185654	0.424867
0.740000	2.722214	0.386544
0.745000	3.220300	0.524048
0.745001	2.592857	0.394757
0.790000	2.293264	0.495085
0.795000	2.839786	0.394615
0.795001	2.443050	0.487584
0.795001	2.421251	0.527377
0.805000	2.527848	0.752633
0.840000	1.340105	0.846115
0.845000	1.876742	0.596788
0.845001	1.324433	0.614159
0.845001	1.799600	0.597554
0.890000	0.972566	0.545280
0.890000	0.924362	0.438510
0.894999	1.300072	0.364674
0.895001	1.194088	0.241862
0.940000	0.817523	0.286762
0.945000	1.063663	0.159608
0.945001	0.950951	0.218970
0.990000	0.987629	0.217236
0.994999	1.093288	0.190618
1.040000	1.371022	0.288929
1.040001	1.285846	0.240548
1.045000	1.360672	0.228200
1.089999	1.675871	0.249658
1.090000	1.522899	0.185718
1.094999	1.691704	0.169043
1.140000	1.752821	0.132814
1.140000	1.663166	0.097515
30.000000	107
0.049999	0.012756	0.169308
0.050000	0.005333	0.183720
0.050001	0.000738	0.211952
0.099999	0.305666	0.302527
0.100000	0.216844	0.512063
0.100001	0.291891	0.538280
0.144999	0.827277	0.569994
0.149999	1.263583	0.682993
0.150001	0.937692	0.916236
0.165001	1.730304	0.741161
0.184999	1.758190	0.641690
0.194999	2.726554	1.090843
0.195001	2.530996	0.653103
0.199999	1.888593	0.631931
0.200000	1.600082	0.994865
0.225001	2.472667	0.486793
0.244999	2.804985	0.709144
0.245000	2.827507	0.629597
0.249999	2.190688	0.601796
0.250000	3.292267	0.894100
0.294999	2.475619	0.471241
0.295001	2.316697	0.519844
0.299999	2.063072	0.850090
0.300000	2.990431	0.657418
0.315001	2.648835	0.488295
0.325001	3.240934	0.869522
0.344999	2.076750	0.897194
0.345000	3.076163	0.677293
0.350000	2.077644	0.929251
0.350000	3.222829	0.753780
0.380000	2.351443	0.702935
0.394999	3.279450	0.782577
0.395000	3.211262	0.632632
0.395001	2.420154	0.526835
0.444999	2.490283	0.518638
0.445000	2.495994	0.469896
0.445001	1.885644	0.574043
0.465000	2.807734	0.637666
0.480000	1.914863	0.819299
0.494999	2.205385	0.601428
0.495000	3.288835	0.896138
0.495001	2.873782	0.573400
0.495001	2.219971	0.772825
0.520000	2.830001	0.426979
0.545000	2.943014	0.439693
0.545000	3.277547	0.720414
0.545001	2.285746	0.601187
0.594999	2.667862	0.459986
0.595000	2.704912	0.462100
0.595001	1.918377	0.564492
0.644999	2.331725	0.321575
0.645000	2.569520	0.400008
0.645001	1.960064	0.483911
0.685001	2.383415	0.442315
0.694999	2.334782	0.479902
0.695000	2.717740	0.443816
0.695001	3.301666	0.718056
0.739999	2.654838	0.347407
0.745000	2.784113	0.249450
0.745001	2.764670	0.270275
0.745001	3.067871	0.351619
0.790000	2.843072	0.233938
0.795000	2.963185	0.563625
0.795001	2.487116	0.841601
0.834999	3.199545	0.563343
0.840000	4.211678	1.222590
0.840001	2.765438	0.879968
0.845000	3.227356	0.562391
0.845001	3.619570	0.547216
0.890000	3.925448	0.720358
0.890001	2.956234	0.784611
0.894999	3.448895	0.435775
0.895000	3.782302	0.477992
0.920000	4.103268	0.712759
0.940000	3.130958	0.835783
0.945000	3.610393	0.487065
0.945001	3.989555	0.742658
0.980000	4.455131	0.910442
0.990000	3.357980	0.986853
0.990000	5.331088	1.627292
0.994999	3.890674	0.725675
1.040000	3.360914	0.851108
1.090000	3.467781	0.797674
1.090003	3.739117	0.314785
1.139999	3.188850	0.583223
1.140000	3.531842	0.504840
1.140000	3.643454	0.874581
1.140001	4.331822	1.589801
1.189999	2.688015	1.031784
1.190000	1.918819	1.292459
1.190000	2.277580	0.998563
1.219999	1.547692	0.843195
1.239999	1.312482	0.880834
1.240000	2.238322	0.678879
1.240000	2.875385	1.440923
1.240001	1.343802	0.892436
1.290000	1.765507	0.705839
1.290000	0.809304	1.215940
1.290001	2.424654	1.157847
1.310000	1.680469	0.675365
1.325001	0.624704	1.352306
1.340000	2.229820	0.748584
1.384999	1.698213	0.554946
1.390000	2.314387	0.804332
1.435000	1.834388	0.286878
1.484999	1.817507	0.259896
1.534999	1.911197	0.243064
40.000000	124
0.045000	0.041761	0.068328
0.050000	0.159072	0.112862
0.050001	0.026570	0.113301
0.094999	0.045449	0.300716
0.095001	0.241062	0.283972
0.100000	0.032399	0.591700
0.145000	0.746067	0.513539
0.150000	0.548108	0.504600
0.150000	1.164492	0.596807
0.190000	1.082001	0.505290
0.194999	1.228794	0.513684
0.195001	1.702533	0.425764
0.200000	1.930884	0.572303
0.200000	1.842678	0.467872
0.210000	2.044426	0.355080
0.244999	2.754799	0.729950
0.245000	2.033686	0.351389
0.245000	2.329484	0.383589
0.250000	2.061525	0.345363
0.294999	1.723898	0.502599
0.295001	2.021818	0.375744
0.295001	2.278040	0.457254
0.300000	2.460856	0.626635
0.344999	1.386440	0.744136
0.345000	2.197346	0.639367
0.345001	1.858414	0.499308
0.350000	1.684893	0.527323
0.394999	1.039010	0.803827
0.395001	2.164599	0.982502
0.399999	0.885306	0.851196
0.440000	0.644146	1.101698
0.444999	1.661931	0.633394
0.445000	2.062740	0.858394
0.445001	1.951156	0.669449
0.494999	1.141242	0.735709
0.495001	2.057830	0.459188
0.514999	1.485048	0.549580
0.544999	1.857508	0.509736
0.545001	2.270851	0.737151
0.545001	2.111529	0.614533
0.590000	1.062703	1.027099
0.594999	1.300479	0.873653
0.595000	2.271778	0.823599
0.595001	2.335423	0.866572
0.595001	2.253960	0.706704
0.644999	0.993277	1.275236
0.645001	2.283323	0.864825
0.690000	1.553734	1.176860
0.690000	2.652735	1.313659
0.695000	0.816704	2.041710
0.695001	3.838959	1.890216
0.700000	3.868463	2.026309
0.739999	1.523121	2.006340
0.740000	4.395831	2.158777
0.744999	1.028616	2.110188
0.745001	3.594990	1.906729
0.790000	1.723425	1.549225
0.794999	0.998312	1.954150
0.795001	3.376029	1.630934
0.840000	1.851630	1.333729
0.840001	4.041516	1.965042
0.844999	1.194188	2.206024
0.845001	3.393311	1.493298
0.865001	4.417450	1.743896
0.890000	2.015003	1.872332
0.890001	5.066018	2.428872
0.890001	3.728227	1.456346
0.894999	1.348133	2.135993
0.940000	2.372160	1.743815
0.940000	3.876703	1.698911
0.944999	1.331672	2.094629
0.985001	4.552675	2.244931
0.990000	2.571209	1.385671
0.990000	3.949579	1.890568
0.994999	1.333686	2.098168
1.040000	1.610915	1.761361
1.040000	4.076703	2.019497
1.090000	1.610462	1.508403
1.090001	4.073813	1.787078
1.124999	1.893255	1.438782
1.140000	2.770057	1.043665
1.189999	3.316651	1.071996
1.190000	2.046493	1.823751
1.190000	4.148420	1.521717
1.200000	4.617339	1.728203
1.240000	4.648172	1.676872
1.240000	1.615778	2.705290
1.285001	5.240936	2.204845
1.289999	4.095740	1.544421
1.290000	1.593011	2.773766
1.290001	4.424114	1.771081
1.334999	3.679726	1.506324
1.335001	5.364167	2.525964
1.340000	1.492837	3.104353
1.340001	4.635072	2.002171
1.384999	3.168368	1.749372
1.385001	5.589047	2.788916
1.390000	1.524935	2.851376
1.434999	3.023090	1.916765
1.435001	5.725076	2.840714
1.439999	1.450131	2.585616
1.440000	4.872220	1.845172
1.460000	3.614388	1.613977
1.485001	3.171409	1.518691
1.485001	4.562823	1.936694
1.489999	1.661795	1.892295
1.534999	1.281492	1.971782
1.535001	3.938076	2.555214
1.539999	0.376851	2.691706
1.585000	0.297529	2.700741
1.585001	4.718850	3.666154
1.585001	3.452674	2.634666
1.590000	0.479031	2.422161
1.634999	0.022658	3.069443
1.635001	3.303001	2.267699
1.639999	0.887137	2.145861
1.670000	3.338289	2.375165
1.684999	0.801148	2.182828
1.685001	4.742329	3.923238
1.735000	0.433593	2.800100
1.744999	0.335666	2.594012
1.784999	0.051894	3.017891
1.785001	4.877749	4.623753
1.835000	0.203730	2.701044
50.000000	156
0.045001	0.009447	0.189043
0.049999	0.009226	0.186784
0.050000	0.006412	0.196320
0.095001	0.336864	0.244384
0.099999	0.188664	0.415357
0.100000	0.230632	0.555576
0.100001	0.300218	0.568269
0.145001	1.154867	0.666512
0.149999	1.194798	0.677155
0.150000	0.923315	0.635919
0.150000	0.851492	0.758277
0.155001	2.104847	0.859948
0.194999	1.637185	0.647687
0.195001	1.874546	0.651533
0.200000	1.496403	0.993697
0.210000	2.683704	0.788213
0.220001	2.644758	0.777788
0.244999	3.128329	0.981160
0.245001	3.291029	0.881489
0.249999	1.612887	1.261910
0.250000	2.529745	0.625737
0.295000	2.617648	0.625489
0.295001	2.848543	0.732996
0.299999	1.850456	0.766902
0.300000	2.133077	0.531303
0.310000	3.032494	0.974806
0.344999	1.924947	0.745011
0.345001	2.254948	0.603327
0.350000	1.755684	0.914028
0.350001	3.309568	1.405473
0.370000	2.561870	0.773898
0.394999	1.555604	1.073509
0.395000	1.644417	1.013763
0.395000	3.222198	1.428203
0.445000	1.566226	0.779435
0.445000	1.424305	0.919705
0.445001	2.473226	0.721049
0.485000	1.798295	0.548050
0.490000	2.155074	0.526628
0.494999	2.754072	0.814217
0.495000	1.463494	0.731958
0.495001	1.901294	0.601707
0.544999	2.270652	0.548637
0.545000	1.803251	0.623846
0.545001	2.922553	0.859671
0.594999	1.895214	0.571327
0.595000	2.657826	0.606688
0.595001	2.155792	0.412739
0.644999	2.217973	0.366083
0.645000	2.040609	0.486276
0.645001	2.467443	0.298738
0.690000	2.857422	0.568731
0.694999	2.419732	0.347253
0.695000	2.268556	0.483860
0.695001	2.440012	0.355705
0.740000	3.021943	0.530908
0.744999	2.899871	0.376135
0.745000	2.510743	0.416366
0.745001	2.639763	0.425913
0.785000	2.969549	0.511902
0.790000	3.139443	0.507060
0.790001	3.346591	0.478710
0.795000	4.007395	0.829955
0.795001	2.870003	0.748684
0.840000	3.509384	0.377902
0.840001	3.438054	0.397136
0.845000	3.888965	0.563393
0.890000	3.665475	0.228163
0.895000	3.636397	0.228633
0.895001	3.252534	0.446178
0.940000	3.543204	0.207171
0.940000	3.867968	0.428431
0.945000	3.343571	0.352808
0.945000	3.479411	0.302930
0.990000	3.497166	0.305106
0.990001	3.961358	0.621443
0.995000	3.099263	0.485869
0.995001	3.649928	0.395730
1.039999	3.156656	0.548166
1.040000	3.351925	0.369874
1.040004	4.078802	0.833589
1.089999	3.299039	0.493999
1.090000	3.037410	0.646861
1.139999	3.122739	0.786916
1.140000	4.155531	0.851257
1.189999	3.072488	0.795368
1.190000	4.424206	0.922612
1.190001	3.926991	0.560299
1.225000	3.320701	0.855767
1.239999	4.202411	0.488267
1.240000	4.567723	0.803359
1.240001	3.964616	0.600002
1.285001	4.783762	0.906277
1.289999	3.400312	1.000295
1.290000	3.385252	0.894079
1.335001	4.834956	1.427108
1.339999	2.808794	1.308696
1.340000	3.119548	1.084811
1.344999	3.830269	0.830309
1.385001	4.894125	1.630508
1.389999	3.664392	0.821909
1.390000	3.182780	1.072114
1.434999	3.196811	1.104161
1.435000	4.993305	1.590500
1.439999	2.986619	1.127518
1.440000	4.168280	0.843541
1.470000	3.510307	1.099516
1.485000	4.345943	1.076249
1.485001	5.053792	1.523370
1.490000	2.384911	1.986962
1.490000	4.186073	1.283219
1.534999	3.510888	1.238239
1.535000	5.019490	2.034304
1.539999	2.016563	1.927070
1.540001	4.276571	1.370025
1.565000	2.706617	1.526490
1.584999	2.877049	1.237044
1.585001	5.046350	1.877075
1.589999	3.139425	1.229750
1.590000	4.172742	1.245092
1.634999	2.603374	1.580041
1.635001	5.095464	2.363750
1.635003	2.598752	1.598734
1.684999	2.379206	1.605289
1.685000	2.091424	1.797587
1.685001	5.112532	2.616034
1.699999	3.035960	1.413733
1.729999	2.026477	1.943004
1.734999	3.036802	1.417183
1.735001	5.346190	2.627165
1.785000	2.278116	1.816707
1.785000	2.135607	2.055358
1.785001	5.357245	3.152494
1.835000	1.778918	2.025859
1.835000	0.211942	2.970263
1.835001	4.656774	3.291734
1.884999	0.938489	2.294973
1.885000	0.069282	3.207167
1.885000	3.386688	1.944570
1.885001	4.067765	2.593855
1.930001	3.661148	1.996612
1.934999	1.506013	1.855530
1.935000	1.348118	2.024473
1.935001	2.776917	1.008463
1.975001	3.573309	1.415661
1.980001	3.545047	1.219536
1.985000	2.114201	1.120127
2.030000	3.761322	1.032801
2.035000	2.356689	0.982133
2.035001	2.489421	0.981697
2.080000	3.880552	1.381226
2.085000	2.295465	1.061279
2.130000	3.915385	2.065853
2.135000	1.721528	1.459806
2.185000	1.177223	1.507031
2.235000	0.976471	1.754293
