20.000000	51
0.050000	0.034138	0.182233
0.050001	0.164874	0.246857
0.100000	0.315289	0.386917
0.100001	0.093202	0.587052
0.145000	0.610855	0.530606
0.145000	1.029551	0.775956
0.195000	1.023319	0.720576
0.230000	1.499448	0.640756
0.245000	2.382169	1.212165
0.245000	1.106538	0.578468
0.295000	0.958395	0.670454
0.295001	1.541660	0.601388
0.345000	1.017453	0.334042
0.345001	0.850934	0.555913
0.395000	1.114902	0.617111
0.395001	1.605722	0.759319
0.445000	1.686682	0.781155
0.445001	2.321479	0.784224
0.495000	2.941334	0.915300
0.495001	2.494235	0.850547
0.545000	3.272728	0.796455
0.595000	3.928598	1.025856
0.595001	3.386000	1.175867
0.605000	4.592688	1.013452
0.645000	5.383455	1.122250
0.645001	4.707956	1.124659
0.695000	5.965462	1.082727
0.695001	5.556371	1.607391
0.725003	6.460345	1.712038
0.740000	7.643844	1.529763
0.790000	8.624018	1.689262
0.790000	9.175367	1.378706
0.840000	9.113388	1.114847
0.840000	9.859125	1.093259
0.890000	10.130733	1.184814
0.940000	10.974383	1.326116
0.940000	11.676975	1.246123
0.990000	11.946939	1.164421
1.040000	12.896141	1.073569
1.040000	12.929415	0.752874
1.065000	13.343959	0.639367
1.090000	13.691847	0.583933
1.090000	13.265264	0.751777
1.095000	13.305652	0.789761
1.140000	14.307698	1.022314
1.190000	14.680096	1.233409
1.190000	12.470849	1.905402
1.215000	14.844370	1.293258
1.240000	15.116555	1.560717
1.240001	12.916166	1.927624
1.290000	15.386986	1.468845
30.000000	64
0.050001	0.115417	0.277087
0.050001	0.022848	0.652683
0.095001	0.533291	0.431793
0.100000	0.332543	0.611344
0.145001	1.179977	0.675351
0.150000	0.729643	0.543772
0.195000	1.420321	0.550647
0.200000	1.152908	0.328732
0.245001	1.577518	0.407637
0.250001	1.349663	0.246067
0.295001	1.574790	0.229343
0.300000	1.431972	0.231486
0.345000	1.808155	0.320339
0.350002	1.464978	0.711548
0.395000	1.793298	0.999642
0.395000	2.110685	0.858412
0.410000	3.008401	1.045165
0.445000	3.837783	1.455127
0.445001	1.958149	1.261903
0.495001	2.694096	0.813783
0.495001	3.725297	0.898831
0.545000	3.067492	0.611775
0.545001	3.600865	0.465294
0.595000	3.277690	0.369471
0.595001	3.405378	0.574867
0.645000	3.785619	0.540356
0.645002	3.720157	1.002050
0.675000	4.658564	0.923180
0.690000	4.526484	1.091774
0.695000	5.768255	1.253676
0.740000	5.465774	1.196011
0.745000	6.400270	1.507502
0.790000	7.172237	1.350352
0.795000	7.246788	2.025243
0.840000	9.146003	1.876852
0.845000	8.421345	2.606494
0.890000	11.212753	2.409736
0.895001	10.284877	2.286270
0.940000	13.523615	2.867622
0.945000	12.133430	2.282168
0.970001	13.723607	2.200102
0.990000	15.869735	2.218078
0.995000	15.059809	2.256803
1.040000	16.597260	1.952140
1.040000	17.934639	2.402241
1.090001	18.047359	2.997115
1.140000	19.394187	2.313518
1.140001	22.196625	2.962768
1.190000	22.928433	3.192294
1.190001	19.445238	2.977708
1.240000	23.348886	2.763727
1.240000	19.466686	3.233024
1.290000	23.717963	3.389716
1.290001	19.623505	3.222276
1.335001	23.657284	3.227873
1.340000	19.754750	3.177395
1.385000	23.540407	2.655262
1.390001	19.991853	2.966946
1.420001	23.657772	2.650762
1.435000	23.637920	2.504074
1.440000	19.988848	3.099296
1.485000	23.765033	2.289693
1.490001	20.323297	3.034210
1.535001	24.049100	3.185799
40.000000	83
0.049999	0.000129	0.318884
0.050000	0.007000	0.482224
0.095001	0.355861	0.464468
0.099999	0.422584	0.839902
0.145001	0.804306	0.735865
0.149999	1.146335	0.934006
0.164999	2.213523	1.175305
0.195000	1.208779	0.928076
0.200000	2.827337	1.250318
0.245003	1.458847	0.749553
0.249999	2.352754	0.747494
0.295001	1.619237	0.679712
0.300000	1.662188	0.719226
0.320000	2.420380	0.574500
0.334999	1.943420	0.764268
0.345000	3.051322	0.805431
0.349999	2.785711	0.416576
0.395000	3.018621	0.496078
0.400000	2.536085	0.455845
0.445000	2.891468	0.329445
0.449999	3.145821	0.694945
0.495000	2.969754	0.765818
0.500000	3.544714	1.161697
0.544999	4.647463	1.278327
0.545000	3.354963	1.467777
0.594999	5.979618	1.854570
0.595000	4.375730	2.580407
0.645000	5.127106	2.236831
0.645001	7.636462	2.031041
0.694999	9.382306	3.233019
0.695000	6.215703	2.997909
0.740000	7.735793	2.858143
0.745000	11.320241	2.826915
0.790000	9.726655	3.103438
0.794999	12.948329	2.771106
0.840000	11.633830	2.530544
0.844999	14.720815	2.608430
0.890000	13.950408	2.227014
0.894999	15.883810	2.256310
0.940001	15.845330	1.933049
0.944999	17.882908	2.112929
0.990000	17.726312	1.703864
0.994999	18.987545	1.705789
1.040000	19.271941	1.449355
1.045000	20.272249	1.576977
1.090000	20.731821	1.514780
1.095000	21.524194	1.675725
1.140001	22.274672	1.414336
1.144999	23.050042	1.638936
1.189999	24.110512	1.533403
1.190000	23.312588	1.929504
1.239999	25.622897	1.772966
1.240000	24.113844	1.835052
1.289999	27.130375	2.286570
1.290000	25.365394	2.082354
1.335001	26.686663	2.110377
1.339999	28.583282	1.809509
1.385000	28.393395	2.132783
1.389999	30.099877	1.798753
1.405001	29.699938	1.365115
1.435000	31.642343	1.801768
1.435000	30.208281	1.131069
1.440000	31.708908	1.131163
1.485000	30.800055	0.892119
1.489999	31.865727	0.893859
1.535000	30.977947	0.933608
1.540000	32.112421	0.749538
1.585001	31.672033	0.617731
1.589999	32.429447	0.705015
1.635000	32.033655	0.402848
1.639999	32.605785	0.477082
1.665000	32.313260	0.268699
1.685000	32.557660	0.259827
1.689999	32.387976	0.228382
1.735000	32.749875	0.271207
1.739999	32.505751	0.244897
1.784999	32.681729	0.180427
1.785000	32.885991	0.242254
1.834999	32.834591	0.201889
1.835000	32.590451	0.217700
1.885001	32.646610	0.188179
1.935000	32.710209	0.141222
1.970001	32.924492	0.279713
50.000000	93
0.050000	0.037748	0.304863
0.050001	0.021154	0.552866
0.095001	0.378913	0.458063
0.100001	0.440434	0.597876
0.145000	0.979580	0.583165
0.150000	1.042343	0.504827
0.195000	1.512827	0.530100
0.200000	1.406360	0.297861
0.245000	1.649685	0.284196
0.250000	1.528228	0.248966
0.295000	1.770065	0.281799
0.300001	1.742209	0.529448
0.345000	2.015868	0.748977
0.350001	2.228333	0.674541
0.365001	2.889189	0.716014
0.395000	3.493996	0.936000
0.400000	2.675470	0.546250
0.445000	3.275977	0.348487
0.450000	2.872304	0.557670
0.495000	3.364953	0.402167
0.500000	3.282468	0.628596
0.530000	3.803346	0.603906
0.545000	3.578102	0.672347
0.545000	4.637829	0.807372
0.595000	4.136181	0.548209
0.595001	4.624174	0.654914
0.645000	4.691457	0.492212
0.645001	4.899625	0.560586
0.695000	5.701432	0.914226
0.695001	4.964435	1.034745
0.740000	5.632014	1.469646
0.745000	6.983401	1.389608
0.790001	6.095989	2.363786
0.795000	8.783326	2.157243
0.840000	7.097079	2.993070
0.845001	10.893671	3.325654
0.890001	8.300722	3.461256
0.895001	12.930553	3.674624
0.935001	14.581782	3.865702
0.940000	9.909959	3.716314
0.945000	16.021346	3.675275
0.955000	11.422164	3.636334
0.990001	13.022928	3.446028
0.995000	17.410057	3.456718
1.040000	14.160378	3.543081
1.045001	18.451226	3.152393
1.090001	15.672626	3.031843
1.095000	20.099253	3.404435
1.140000	17.974732	2.892315
1.190000	19.823718	2.968685
1.190000	22.814085	2.704310
1.240000	21.623636	2.753942
1.240001	24.292534	2.313663
1.290000	23.552208	2.029089
1.290000	25.709147	2.122728
1.335000	24.825620	2.107494
1.340000	27.242322	2.048605
1.385001	26.453476	2.141932
1.390000	28.759123	2.123146
1.435000	27.912925	2.193854
1.440000	30.485227	2.231322
1.485000	29.270840	2.356065
1.490000	32.050743	2.300371
1.535000	30.795077	2.451459
1.540000	33.706443	2.430253
1.585000	32.413991	2.457963
1.590000	35.373829	2.758554
1.635000	34.013382	2.430426
1.640000	36.942517	2.624036
1.670000	38.347099	2.498727
1.685000	35.904892	2.770761
1.690000	39.533986	2.068961
1.735001	37.643921	2.068199
1.740000	40.292295	2.203828
1.785000	39.042571	1.342013
1.785001	40.742879	1.575705
1.835000	41.025829	1.155620
1.835001	39.513857	1.148638
1.885000	39.962545	0.992893
1.885001	41.237207	1.043949
1.935000	40.366086	0.756372
1.935000	41.441261	1.126613
1.980000	40.188826	0.856215
1.985001	41.138862	0.742238
2.030001	39.837744	1.102015
2.035000	41.009609	0.741609
2.060000	41.070360	0.785512
2.080000	39.918875	1.021561
2.085001	41.216613	0.694080
2.130001	40.160885	1.005712
2.135000	41.331897	0.822407
2.185000	41.336046	0.590776
2.235000	41.308142	0.662707
