20.000000	45
0.049999	0.080129	0.191585
0.050000	0.008566	0.513882
0.055001	0.367518	0.840607
0.100000	0.229796	1.189378
0.144999	0.943118	1.208912
0.150000	2.091286	1.190866
0.150002	2.332992	1.059471
0.194999	2.893822	0.989992
0.200000	2.318622	0.313754
0.244999	2.413782	0.317928
0.250000	2.148593	0.396259
0.280000	1.906385	0.732478
0.280000	2.594536	0.667675
0.294999	2.321787	0.603029
0.300000	3.351021	1.400253
0.344999	1.444324	1.097530
0.350000	2.596837	0.822613
0.394999	1.391073	1.220632
0.400000	1.854069	0.661874
0.404999	2.310748	0.792598
0.444999	2.997743	1.146349
0.450000	1.432222	1.553227
0.494999	3.489431	1.183528
0.500000	2.086293	1.652919
0.544999	3.964919	1.446231
0.545001	2.900885	1.788306
0.594999	5.081742	1.731203
0.595000	3.952042	1.795267
0.645000	6.245290	2.140549
0.645001	4.468410	2.917104
0.674999	7.333012	2.160436
0.695000	8.559029	2.345364
0.744999	9.192577	2.717778
0.745001	5.841784	2.915860
0.790000	9.835711	2.526361
0.795001	6.643199	2.476306
0.840000	9.527528	2.503903
0.845001	6.671394	2.628799
0.889999	9.980664	2.600525
0.895001	6.833960	2.577406
0.940000	10.180610	2.349178
0.945001	7.092863	2.883665
0.989999	10.211470	2.061263
1.040000	10.329067	1.623717
1.089999	10.521245	1.990536
30.000000	60
0.049999	0.013468	0.264711
0.050001	0.263725	0.171108
0.095001	0.088775	0.417937
0.100000	0.390187	0.351753
0.145000	0.174937	0.680367
0.149999	0.948313	0.611834
0.180001	0.758675	0.559457
0.195000	1.507939	0.679588
0.200000	1.446790	0.444776
0.245001	1.333615	0.451552
0.249999	1.800237	0.455691
0.294999	2.015561	0.884231
0.295001	0.925134	0.817358
0.344999	1.875428	1.193578
0.345000	0.388414	1.092603
0.395000	0.091095	1.072106
0.445000	0.383997	1.217198
0.494999	1.776718	1.447734
0.495001	0.129707	1.723430
0.544999	2.522901	1.877885
0.545000	0.164952	2.334745
0.594999	3.181567	2.292842
0.595000	0.447845	2.844438
0.624999	4.085061	2.706942
0.644999	5.280506	3.277844
0.645000	0.767045	3.061145
0.694999	5.539022	3.019504
0.695000	1.428474	3.083858
0.740001	2.004754	2.445214
0.744999	6.142507	3.061377
0.770001	2.956427	2.368633
0.790001	3.873623	2.653377
0.794999	7.249723	2.955768
0.840001	3.955153	3.309528
0.844999	8.494880	3.531899
0.890001	4.256661	4.154156
0.894999	9.713587	3.983363
0.940000	5.047771	4.564640
0.940000	11.048298	4.712318
0.990000	12.402257	5.000504
0.990001	5.849365	5.264098
1.040000	6.525088	6.438063
1.089999	15.467889	7.070853
1.090001	7.486410	6.821233
1.140000	17.124001	7.661494
1.140000	8.281287	7.484294
1.189999	18.365393	8.129215
1.190001	9.093218	7.415170
1.240000	18.443316	7.881077
1.240001	8.934434	6.756275
1.290000	18.650045	7.849430
1.290001	8.877259	6.928476
1.335001	9.250839	6.796204
1.340000	18.895154	7.722527
1.385000	9.587770	6.621679
1.390000	19.019117	7.523201
1.435000	10.077520	6.271003
1.440000	18.896038	7.850620
1.485000	10.345070	6.092034
1.520001	10.492658	4.858358
40.000000	75
0.050000	0.008331	0.289975
0.050000	0.017519	0.502719
0.100000	0.379605	0.560573
0.100001	0.346457	0.816005
0.150000	0.895878	0.716174
0.150000	1.396769	0.914633
0.199999	1.884813	0.907054
0.200000	1.609061	0.957174
0.220000	2.928888	0.993528
0.230000	2.317973	0.579441
0.250000	3.228584	0.946288
0.299999	2.399624	0.532041
0.300001	2.657433	0.619138
0.350000	2.324426	0.820907
0.350000	1.591956	1.288732
0.355000	3.396313	1.300321
0.399999	1.131185	1.724021
0.400000	3.634722	1.727750
0.445001	3.313955	1.671383
0.450000	0.945786	2.188126
0.485001	3.351825	1.762049
0.494999	0.808497	2.340861
0.495001	4.115411	2.544413
0.544999	0.962928	2.260440
0.545001	3.833983	2.142955
0.595000	1.420674	1.903286
0.595001	3.519531	1.559325
0.644999	1.795630	1.641657
0.645001	3.393991	1.324286
0.660001	4.268575	1.492938
0.694999	2.278031	1.691702
0.695000	4.824947	1.505516
0.744999	2.980184	1.294695
0.745001	4.457709	1.168843
0.794999	3.721550	0.911666
0.795000	4.310067	0.913883
0.805001	5.209037	0.951373
0.844999	4.066226	1.062241
0.845001	5.726665	1.026054
0.894999	4.688027	0.738758
0.895000	5.529839	0.737723
0.944999	5.317443	0.450351
0.945001	5.345983	0.525320
0.994999	6.074764	0.632446
0.995001	5.501312	0.859533
1.040000	6.141592	0.885829
1.044999	6.890248	0.855767
1.090001	6.807797	1.107612
1.094999	7.771447	0.976093
1.140000	7.565582	1.158915
1.140000	8.731448	1.396273
1.190000	8.396750	1.302143
1.190000	9.787229	1.495079
1.239999	10.850291	1.567981
1.240000	9.409811	1.923505
1.290000	11.825659	1.505185
1.290001	10.557724	1.660741
1.339999	12.845140	1.838867
1.340001	11.885911	1.747227
1.390000	13.115273	1.547623
1.390001	13.950767	1.360590
1.439999	15.025023	1.683575
1.440000	14.493776	1.561424
1.460001	15.814703	1.244150
1.484999	16.227328	1.180328
1.490000	17.214227	1.359468
1.490000	16.961797	0.674201
1.540000	17.718846	1.001075
1.540000	16.553122	1.024265
1.590000	16.700734	0.900256
1.640000	16.967150	0.757304
1.685001	18.587456	1.615759
1.690000	17.025645	1.070033
1.734999	16.897908	1.275388
1.735000	18.803368	1.509712
50.000000	114
0.050000	0.038694	0.711203
0.050000	0.018787	0.642173
0.055000	0.399306	0.709600
0.099999	1.216400	0.870480
0.100001	0.283505	1.057007
0.149999	1.649015	0.837113
0.150001	1.223797	0.774637
0.199999	2.015854	0.821023
0.200000	2.174010	0.638168
0.249999	2.226345	0.779271
0.250001	2.476502	0.563114
0.255000	3.244419	0.829637
0.299999	3.447976	0.904268
0.300001	2.423102	0.571442
0.345000	2.443270	0.561143
0.349999	2.840669	0.549577
0.395000	2.184932	0.310945
0.399999	2.329486	0.329976
0.445000	2.192748	0.706048
0.449999	2.109374	0.760459
0.465001	2.868938	0.662703
0.495000	3.637837	0.977455
0.499999	2.813317	0.871816
0.545000	3.714852	0.565506
0.549999	3.461591	0.701686
0.595000	4.279226	0.794955
0.595001	3.671781	0.721227
0.645000	4.775369	0.932372
0.645000	4.077637	1.342550
0.685000	4.822156	1.142202
0.695000	6.015051	1.095406
0.745000	6.488982	1.326111
0.745001	6.143742	1.044971
0.785001	6.509960	0.895120
0.795000	7.759527	1.016354
0.795001	7.531032	1.055337
0.845000	7.860495	0.838894
0.845000	8.350272	0.651088
0.895000	9.229073	1.108554
0.895001	8.269009	1.376345
0.930000	9.060610	1.403922
0.945000	10.174913	1.235685
0.990000	10.720874	1.379897
0.995001	11.642905	1.294127
1.040001	11.144285	0.701984
1.045000	11.873735	0.620683
1.090000	11.372179	0.705890
1.095000	12.146820	0.649228
1.140001	12.139972	0.591777
1.145000	12.565210	0.663912
1.189999	12.967896	0.621934
1.190001	12.897918	0.601555
1.239999	13.335030	0.678872
1.240001	13.779896	0.635941
1.289999	13.613590	0.909326
1.290001	14.588516	0.826905
1.339999	14.111351	1.033311
1.340001	15.387160	1.355359
1.390000	14.340453	1.540389
1.390001	16.146270	1.333201
1.395000	17.371870	1.953802
1.419999	15.099856	1.713982
1.439999	15.847353	1.604305
1.440001	18.259114	2.255308
1.489999	15.602869	2.091106
1.490001	18.415262	2.025286
1.540000	15.641143	2.688654
1.540001	18.912991	2.428101
1.585000	19.877839	2.826263
1.590000	16.050528	3.704989
1.635000	20.996210	3.058041
1.639999	16.560029	4.004441
1.685000	21.935483	3.543882
1.689999	18.651555	2.782910
1.730001	22.216540	2.988710
1.735000	22.220089	2.065635
1.740000	19.258102	2.604069
1.785000	22.456864	1.599218
1.789999	20.231064	2.115137
1.835000	22.666137	1.716062
1.845000	22.423532	0.957551
1.884999	22.730917	1.073780
1.885001	22.800593	0.602688
1.935000	23.054310	0.557353
1.980001	23.409618	0.720758
1.984999	24.057177	0.823563
1.985000	23.460549	0.600985
2.035000	24.727661	1.287022
2.035001	23.547336	0.616720
2.085000	23.286180	0.640840
2.135001	23.092070	0.705229
2.185001	22.959154	0.287363
2.230001	22.908079	0.255542
2.280001	22.980415	0.194255
2.300001	23.106918	0.155717
2.330001	23.317494	0.280471
2.380001	23.260832	0.259775
2.430001	23.115906	0.297000
2.480001	22.997259	0.397804
2.530001	22.803788	0.553750
2.580004	22.519219	0.794206
2.630001	22.291967	0.880063
2.680000	21.729937	0.753066
2.730001	20.955752	1.018798
2.780000	20.974896	0.997062
2.825000	21.354165	0.811524
2.875000	22.069005	0.798595
2.925001	22.497638	0.807240
2.975000	22.653827	0.585976
3.025000	22.663456	0.255058
3.075001	22.716568	0.139617
3.100001	22.628328	0.067548
3.125000	22.590564	0.083042
3.175000	22.520084	0.135758
