20.000000	89
0.049999	0.003504	0.201301
0.050000	0.013615	0.184520
0.050001	0.029250	0.157893
0.095001	0.351068	0.273580
0.099999	0.161834	0.402211
0.100000	0.080223	0.545486
0.100000	0.310241	0.414317
0.145001	1.092749	0.701841
0.150000	0.870535	0.572803
0.150000	0.474868	0.705212
0.150000	0.950622	0.821046
0.175001	1.774831	0.877068
0.194999	1.183573	0.744357
0.195001	2.699381	1.383413
0.200000	1.301402	0.702082
0.200000	1.510270	0.630809
0.245000	1.319511	0.969171
0.245001	2.150638	0.723946
0.250000	2.124047	0.695329
0.255000	2.854744	1.168846
0.295000	1.241753	1.140935
0.295001	1.373167	0.986577
0.300000	2.972086	1.202441
0.300000	2.011694	0.731943
0.320000	1.688735	0.677407
0.345000	2.236236	0.692641
0.345001	0.945467	0.958474
0.350000	1.912795	0.571386
0.350000	1.771302	0.523773
0.395000	1.679586	0.434163
0.395001	1.021760	0.788793
0.400000	1.374290	0.441500
0.400000	1.621987	0.506632
0.400001	2.230117	0.864044
0.445000	1.399552	0.567934
0.445001	2.456141	0.992110
0.450000	1.145626	0.857330
0.450000	1.519886	0.544083
0.495000	1.252650	0.711433
0.495001	2.286027	0.857327
0.500000	1.814240	0.384816
0.545000	1.602389	0.399092
0.545000	1.411517	0.522263
0.545001	2.052620	0.406434
0.550000	1.888653	0.270279
0.595000	1.597252	0.350584
0.595000	1.758779	0.312221
0.595001	1.894144	0.235225
0.600000	2.141722	0.320109
0.640001	2.297873	0.358831
0.644999	1.859602	0.696822
0.645000	2.061363	0.571265
0.645000	2.513606	0.540748
0.645001	3.333398	1.134018
0.695000	2.241265	0.598433
0.695000	1.939643	0.857831
0.695001	2.989206	0.669917
0.740001	2.687413	0.604652
0.745000	2.565376	0.515471
0.745000	2.187609	0.518934
0.790001	1.648355	0.811531
0.795000	2.722079	1.016956
0.795000	2.252638	0.819337
0.825001	1.177090	0.828052
0.840000	1.261007	0.760402
0.840001	1.113350	0.566674
0.844999	1.757632	0.696813
0.845000	1.536192	0.497447
0.890001	1.018591	0.427299
0.890003	0.609021	0.694924
0.895000	1.304658	0.539988
0.895000	0.867425	0.324051
0.934999	0.597476	0.523437
0.940000	0.642169	0.503799
0.940001	1.342447	0.509596
0.945000	1.314296	0.469841
0.945000	0.940674	0.413515
0.990000	0.989039	0.458888
0.990001	1.650060	0.500346
0.994999	1.301618	0.373802
0.995000	1.693160	0.425599
1.015000	1.079191	0.532402
1.040000	1.836586	0.426625
1.045000	1.497392	0.361231
1.085000	1.526237	0.401453
1.090001	1.853231	0.231953
1.095000	2.069409	0.388692
1.140000	2.043949	0.306824
1.140001	1.776521	0.233228
30.000000	91
0.049999	0.002292	0.241765
0.050000	0.001440	0.256591
0.095000	0.244277	0.449446
0.100000	0.344043	0.442599
0.100000	0.296410	0.503740
0.135000	1.182260	0.796742
0.145000	0.819821	0.706789
0.149999	0.906198	0.773918
0.150000	2.293147	1.109713
0.194999	1.252805	0.603443
0.199999	1.952341	0.589425
0.200000	1.364743	0.571515
0.200003	1.794155	0.570136
0.220000	2.072006	0.640063
0.245000	1.129314	0.837759
0.249999	2.757812	1.326490
0.250000	1.359729	0.783549
0.295000	0.783136	0.978264
0.300000	1.950041	0.958673
0.344999	0.661376	0.854141
0.345000	0.900889	0.657873
0.345000	1.325287	0.501316
0.350000	1.971342	0.884896
0.370000	1.215292	0.419096
0.395000	1.066040	0.500996
0.395000	1.804633	0.711500
0.400000	1.174191	0.315214
0.445000	0.866764	0.426404
0.450000	0.888281	0.563908
0.495000	1.079007	0.556812
0.500000	1.044510	0.580790
0.514999	1.850188	0.702462
0.544999	2.162448	0.830978
0.545000	1.304913	0.964988
0.545000	2.480094	0.721201
0.565000	3.048872	1.110291
0.595000	1.558426	1.196165
0.595000	2.217269	0.731274
0.615000	2.471944	0.740537
0.644999	3.603204	1.548980
0.645000	2.049389	0.715291
0.645000	1.697445	1.023310
0.695000	2.619285	0.697598
0.695002	2.060495	0.760378
0.720000	2.669944	0.586640
0.740000	3.299269	0.834994
0.744999	3.118266	0.645471
0.745000	2.285126	0.678901
0.745000	2.445423	0.543651
0.770000	3.100302	0.661605
0.790000	2.737383	0.609020
0.795000	2.217897	1.009476
0.795000	3.889146	1.340950
0.840000	2.281833	1.055881
0.845000	3.706796	1.092012
0.890000	2.037047	1.350585
0.895000	3.624891	0.988314
0.895000	3.424700	0.908945
0.895003	2.505444	0.703322
0.940000	3.139513	0.815285
0.940000	2.015627	1.842622
0.945000	2.597174	1.385822
0.975000	4.447917	1.660285
0.990000	5.275809	2.391300
0.990000	3.128156	1.170407
0.995000	2.698950	1.334046
1.040000	3.138522	1.029628
1.040000	1.945502	1.037799
1.045000	2.882944	0.726484
1.045000	2.805560	0.692795
1.089999	3.151329	0.954174
1.090000	1.430124	1.676395
1.095000	2.696657	0.883181
1.099999	3.956198	2.184150
1.140000	2.812728	1.345018
1.190000	1.575300	1.397691
1.190000	0.346273	2.432731
1.220000	2.897694	1.439469
1.239999	1.643602	0.919691
1.240000	2.932932	1.651639
1.240000	1.287493	0.958263
1.290000	1.484444	0.643441
1.290000	1.141994	0.910616
1.335000	1.437868	0.508162
1.340000	1.934350	0.474760
1.340003	2.098059	0.551065
1.360000	2.306603	0.719218
1.385000	1.602278	1.046881
1.390000	2.493071	0.661759
1.410000	3.585679	1.390549
1.440000	2.600388	0.812104
40.000000	108
0.049999	0.004820	0.126582
0.050000	0.004056	0.173014
0.050000	0.010682	0.202374
0.085000	0.223987	0.164383
0.095000	0.271115	0.313630
0.100000	0.312965	0.369799
0.100000	0.324433	0.613295
0.144999	0.937613	0.544600
0.150000	0.886679	0.753565
0.185000	1.570069	0.832399
0.195000	1.345711	0.731345
0.200000	2.329443	0.819419
0.200000	2.624447	0.778497
0.245000	1.768448	0.626461
0.250000	2.361106	0.368030
0.255000	2.643363	0.605259
0.280000	1.877281	0.489910
0.295000	2.639181	0.843833
0.300000	1.768358	0.642465
0.345000	1.755192	0.538190
0.345000	1.198793	0.701428
0.350000	0.983400	0.529352
0.350000	1.565101	0.455915
0.395000	0.948331	0.638051
0.395000	1.272294	0.438491
0.400000	2.086943	0.759024
0.410000	1.720926	0.451890
0.430000	1.393021	0.384856
0.445000	1.306692	0.454408
0.450000	1.602726	0.205092
0.494999	1.876371	0.403079
0.495000	1.503959	0.663105
0.495000	1.453876	0.691902
0.530000	2.033215	0.538767
0.544999	2.976462	1.195126
0.545000	1.577579	0.936283
0.545000	1.970314	0.737362
0.555000	2.502637	0.768766
0.595000	3.016330	1.121590
0.595000	1.125228	1.319938
0.645000	2.648439	0.750988
0.645000	2.377474	0.663019
0.690000	1.739581	0.719403
0.695000	2.560832	0.586071
0.740000	1.993600	0.780891
0.745000	2.609010	0.694276
0.755000	3.571304	0.970777
0.775000	2.500771	0.859635
0.790000	3.513130	0.616368
0.795000	3.833612	0.727980
0.795000	2.967159	0.511039
0.840000	3.331547	0.320031
0.845000	3.355132	0.318282
0.889999	3.098783	0.263571
0.895000	2.954765	0.369240
0.895000	3.312834	0.370347
0.940000	3.560346	0.577355
0.940000	2.945515	0.513044
0.945000	2.641318	0.990674
0.960000	3.929633	0.926873
0.989999	3.017904	0.708813
0.990000	4.284165	1.103948
0.995000	2.732553	1.432710
1.019999	3.610651	0.873968
1.035000	4.132422	0.885406
1.040000	5.112329	1.624928
1.045000	2.918106	1.419490
1.075000	4.250641	0.798891
1.089999	3.926308	0.782337
1.090000	4.508326	0.996693
1.095000	3.189679	1.015911
1.140000	3.413829	0.771214
1.165000	4.807794	1.217995
1.190000	3.531480	0.712329
1.190000	3.731393	0.846091
1.230000	3.598519	1.067821
1.240000	4.645198	0.840241
1.240000	5.195316	1.198057
1.245000	4.906824	0.840112
1.290000	3.812125	1.121825
1.290001	3.922468	1.011059
1.309999	5.358567	1.243357
1.335000	4.970441	1.024881
1.340000	3.312930	1.616083
1.340000	5.889993	1.671645
1.385000	4.625791	0.926628
1.390000	3.357266	1.391154
1.410000	4.897918	1.202225
1.435000	4.458348	1.279952
1.440000	3.363480	0.982680
1.485000	3.257041	1.015617
1.489999	2.059567	1.468044
1.490000	2.636041	0.752621
1.490000	3.728569	1.459175
1.515000	3.021200	1.000098
1.535000	1.736297	1.043071
1.540000	1.702707	1.276561
1.585000	2.002217	1.080234
1.590000	1.573572	1.563085
1.590000	3.659132	1.464074
1.595000	3.697382	1.282203
1.635000	3.934163	1.240411
1.640000	2.294781	1.315824
1.670000	3.022625	0.690825
1.685000	4.029839	1.075978
1.690000	2.870852	0.608069
1.735000	3.122417	0.473969
1.784999	3.166334	0.527535
50.000000	136
0.045000	0.002179	0.005636
0.049999	0.007930	0.170171
0.050000	0.008894	0.211300
0.050001	0.006319	0.621332
0.074999	0.348219	0.510885
0.075000	0.337596	0.593307
0.094999	1.451883	1.001031
0.099999	0.347482	0.964472
0.100000	1.145336	0.649809
0.145000	1.838332	0.719940
0.150000	1.573138	0.565702
0.195000	1.843379	0.436664
0.199999	1.405538	0.396451
0.200000	1.321308	0.501900
0.200000	1.497733	0.372362
0.220000	2.126886	0.609437
0.225000	2.020069	0.573654
0.245000	1.433271	0.601803
0.250000	2.540211	0.946979
0.295000	1.253857	0.758905
0.299999	1.140175	0.919280
0.300000	2.225392	0.834755
0.300000	1.728030	0.564300
0.304999	2.360118	0.896426
0.345000	0.923590	1.045129
0.349999	1.513174	0.483607
0.350000	1.993232	0.713559
0.370000	1.733894	0.522272
0.395000	1.399181	0.470042
0.395000	0.932264	0.872887
0.400000	2.064648	0.590143
0.410000	1.831449	0.456942
0.415000	1.635455	0.440238
0.445000	1.936263	0.339535
0.445000	2.223371	0.594516
0.450000	1.733560	0.329294
0.450000	1.265271	0.650193
0.495000	1.606002	0.357435
0.495000	2.086281	0.516871
0.500000	1.663861	0.295722
0.545000	1.468046	0.574702
0.545000	1.971635	0.646337
0.595000	1.889653	0.671148
0.620000	2.521968	0.710050
0.644999	3.326423	1.057085
0.645000	1.944936	0.856072
0.670000	3.003087	0.628549
0.690000	2.946132	0.619907
0.695000	2.119715	0.911111
0.705000	3.365230	0.823056
0.740000	3.490967	0.915092
0.745000	2.354754	0.745195
0.745000	2.283772	0.918274
0.770000	3.202727	0.641814
0.790000	2.845177	0.569870
0.794999	3.409737	0.677584
0.795000	2.393875	0.866725
0.795000	3.706906	0.946585
0.840000	3.338617	0.619336
0.845000	2.422123	0.740939
0.890000	2.689607	0.586219
0.894999	3.254582	0.653829
0.895000	2.227225	0.569093
0.895000	2.654023	0.628198
0.935000	2.894620	0.608962
0.939999	2.318769	0.893447
0.944999	3.939876	1.294313
0.945000	2.484780	0.775015
0.990000	3.615518	1.000265
0.990000	2.373032	0.905137
0.995000	2.483016	0.571326
1.040000	3.281585	0.695112
1.040000	2.631509	0.410468
1.045000	2.546709	0.451109
1.089999	2.680134	0.499825
1.090000	3.331431	0.650698
1.095000	2.736746	0.973105
1.110000	3.510585	0.644275
1.140000	4.121895	0.805052
1.145000	4.401427	0.959760
1.175000	3.458933	0.720605
1.190000	3.448230	0.814278
1.190000	4.696485	1.136182
1.239999	2.955443	0.982911
1.240000	4.350884	1.004427
1.240002	3.505666	0.742904
1.285000	2.817184	0.949654
1.290000	4.026641	0.746044
1.299999	3.867368	0.637140
1.335000	2.812558	0.975437
1.340000	4.054669	0.552208
1.340000	3.697372	0.427109
1.350000	3.705017	0.422233
1.385000	4.085891	0.490989
1.390000	3.761175	0.297885
1.435000	3.756667	0.357378
1.440000	3.118622	0.619664
1.440000	3.843968	0.481165
1.485000	3.266244	0.433795
1.490000	3.138669	0.507080
1.490000	3.712404	0.548573
1.535000	2.702628	0.855784
1.539999	3.852359	0.807732
1.540000	3.242487	0.680458
1.565000	3.822191	0.754674
1.585000	2.552012	1.191415
1.590000	4.282252	1.200751
1.590000	3.864567	0.844832
1.635000	2.413190	1.153801
1.640000	3.447711	0.796090
1.665000	3.543446	0.766951
1.684999	2.269426	1.248361
1.685000	4.129306	1.220176
1.690000	3.959568	1.369913
1.735000	2.319997	1.582790
1.740000	5.297045	2.841928
1.754999	2.029700	1.726487
1.780000	2.666272	1.477071
1.785000	0.955670	2.550714
1.785000	3.386743	1.624469
1.825000	4.149207	2.668708
1.834999	0.984234	1.763724
1.835000	2.287093	1.830692
1.835000	0.115803	1.918451
1.885000	0.334002	0.870792
1.885000	0.005559	1.335160
1.930000	0.650533	0.758001
1.935000	0.571967	1.134200
1.935000	2.158158	1.363874
1.980000	1.255652	0.786395
1.985000	2.657972	1.266143
1.990000	1.337207	1.168377
2.030000	1.554378	1.196593
2.035000	2.955670	0.977886
2.085000	3.097607	1.175312
2.135000	3.254821	1.000952
