20.000000	92
0.020000	0.000267	0.167656
0.049999	0.137319	0.118684
0.050000	0.007154	0.468585
0.069999	0.256187	0.430556
0.100000	0.217865	0.807507
0.120000	0.994297	0.806270
0.124999	0.907612	0.709382
0.144999	1.885633	0.985105
0.149999	1.982388	0.774964
0.150000	0.914311	1.093769
0.170000	2.466417	0.791185
0.185000	1.686555	0.682602
0.199999	2.359405	0.685044
0.200000	2.071978	0.676775
0.205000	2.636464	0.554118
0.220000	2.681678	0.404227
0.225000	3.364656	0.896392
0.249999	2.525843	0.546964
0.249999	2.791295	0.528587
0.250000	2.305876	0.705636
0.270000	3.493335	1.094053
0.299999	2.058691	0.806846
0.300000	2.639556	0.524800
0.300000	2.246095	0.679739
0.320000	2.995421	0.759989
0.330001	2.199839	0.650531
0.349999	2.926607	0.692701
0.350000	1.871934	1.185405
0.350003	3.236654	1.123517
0.355000	3.747899	1.393696
0.370000	2.625138	1.273172
0.400000	5.212720	2.559192
0.400000	1.800361	1.758928
0.420000	3.009985	1.139790
0.449999	2.041847	1.535848
0.450000	2.761662	0.662650
0.464999	3.586555	1.721146
0.494999	2.487577	2.094294
0.499999	3.374166	1.660367
0.500000	7.209011	3.805841
0.515000	3.813050	1.633813
0.534999	2.713907	2.207156
0.544999	4.962263	2.220762
0.545000	3.885300	2.389907
0.550000	3.689571	3.804447
0.550000	8.884945	4.223123
0.564999	6.473337	2.951750
0.595000	10.724601	5.451866
0.595000	3.368367	5.711762
0.595002	4.399756	4.499411
0.614999	7.081805	3.582465
0.644999	12.679881	7.286113
0.644999	3.810527	4.447088
0.665000	7.925386	3.041127
0.694999	7.143568	2.981854
0.695000	4.761538	2.535161
0.700000	5.775825	2.672255
0.714999	8.996342	2.807958
0.745000	6.496898	2.518248
0.764999	10.718889	3.300032
0.794999	6.475366	3.243957
0.795000	9.728789	2.580505
0.814999	11.780605	3.828836
0.819999	6.689747	3.888543
0.840000	11.849667	3.624235
0.844999	6.436865	5.730339
0.865000	12.059782	4.324209
0.894999	16.132217	6.745876
0.894999	10.109162	3.460342
0.895000	6.464746	5.581125
0.915000	12.340245	4.151558
0.944999	10.237327	3.448875
0.945000	6.770833	5.414843
0.945000	16.094409	5.549883
0.964999	12.762285	3.579450
0.994999	9.928043	4.496749
0.995000	16.687632	4.744270
1.000000	13.002126	2.822400
1.014999	13.115127	2.813960
1.044999	9.813731	4.622633
1.044999	16.813497	4.808211
1.065000	13.114076	3.123890
1.094999	9.902188	4.283321
1.144999	17.058986	5.674109
1.144999	10.268801	4.030831
1.194999	10.700090	3.618316
1.214999	10.751170	4.316127
1.240000	16.805644	5.599890
1.240000	10.821083	3.418170
1.289999	16.674713	5.262216
1.290000	10.834403	4.176439
1.340000	10.760757	3.414866
30.000000	99
0.050000	0.136655	0.204644
0.050000	0.152412	0.279370
0.050004	0.140525	0.263681
0.095001	0.490738	0.323270
0.100000	0.596639	0.502656
0.100000	0.010936	0.748865
0.100002	0.642757	0.513874
0.145001	1.465092	0.861712
0.149999	0.521799	0.963412
0.150000	1.327665	0.661234
0.160000	1.504875	0.644030
0.195001	2.191439	0.832982
0.200000	2.169371	0.478706
0.244999	2.264020	0.411848
0.245001	2.581599	0.361595
0.250000	2.382816	0.373452
0.254999	2.822784	0.342620
0.295000	3.095220	0.468016
0.295001	2.573922	0.431281
0.300001	2.757842	0.353369
0.310001	3.383510	0.731002
0.345000	2.336113	0.570686
0.345001	2.590412	0.499144
0.349999	2.791791	0.570688
0.394999	1.744218	0.937878
0.395001	2.461697	0.458326
0.400000	3.178330	0.758293
0.409999	2.480719	0.462140
0.430000	2.787498	0.510993
0.444999	2.876685	0.683395
0.445001	2.513622	0.876153
0.449999	3.850849	1.047093
0.494999	4.087318	1.196942
0.495000	2.878676	1.004710
0.495000	2.543369	1.244142
0.495001	3.219356	0.825657
0.544999	4.692224	1.752669
0.544999	2.459252	1.121788
0.545000	3.348889	1.112805
0.545001	3.441425	1.097438
0.594999	2.931829	1.865108
0.595000	5.501730	1.983263
0.595001	3.870319	2.029611
0.620000	6.499694	2.353351
0.644999	7.613265	2.874644
0.645000	3.612569	2.827657
0.645001	4.763372	1.987863
0.690000	5.216234	1.710998
0.694999	8.047689	3.218914
0.695000	4.256690	2.299459
0.695001	5.539727	1.436202
0.710000	6.306215	1.660103
0.740000	7.470600	1.937462
0.744999	5.399837	1.990377
0.745000	8.863078	2.305305
0.745001	6.531336	1.838497
0.790000	7.716325	1.546451
0.794999	6.703464	2.525477
0.795000	9.884999	2.382230
0.840000	8.447541	1.523942
0.844999	11.106280	2.801626
0.845000	7.782634	2.630843
0.890000	9.331074	1.741780
0.890000	8.881095	2.329202
0.894999	12.474653	2.996406
0.910001	10.668447	1.762173
0.940000	12.056352	1.774765
0.940000	10.103469	2.299675
0.944999	13.521597	2.191839
0.990000	11.187707	2.704136
0.990001	13.122805	1.947432
0.995003	14.638679	1.903302
1.024999	15.753139	2.693628
1.040000	12.402817	2.984283
1.040001	14.440440	1.557133
1.044999	17.010956	2.724995
1.050001	15.765360	1.896847
1.065000	13.920219	2.708006
1.090000	15.004758	1.910821
1.094999	17.494949	2.031796
1.140000	18.021074	2.372480
1.140000	15.915046	1.654118
1.140001	17.336718	0.924821
1.189999	16.385142	1.375305
1.190000	18.447720	1.666833
1.190001	18.027666	1.030231
1.215001	17.155793	1.018647
1.240000	16.738481	1.812689
1.289999	17.256724	1.328192
1.290000	18.893139	1.601102
1.335001	19.908068	2.042905
1.340000	17.319707	1.904135
1.385001	20.132740	2.095491
1.389999	19.478322	1.607797
1.390000	17.271348	2.126375
1.394999	17.263865	2.341370
1.435001	20.158726	1.881513
1.440000	19.665340	1.713388
1.489999	19.632507	1.401006
40.000000	126
0.044999	0.009039	0.210448
0.050000	0.024366	0.330634
0.050000	0.099865	0.462536
0.050002	0.361716	0.354935
0.100000	0.587868	0.417926
0.100000	0.965333	0.581193
0.100001	0.545084	0.782467
0.120001	1.132695	0.616965
0.150000	1.717813	0.709196
0.160000	1.864510	0.706788
0.200000	1.990498	0.560285
0.200000	2.516559	0.509734
0.200001	2.372735	0.342826
0.249999	2.787124	0.603786
0.250000	2.162754	0.616608
0.250001	2.119194	0.801186
0.255000	3.474030	1.097635
0.299999	2.190640	0.805774
0.300000	3.343286	1.033503
0.300000	2.233964	0.808135
0.349999	3.145723	1.059088
0.350000	1.828339	0.868111
0.350000	1.843557	0.605816
0.399999	1.914322	0.764272
0.400000	2.393128	0.796147
0.400001	2.059788	0.905875
0.420000	3.227907	1.036905
0.444999	3.857664	1.439341
0.450000	2.444188	0.866548
0.450000	1.942074	1.237576
0.450001	2.863177	0.719264
0.495000	3.592176	1.090821
0.499999	2.150244	1.282502
0.500000	3.089771	0.665935
0.510000	4.077585	1.098569
0.544999	3.775277	0.956036
0.550000	2.920502	1.242689
0.550000	5.018246	1.208369
0.580001	3.855105	0.902969
0.594999	4.296547	0.875076
0.595000	4.779841	0.512569
0.595001	5.123709	0.671052
0.600001	5.329771	0.565957
0.644999	4.679107	0.876039
0.645000	5.347160	0.505656
0.645001	5.622583	0.963773
0.669999	6.303006	1.082207
0.694999	5.127837	1.322799
0.695000	7.575442	1.572859
0.695001	6.187911	0.822340
0.695001	6.435641	0.987182
0.720000	7.133391	0.849747
0.744999	5.988142	1.319972
0.745001	7.881045	1.246620
0.745003	8.074474	1.177144
0.794999	6.971168	1.415586
0.795000	9.373631	1.563780
0.795001	8.439282	1.268359
0.844999	8.012618	1.526225
0.845000	10.876838	2.071467
0.845001	9.045287	2.299230
0.894999	9.272379	2.829607
0.895000	12.723976	2.359001
0.895001	12.698532	2.469978
0.905000	13.764056	2.511531
0.944999	10.866907	2.575851
0.945000	15.349791	3.119789
0.945001	11.631818	2.167680
0.965001	12.849753	2.189020
0.994999	12.402759	3.174850
0.995000	14.307720	2.262146
0.995001	16.691645	2.926244
1.030000	17.785643	3.235585
1.044999	14.208744	3.435736
1.045000	18.967165	2.950242
1.045001	15.264604	2.614642
1.090000	19.509639	3.387697
1.094999	15.966535	3.244023
1.095001	16.415983	3.320245
1.095001	20.075827	2.470578
1.100000	20.865899	3.016003
1.140000	21.090338	2.463917
1.144999	17.985906	3.801635
1.145001	22.208720	2.141710
1.190000	22.705218	2.778765
1.190000	22.916513	3.042158
1.194999	19.782209	2.175047
1.195001	19.153553	3.074390
1.220000	20.330374	1.994536
1.240000	21.635174	1.941083
1.240000	23.843806	2.751214
1.240001	21.534044	2.040058
1.240002	24.169759	1.708106
1.265000	22.976006	2.085328
1.290000	24.559059	1.765172
1.339999	25.735583	1.906127
1.340000	26.398412	2.143090
1.340001	23.103297	3.420581
1.389999	27.461958	2.021093
1.390000	26.579106	1.883519
1.439999	27.487030	2.003368
1.440000	28.248983	1.590161
1.440001	28.765365	1.869758
1.489999	28.837626	1.692957
1.490000	24.997822	3.257284
1.490000	28.455794	2.098200
1.540000	28.475831	2.241227
1.540001	24.686794	3.558161
1.590000	28.554277	2.242891
1.590000	30.359386	3.414672
1.615000	25.097193	4.053554
1.640000	28.569405	1.844248
1.640003	30.643490	2.703730
1.660000	29.092138	1.920860
1.684999	29.325656	1.659580
1.690000	28.504897	1.706476
1.690001	30.852620	2.822134
1.740000	25.985472	3.069298
1.740000	28.360064	1.753726
1.765000	28.217856	1.993621
1.790000	28.155232	1.891685
1.840000	25.806898	1.725850
1.885001	25.751125	1.412469
1.935001	25.826563	1.046037
1.985001	25.954530	0.141962
2.035000	25.987231	0.165962
50.000000	151
0.050000	0.007015	0.257925
0.050001	0.130741	0.173846
0.050001	0.053020	0.725712
0.085000	0.433808	0.558580
0.095000	0.218438	0.604159
0.100000	1.619151	1.208272
0.100000	0.474392	0.900608
0.100001	0.503220	0.914081
0.150000	0.999519	0.720976
0.150000	2.266693	1.264451
0.150001	1.077572	0.851499
0.175001	1.774762	0.721444
0.200000	2.362078	0.815606
0.200001	1.758962	1.009751
0.210000	2.978352	1.066535
0.245000	3.477309	1.431822
0.250000	2.680737	0.834790
0.250001	1.197309	1.596751
0.250003	2.055218	0.898722
0.275001	2.809730	0.778721
0.295000	2.376589	0.758356
0.295001	3.067155	0.628365
0.300000	2.363939	0.666642
0.300001	3.513246	1.120704
0.325001	2.737947	0.585099
0.345000	1.648201	1.167962
0.345001	2.710446	0.881389
0.350001	2.865978	0.913986
0.395000	1.019518	1.506549
0.395001	2.646851	0.712724
0.400001	2.689278	1.094130
0.400001	2.251558	0.953437
0.415001	3.082191	1.066430
0.445000	0.685378	2.111652
0.445001	2.919095	0.980420
0.450000	3.218080	1.460281
0.450001	2.456569	1.182014
0.490001	2.870907	0.927800
0.495000	0.857643	2.373563
0.495001	3.769486	1.414846
0.500000	2.969248	1.082383
0.500001	3.804446	1.312976
0.525001	3.170226	0.800987
0.545000	4.056650	0.617919
0.545001	4.508133	0.848581
0.550000	3.857249	0.851299
0.595000	4.181346	0.669285
0.595001	5.648788	1.398754
0.600000	4.170618	1.219933
0.645000	4.735221	0.964507
0.645001	4.215124	1.322087
0.645001	6.685646	2.384219
0.680000	4.951622	1.766815
0.695000	2.984800	4.072349
0.695001	5.603560	2.442933
0.695001	8.244084	3.556922
0.735001	9.760330	4.290531
0.745000	3.842140	6.926343
0.745001	11.204036	3.611850
0.795000	12.563387	4.513245
0.840000	13.846290	5.329698
0.845000	9.106343	3.665524
0.845001	7.782782	4.667182
0.890000	15.424411	5.206397
0.895000	9.464125	4.226637
0.895000	10.629179	3.659765
0.940000	17.245733	5.241202
0.945001	12.071047	3.830928
0.950000	12.061633	3.746123
0.990000	19.121768	6.245557
0.990001	10.430651	4.225483
0.995000	13.725395	3.986657
0.995001	13.992649	3.881459
1.040000	12.073378	5.791037
1.040001	20.783421	6.534121
1.045001	15.229193	4.057890
1.090000	22.382662	7.071940
1.090001	13.644355	5.014540
1.095000	16.895733	3.945184
1.095001	16.586229	4.018635
1.110001	14.990313	5.661315
1.120000	23.693175	6.281569
1.125001	17.807654	5.230338
1.140000	25.022088	6.130922
1.145001	18.412115	4.749682
1.190000	26.033015	6.096843
1.190001	19.887402	3.401100
1.195001	20.188505	3.751396
1.240000	21.098904	3.210234
1.240001	21.126940	3.698188
1.240001	26.920803	5.088462
1.290000	22.237461	3.201561
1.290000	27.823177	5.599205
1.290001	22.468892	3.207856
1.290001	19.832694	5.678593
1.295001	23.494633	3.221613
1.340000	24.749003	3.486208
1.340000	28.738778	5.290750
1.340001	23.496345	3.389237
1.390000	29.697938	4.568414
1.390001	24.638602	3.729144
1.410001	23.820086	5.005629
1.440000	30.795535	4.448022
1.440001	25.710146	4.449454
1.485001	31.743770	5.081207
1.490000	32.839943	4.758782
1.490001	26.692753	4.392483
1.535000	26.441968	4.572550
1.535001	33.808869	5.581190
1.540001	27.584490	3.795716
1.585001	27.317525	3.966930
1.585001	34.219359	5.600555
1.590000	28.812731	2.367257
1.590001	28.571649	3.436510
1.615000	28.282711	3.635822
1.635000	29.368205	2.235745
1.635001	34.622437	5.453566
1.640000	29.811300	2.989929
1.640001	29.626451	3.043458
1.685000	29.530259	4.084201
1.685001	35.088133	4.801021
1.690000	30.448565	3.045883
1.735001	36.036596	4.936041
1.735001	29.862356	3.684939
1.740001	31.473237	3.084574
1.765001	32.461208	2.752444
1.785000	32.382295	2.362182
1.785001	37.024451	4.901171
1.785001	30.433211	4.516636
1.790000	33.356044	2.670905
1.835000	33.277661	2.902181
1.835000	37.809526	5.602807
1.840000	33.236100	2.843351
1.860003	30.473927	5.600565
1.885000	33.469011	3.537106
1.885001	37.696110	5.081900
1.935000	38.074320	5.044351
1.935001	30.618638	5.558916
1.985000	33.848956	3.912827
1.985001	38.412069	5.386694
1.990001	31.277677	4.427890
2.035000	38.468324	4.745295
2.035000	31.968275	4.732501
2.050000	34.018036	2.910992
2.080000	38.404414	4.639975
2.085000	34.090516	2.051200
2.085001	34.303583	1.923575
2.135000	32.652769	2.572901
2.135001	33.975851	0.942701
2.145000	32.746505	0.998034
2.180001	32.945790	0.628915
