20.000000	48
0.040001	0.022394	0.587325
0.050000	0.028241	0.517821
0.050001	0.372373	0.622491
0.100000	0.977554	0.711354
0.100000	0.258234	1.040485
0.140001	1.520105	0.868341
0.150000	0.766392	0.910156
0.150001	2.273615	1.314584
0.200000	1.090841	0.695512
0.200001	2.078800	1.070081
0.250000	0.848618	0.830413
0.250001	1.514166	0.736140
0.300000	0.561617	0.773576
0.300001	0.750850	0.435975
0.345000	0.608381	0.460619
0.350001	0.050777	0.742423
0.394999	0.795879	0.431931
0.400001	0.318530	0.500681
0.445000	1.322902	0.878679
0.450001	0.649546	0.563717
0.465000	0.271753	0.964243
0.494999	1.734389	0.872726
0.495000	0.701080	0.810217
0.545000	1.687782	0.705920
0.545001	1.614008	0.384195
0.594999	1.637554	0.388506
0.595004	1.720611	0.111799
0.644999	1.756637	0.127707
0.645000	1.570612	0.296045
0.694999	1.899095	0.216588
0.695001	1.672174	0.380185
0.744999	2.158875	0.367776
0.745000	1.948400	0.331926
0.794999	2.368683	0.861764
0.795000	1.889023	0.548727
0.820000	1.350191	0.769035
0.845000	0.793044	1.189067
0.870000	1.982194	0.840142
0.894999	2.424028	0.996312
0.895000	1.437161	1.539478
0.939999	3.368038	1.121398
0.945000	2.710935	1.213517
0.990000	4.117333	1.325944
0.995000	3.477441	0.828344
1.039999	4.744074	1.064203
1.045001	3.963095	0.665548
1.090001	4.603382	0.671620
1.140000	4.930167	0.599068
30.000000	115
0.050000	0.071376	0.229770
0.050001	0.001517	0.583280
0.100000	0.369264	0.843843
0.100004	0.325868	0.817883
0.124999	1.057709	0.740355
0.150000	2.060577	1.205413
0.150001	0.870786	1.003655
0.195001	1.408391	0.641760
0.199999	2.101470	0.637932
0.220000	2.449666	0.852652
0.245001	1.671408	0.758161
0.250000	2.474204	0.544444
0.270000	2.209968	0.540987
0.295001	2.957684	1.358722
0.299999	1.642982	0.900060
0.345000	1.533116	1.032990
0.350000	0.750519	1.075969
0.395001	0.497885	0.689870
0.400000	0.043603	0.715955
0.445000	0.430871	0.324881
0.450000	0.053045	0.372299
0.470000	0.070538	0.488151
0.495001	0.753439	0.550995
0.500000	0.045534	0.932539
0.545000	0.982622	0.613348
0.545001	1.208368	0.552379
0.594999	1.622126	0.799094
0.595001	1.168884	0.635275
0.620000	1.427175	0.704964
0.645000	2.344672	0.812947
0.645001	2.023620	0.820930
0.694999	2.704555	1.141625
0.695001	1.351519	1.557360
0.745000	3.416018	1.890815
0.745001	0.899541	2.463432
0.794999	3.962459	2.556617
0.795001	0.567733	3.409271
0.820000	5.037705	3.499964
0.840000	0.793807	3.683436
0.845000	6.041308	4.248173
0.890000	1.010377	3.865516
0.894999	5.865386	3.471265
0.940000	1.097916	4.050327
0.945000	5.959920	3.498807
0.990000	6.352605	3.668403
0.990000	1.178398	4.616961
0.994999	7.472124	4.420386
1.040000	1.381286	4.819165
1.044999	7.391607	4.898052
1.090000	1.390756	5.116387
1.094999	7.813128	5.173400
1.120000	1.645025	5.066917
1.139999	7.929844	5.160915
1.140000	1.509783	5.382987
1.190000	8.232233	5.248767
1.190000	1.910755	5.197617
1.239999	8.404676	5.239303
1.240000	2.179763	5.076420
1.290000	8.505956	5.119264
1.290001	2.387892	4.932114
1.339999	8.432914	4.803117
1.340000	2.482878	4.844873
1.390000	8.365135	4.461502
1.390000	3.201991	4.218464
1.420000	8.316339	4.105150
1.435001	3.628407	3.823852
1.440000	8.290850	3.821685
1.485001	3.963409	3.477590
1.490000	8.242014	3.856380
1.535001	3.679231	3.619717
1.540000	8.011571	4.041647
1.585001	2.878835	4.169817
1.590000	7.806884	4.355904
1.635001	1.977276	4.759329
1.640000	7.724085	4.609000
1.685001	1.603085	4.954033
1.690000	7.592574	4.539106
1.735001	1.939256	4.627241
1.740000	7.533846	4.232442
1.760000	2.669712	3.981000
1.784999	7.515805	3.929684
1.785000	3.369178	3.385482
1.834999	7.432945	3.788674
1.835001	2.947402	3.691694
1.884999	7.498174	4.268383
1.885001	2.256987	4.185444
1.934999	7.353891	4.608517
1.935000	0.860304	5.180897
1.984999	6.994208	4.856350
1.985001	1.051657	4.275020
2.034999	6.794111	4.734470
2.035000	0.215162	4.977254
2.080001	2.005919	3.806709
2.084999	7.030752	4.173136
2.130000	3.222070	3.473289
2.134999	7.765609	4.112182
2.180000	2.825148	3.512207
2.185000	8.375183	4.583953
2.230000	3.040914	2.962309
2.280000	3.779780	1.960056
2.330000	4.042222	1.946469
2.355001	3.569485	0.668935
2.380001	3.177423	0.623784
2.430000	2.658372	0.712496
2.455000	2.495282	0.542019
2.480000	2.598214	0.307432
2.530000	2.625125	0.220372
2.555000	2.794324	0.195495
2.580001	3.020359	0.353394
2.630000	2.921533	0.243385
2.675001	2.720004	0.341405
2.720001	2.506710	0.734063
2.725001	3.091591	1.079587
2.775001	2.104030	0.824484
2.825001	1.007561	1.611714
40.000000	228
0.029999	0.024177	0.343727
0.049999	0.011170	0.693264
0.079999	0.471427	0.555247
0.100000	0.416915	0.838702
0.110000	1.254482	0.855964
0.129999	1.188001	0.898094
0.134999	2.030170	0.842976
0.150000	2.218547	0.603503
0.179998	2.586463	0.679387
0.200000	2.102078	0.303232
0.224999	2.315665	0.278745
0.229999	2.339647	0.480422
0.250000	2.545109	0.832826
0.280002	1.782195	0.763927
0.300000	1.383649	0.778942
0.329999	1.152473	0.834723
0.350000	0.452255	0.799850
0.379998	0.837930	0.462916
0.400000	0.056157	1.038953
0.429999	1.089730	0.691223
0.450000	0.581647	1.157645
0.474998	1.834404	1.200555
0.500000	1.808058	0.985901
0.524999	2.671479	1.260975
0.534998	3.465509	1.203054
0.550000	2.372495	1.290128
0.574998	4.405515	1.429283
0.594999	2.712108	1.327229
0.624999	4.406068	1.219296
0.645000	3.236834	1.160062
0.674999	4.680305	1.130592
0.694999	3.718420	1.001258
0.724999	4.895349	1.022339
0.745000	3.864611	1.176125
0.774999	5.444271	1.277316
0.794999	4.043734	1.360090
0.824999	5.870369	1.515665
0.844999	4.076441	1.672672
0.874999	6.289300	1.734005
0.894999	4.182608	1.617793
0.924998	6.681966	1.790208
0.934999	4.463515	1.593555
0.945000	5.624784	1.111469
0.974999	6.668562	1.374188
0.995000	5.295264	1.198707
1.024999	6.916324	1.550001
1.045000	4.816228	1.783765
1.069999	7.049613	1.797935
1.094999	4.543657	2.096883
1.119999	7.257045	1.797059
1.145000	4.815992	1.896665
1.149999	7.182067	1.698685
1.169999	7.035533	1.449790
1.189999	5.009310	1.708874
1.219999	7.106634	1.169691
1.240002	5.163685	1.534924
1.264998	7.067239	1.379984
1.269999	6.955130	1.316603
1.290000	5.185137	1.450769
1.319999	6.961787	1.441139
1.340000	4.949402	1.421114
1.369999	6.840638	1.689779
1.385000	4.675030	1.586438
1.390000	4.368770	1.741446
1.419998	6.838016	2.181977
1.440000	4.097094	1.882934
1.469999	6.710513	2.480116
1.490000	3.634652	2.513008
1.519998	6.608738	2.870270
1.540000	2.824050	3.085337
1.569999	6.542003	3.234492
1.590000	2.143485	3.544043
1.619999	6.393919	3.417977
1.640000	1.946089	3.177784
1.669999	6.327702	3.401113
1.690000	1.980787	3.104376
1.695000	2.613584	2.615765
1.714998	6.260754	3.097615
1.739999	2.836200	2.442556
1.764999	6.227626	2.974617
1.790000	2.490053	2.664437
1.814998	6.251756	2.947084
1.834999	2.412411	2.730659
1.850000	2.852649	2.421943
1.864999	6.233759	2.742279
1.885000	3.212431	1.797744
1.914998	6.281102	2.563114
1.934999	3.078608	2.268903
1.950000	3.454801	2.027582
1.964999	6.291679	2.511704
1.984999	3.518291	2.031944
2.014998	6.357625	2.637134
2.034999	2.858882	2.877570
2.064998	6.414343	2.763874
2.084999	2.753478	2.989170
2.114999	6.404292	2.776794
2.135000	3.037906	2.799822
2.164999	6.468117	2.757174
2.185000	3.399561	2.533496
2.214998	6.548332	2.780848
2.235001	3.209191	2.708991
2.264998	6.559526	2.827982
2.285000	2.942167	2.913456
2.309999	6.515099	2.902710
2.334999	2.859880	2.938201
2.359999	6.405650	2.926649
2.385000	2.842916	2.911869
2.409999	6.348523	2.986891
2.430000	2.648638	3.047701
2.459999	6.359819	3.093537
2.480000	2.427211	3.233692
2.509999	6.399230	3.217734
2.530000	2.383478	3.278237
2.559999	6.436030	3.288152
2.580000	2.380545	3.290762
2.610000	6.398247	3.268355
2.630000	2.445024	3.243375
2.659998	6.409417	3.287933
2.679999	2.372949	2.855335
2.709999	6.424348	3.307724
2.714999	2.332485	2.895996
2.730000	2.343519	2.900147
2.760002	6.449312	3.313063
2.779999	2.410017	2.864728
2.809999	6.460437	3.286978
2.830000	2.482466	2.813240
2.859999	6.472346	3.262002
2.879999	2.504946	2.800690
2.890000	2.512321	2.796660
2.909999	6.463347	3.175526
2.930000	2.591724	2.737290
2.954998	6.465571	2.735163
2.980000	2.690460	3.076931
3.004998	6.456542	2.671445
3.019999	6.448327	2.616772
3.030000	2.755297	3.013422
3.054998	6.443916	2.588093
3.074999	2.798043	2.970201
3.104998	6.434243	2.940629
3.124999	2.798266	2.965085
3.154998	6.416306	2.766676
3.174999	2.983667	2.817016
3.204998	6.419686	2.539199
3.224999	3.594680	2.324627
3.254998	6.405661	2.350308
3.274999	4.014816	1.980149
3.304998	6.428343	2.462081
3.324999	3.610098	2.339845
3.354998	6.435760	2.775697
3.374999	2.610855	3.148113
3.404998	6.428774	3.042255
3.424999	2.222493	3.433421
3.454998	6.423304	3.170207
3.474999	2.515005	3.187952
3.504999	6.394142	3.135055
3.524999	2.839448	2.916414
3.549999	6.406961	2.641171
3.574999	2.667991	3.047663
3.599999	6.401913	2.625353
3.609999	6.394013	2.625888
3.624999	2.565146	3.118917
3.649999	6.375938	2.551483
3.670000	2.812436	2.907506
3.699998	6.358689	2.907382
3.719999	2.935238	2.796225
3.724998	6.354068	2.857871
3.740000	2.890256	2.827500
3.749999	6.348347	2.881433
3.770000	2.779857	2.913126
3.799999	6.349727	2.926628
3.819999	2.677642	2.593332
3.849999	6.335434	2.947644
3.870000	2.717292	2.555047
3.880000	2.727377	2.531684
3.899999	6.306490	2.958325
3.920000	2.710355	2.518239
3.949999	6.280622	2.551899
3.970000	2.580362	3.001624
3.989998	6.225029	2.996937
3.999999	6.209343	2.620244
4.014999	2.468425	2.633820
4.020000	2.464998	3.017860
4.049999	6.141281	2.625602
4.070000	2.354092	2.647126
4.089999	6.064936	2.661601
4.099999	6.074141	2.789642
4.120000	2.096489	3.403226
4.149998	6.207432	2.526605
4.170000	1.949850	3.945639
4.184998	6.671822	3.442287
4.194999	7.945770	4.348630
4.220000	1.904441	4.137258
4.244998	8.488091	4.639582
4.264999	1.939446	4.698117
4.270000	2.262362	3.826354
4.294999	9.244702	5.876099
4.314999	1.969405	5.974233
4.324999	2.140261	5.853226
4.329999	10.281943	5.905931
4.344998	11.561307	7.849332
4.364999	2.105344	8.022810
4.394999	12.361705	7.579633
4.414999	1.701354	9.169400
4.444998	13.266147	9.528246
4.465000	1.403376	8.449736
4.494998	14.335007	10.652050
4.514999	1.277361	9.356795
4.530000	0.907201	10.617984
4.544998	15.752813	12.346390
4.565000	0.105630	12.189289
4.594999	17.482050	13.962858
4.614999	0.428504	14.260803
4.644998	18.614509	14.829190
4.664999	0.219180	15.153489
4.694999	19.499069	15.183977
4.714999	1.131177	14.819354
4.744999	19.422954	14.901361
4.764999	1.899330	12.448276
4.789999	19.532871	16.752218
4.814999	1.483220	10.403434
4.864999	0.792865	7.670227
4.910000	0.631365	7.733621
4.960000	0.859262	0.415998
5.010000	1.066960	0.312443
5.060000	1.401407	0.415289
5.110000	1.364825	0.270521
5.119999	1.344692	0.154383
5.160000	1.223947	0.148232
50.000000	194
0.014999	0.036873	0.735036
0.050000	0.568480	0.412296
0.050001	0.385076	0.758654
0.100000	1.140043	0.960404
0.100001	0.376062	1.163456
0.134999	1.852332	1.227805
0.150000	2.666341	1.591496
0.150001	0.099903	1.805683
0.200001	2.539244	1.522128
0.250000	2.068989	1.438606
0.250001	0.062643	1.426129
0.300000	1.486553	1.107257
0.300001	0.172256	0.997318
0.345001	0.118921	0.675174
0.350000	0.954198	0.693229
0.395000	0.301062	0.303491
0.400000	0.476504	0.355576
0.444999	0.156640	0.420306
0.445001	0.144063	0.601663
0.495000	0.077835	0.666684
0.495000	0.699141	0.835000
0.520000	1.457139	1.021888
0.544999	0.534752	0.998062
0.545000	2.309520	1.249165
0.594999	0.759310	0.928327
0.595000	1.834733	0.925175
0.640001	1.795486	0.900702
0.644999	0.756791	1.293273
0.645000	2.783569	1.581731
0.694999	0.581831	1.543682
0.695004	2.668866	1.630423
0.744999	0.742489	1.459314
0.745001	2.469944	1.520747
0.795000	0.625765	1.448233
0.795001	2.112567	1.234480
0.844999	0.531215	1.510270
0.845001	2.291859	1.382280
0.895000	0.564854	1.548164
0.940000	2.608764	1.645335
0.945000	0.719178	1.312153
0.990001	2.755835	1.774030
0.995000	0.594717	1.556899
1.020000	1.034358	1.055242
1.040000	1.246141	1.170380
1.040001	2.871479	1.764045
1.090000	0.962001	1.415574
1.090001	2.903818	1.489516
1.140000	0.916082	1.700470
1.140001	3.087623	1.662568
1.190000	1.228266	1.538037
1.190001	3.097767	1.663963
1.240000	1.122976	1.719250
1.240001	3.307950	1.842109
1.290000	0.996867	1.609858
1.290001	3.397658	1.971007
1.304999	0.885622	1.798340
1.340000	0.943136	1.832784
1.340001	3.565596	1.844029
1.390000	1.053578	1.791332
1.390001	3.632789	2.162209
1.395000	3.553471	1.807089
1.414999	1.025655	1.803951
1.440000	0.920524	2.137847
1.440001	3.429939	2.330798
1.489999	0.286726	1.865754
1.490000	3.455012	2.511433
1.530000	0.170753	2.622690
1.540000	0.201605	9.237466
1.540001	3.352631	7.891567
1.585000	3.289029	8.011498
1.589999	22.154524	20.373443
1.635000	3.066315	7.932913
1.640000	0.144465	9.277837
1.684999	0.933969	8.807327
1.685000	2.960225	1.535157
1.734999	2.391585	1.884503
1.735000	2.857906	1.485639
1.780000	4.287230	1.475631
1.784999	5.553805	2.437536
1.785000	2.808454	2.156211
1.795000	2.917361	3.059380
1.834999	7.067072	3.302033
1.835000	2.955481	4.028685
1.860000	8.403529	4.198225
1.884999	10.080929	5.307877
1.885001	2.936477	5.153750
1.934999	11.792167	6.515720
1.935000	2.842089	6.503453
1.945000	2.985694	7.889120
1.984999	13.850148	8.984890
1.985000	3.082503	9.203997
2.034999	16.320107	9.611959
2.035000	2.947047	11.635144
2.040000	17.814085	10.664810
2.084999	20.078617	12.212665
2.085000	3.019608	12.062449
2.134999	22.073671	13.550551
2.135000	3.132826	13.413420
2.180001	3.252576	14.710430
2.185000	23.953523	14.757102
2.230001	3.406740	15.949862
2.235000	25.957756	16.091002
2.280000	27.811068	17.373655
2.280001	3.405171	20.740512
2.330000	29.615323	18.667158
2.330001	3.351439	22.194871
2.380000	31.508041	19.969332
2.380001	3.275286	23.552100
2.399999	32.928556	21.001030
2.430000	34.226719	21.972221
2.430001	3.179126	25.413537
2.480000	34.773983	22.362856
2.480001	3.156624	22.339477
2.529999	35.239395	29.280425
2.530000	3.170662	18.381034
2.580001	3.170931	13.091902
2.630000	3.147523	13.101481
2.670001	3.181358	0.015847
2.680001	3.184069	0.018442
2.730001	3.179568	0.022586
2.780001	3.192680	0.021440
2.825000	3.204820	0.025715
2.875001	3.214220	0.030398
2.925001	3.234781	0.030873
2.975000	3.246843	0.031600
3.025001	3.262223	0.035082
3.075003	3.276346	0.038135
3.125000	3.290533	0.039663
3.175000	3.317807	0.036414
3.225000	3.339653	0.035126
3.275000	3.348591	0.030308
3.295000	3.349086	0.023808
3.325000	3.357998	0.020509
3.375000	3.380600	0.020731
3.420001	3.384594	0.018930
3.470001	3.386299	0.014217
3.520001	3.379363	0.029658
3.570001	3.372940	0.055293
3.620001	3.398538	0.054018
3.670000	3.448585	0.052920
3.715000	3.480694	0.056957
3.720001	3.482684	0.037231
3.770001	3.488475	0.025267
3.820001	3.483664	0.042522
3.870001	3.488588	0.087807
3.920001	3.442409	0.117867
3.970001	3.388323	0.163004
4.020001	3.304154	0.195584
4.065001	3.207123	0.193352
4.115000	3.076177	0.188354
4.165000	2.975649	0.223095
4.215000	2.970535	0.306214
4.265000	2.917932	0.357646
4.280001	3.327314	0.294831
4.315000	3.575004	0.397011
4.365001	3.288050	0.257931
4.380001	3.527581	0.220406
4.415002	3.626366	0.372583
4.465000	3.368470	0.310941
4.515001	3.131770	0.328198
4.565000	2.997939	0.348050
4.615000	2.831356	0.289771
4.660001	2.847503	0.258705
4.710000	2.642513	0.222666
4.760001	2.583584	0.207966
4.810001	2.415997	0.232070
4.860001	2.445821	0.314650
4.910001	2.304444	0.527555
4.960001	2.205725	0.581399
4.975000	3.122460	1.073626
5.010001	3.242868	1.378907
5.060001	2.183929	0.919205
5.110001	1.109177	1.278370
5.130000	1.302890	0.880740
5.160001	1.118265	0.575013
5.210001	1.191247	0.759956
5.260000	1.477243	0.833697
5.305001	1.942788	0.796120
5.355000	2.862794	0.963714
5.370001	2.816185	0.657328
5.405000	2.798487	0.395400
5.455000	2.785817	0.351236
5.505000	2.633197	0.500801
5.555000	2.381477	0.469921
5.605000	2.046621	0.449337
5.655000	1.626580	0.682811
5.705001	1.889330	0.535028
5.755000	2.134015	0.476892
5.805000	2.469952	0.488710
5.855000	2.881575	0.550015
5.900001	2.740528	0.281141
5.950001	2.640619	0.160336
6.000001	2.725657	0.095798
6.050001	2.795983	0.103535
