20.000000	56
0.050000	0.024162	0.309972
0.085000	0.006450	0.556671
0.100000	0.292520	0.729775
0.135000	0.488834	0.664218
0.149999	0.968056	0.847507
0.160000	1.711716	0.910589
0.185000	1.148279	1.005873
0.200000	2.421811	0.875144
0.215000	2.012953	0.579297
0.234999	2.856006	0.935993
0.244999	2.428877	0.541542
0.279999	2.365383	0.757759
0.294999	1.847166	0.840525
0.330000	1.398485	0.793104
0.344999	0.996878	0.792212
0.379999	0.547206	0.687964
0.395000	0.567697	0.472008
0.429999	0.208136	0.382461
0.445000	0.219180	0.252001
0.479999	0.108156	0.726367
0.494999	0.242368	0.675716
0.530000	0.591971	0.923921
0.535000	1.745246	1.123338
0.544999	0.824577	1.128585
0.579999	2.392626	1.083499
0.595002	1.555911	0.866580
0.629999	2.670625	0.962654
0.644999	2.010249	0.587719
0.679999	2.892311	0.748055
0.694999	2.081370	0.722806
0.720000	2.717824	0.507967
0.729999	2.655022	0.450917
0.744999	3.260623	0.619364
0.779999	3.277669	0.473403
0.794999	2.931044	0.542721
0.829999	3.635771	0.978664
0.840000	2.649283	0.850993
0.875000	3.872474	1.563259
0.890000	1.647831	1.464112
0.925000	3.280645	1.401862
0.934999	1.240962	1.768119
0.940000	1.292486	1.985074
0.975000	3.793724	1.684026
0.990000	2.234695	1.981106
1.025000	4.816328	2.076846
1.040000	3.084256	1.888159
1.075000	5.677988	2.196805
1.090000	3.398870	2.227095
1.125000	6.299729	2.360037
1.140000	3.665875	2.595534
1.175000	7.136633	2.588233
1.189999	3.722862	3.644022
1.225000	7.826916	2.470693
1.274999	8.296781	2.142928
1.325000	8.582087	2.468795
1.374999	8.922754	0.754709
30.000000	311
0.045000	0.040302	0.438783
0.050001	0.150564	0.806031
0.094999	0.514586	0.673335
0.095000	0.623814	1.040863
0.110001	1.643920	0.986411
0.145000	1.303331	0.978160
0.145000	2.726581	1.240867
0.194999	1.705292	0.968749
0.195000	2.837512	0.981196
0.205000	3.477407	1.395421
0.245000	1.692373	1.218419
0.245001	3.476045	1.354279
0.294999	1.383783	1.410533
0.295000	2.756657	0.914316
0.320000	1.888553	0.796037
0.344999	2.354353	0.633530
0.345001	2.004733	0.402330
0.394999	1.681047	0.514508
0.395000	1.638977	0.541994
0.435000	1.827121	0.589633
0.444999	2.662899	0.792840
0.445004	1.816231	1.067887
0.455000	2.966891	0.759274
0.494999	3.164235	0.677859
0.495000	3.534597	0.768337
0.544999	3.585151	0.332543
0.545001	3.743216	0.480361
0.594999	3.823967	0.444044
0.595001	3.724864	0.925454
0.640000	4.730078	1.044819
0.645001	3.371304	1.793337
0.690000	5.718266	1.674689
0.690001	3.770022	2.230148
0.740000	6.755528	2.223738
0.740001	4.494533	1.915202
0.790000	7.710435	2.452328
0.790001	5.270949	2.082425
0.795001	6.476603	1.924340
0.840000	9.062966	2.508710
0.840001	6.465975	2.098176
0.890000	9.413366	2.455709
0.890001	6.235138	2.604837
0.939999	9.548361	2.535628
0.940001	6.475815	2.492142
0.990000	9.629935	2.267501
0.990001	6.610250	2.330099
1.030000	9.504088	2.064961
1.039999	9.144890	1.765781
1.040000	6.701952	1.851289
1.090000	9.297184	1.837644
1.090001	6.710132	1.845033
1.095001	6.703766	1.968290
1.140000	9.501483	2.242692
1.140001	6.820830	1.593290
1.190000	9.649646	2.314176
1.190001	6.797865	2.220807
1.240000	6.950650	1.820329
1.240000	9.536195	1.849535
1.285000	9.372234	1.986564
1.290001	7.038355	1.671778
1.334999	9.286746	1.637538
1.335000	6.983513	1.861532
1.370000	6.908359	1.641508
1.385000	9.233813	1.678582
1.434999	9.153408	1.936897
1.435001	6.708258	1.932856
1.484999	9.018052	1.722248
1.485000	6.553947	1.968506
1.534999	8.866827	1.886661
1.535000	6.507649	1.930529
1.584999	8.800214	1.843852
1.585000	6.467854	1.925785
1.634999	8.795492	1.798985
1.635000	6.643181	1.768578
1.684999	8.835698	1.810794
1.685000	6.762792	1.669094
1.734999	8.794874	1.807780
1.735000	6.608634	1.782166
1.784999	8.792326	1.854431
1.785000	6.331553	1.987975
1.834999	8.717707	1.745298
1.835000	6.408007	1.934389
1.880000	8.742478	1.538395
1.885000	7.046306	1.612966
1.930000	8.767761	1.235112
1.930001	8.498782	0.930135
1.940000	9.157907	0.963591
1.980000	9.397011	0.834272
1.980001	9.805773	0.869860
2.030000	9.378415	1.474633
2.030001	11.054926	1.729723
2.079999	9.097342	2.663543
2.080001	12.528965	2.975510
2.130000	8.857890	4.015828
2.130001	14.227681	4.400450
2.180000	8.939432	5.148166
2.180000	15.897693	5.738729
2.230000	8.994275	6.095147
2.230001	17.290734	6.752993
2.280000	9.024911	6.855507
2.280001	17.883821	7.139764
2.330000	9.264166	7.238825
2.330001	18.399898	7.479190
2.380000	9.314312	7.559066
2.380001	18.864057	7.772195
2.430000	9.386128	7.742885
2.430001	19.094249	7.923665
2.480000	9.430764	6.780933
2.480001	19.101049	8.832635
2.524999	9.431124	5.581008
2.574999	9.431241	3.947798
2.624999	9.447765	3.941069
2.674999	9.477830	0.038160
2.724999	9.486429	0.050222
2.754999	9.505248	0.057117
2.774999	9.529362	0.059300
2.824999	9.577652	0.058925
2.874999	9.601891	0.054996
2.925000	9.621155	0.046811
2.940000	9.627217	0.033841
2.974999	9.646017	0.037542
3.024999	9.663623	0.050842
3.074999	9.672577	0.073207
3.120000	9.713266	0.072204
3.170000	9.761224	0.067680
3.220000	9.813286	0.089641
3.270000	9.814922	0.072083
3.304999	9.808188	0.116557
3.320000	9.688102	0.241929
3.370000	9.857667	0.158593
3.420000	10.057924	0.203388
3.470000	10.061576	0.178448
3.520000	10.047934	0.093392
3.570000	9.963860	0.155146
3.620000	10.077483	0.088156
3.669999	10.136832	0.133531
3.720000	10.239773	0.161436
3.765000	10.129760	0.200652
3.814999	10.371334	0.154754
3.864999	10.357655	0.142456
3.914999	10.470917	0.157582
3.964999	10.425476	0.073394
4.014999	10.553398	0.138070
4.064999	10.502414	0.116934
4.114999	10.446459	0.139213
4.164999	10.356261	0.179215
4.214999	10.283238	0.209445
4.265000	10.188587	0.240880
4.314999	10.054761	0.226732
4.360000	9.933908	0.200466
4.410000	9.786348	0.217190
4.460000	9.808223	0.155341
4.510000	9.888609	0.084674
4.540000	9.914714	0.104757
4.560000	10.031663	0.178216
4.610000	9.942475	0.092871
4.660000	9.763396	0.225275
4.709999	9.868634	0.168262
4.760000	9.993480	0.134245
4.800000	10.100363	0.172973
4.809999	10.108389	0.111333
4.860000	10.104723	0.051376
4.910000	10.072687	0.029428
4.959999	10.060105	0.044473
5.005000	10.084420	0.028279
5.054999	10.115503	0.032588
5.105000	10.121148	0.032605
5.154999	10.121054	0.029819
5.205000	10.136499	0.033378
5.230003	10.153334	0.043705
5.254999	10.172837	0.047358
5.305000	10.201040	0.049484
5.354999	10.233603	0.055092
5.364999	10.240562	0.057088
5.405000	10.270560	0.051834
5.454999	10.308440	0.048043
5.505000	10.329160	0.044959
5.554999	10.335004	0.029955
5.600000	10.341164	0.027509
5.650000	10.344554	0.050932
5.700000	10.354023	0.068957
5.749999	10.396937	0.062993
5.800000	10.455870	0.067374
5.849999	10.479319	0.066194
5.900000	10.473440	0.045200
5.950000	10.444036	0.026945
5.960000	10.434881	0.027637
6.000000	10.412525	0.037877
6.050000	10.411941	0.042297
6.099999	10.431520	0.041036
6.150000	10.467692	0.043270
6.199999	10.487348	0.043062
6.224999	10.501686	0.033602
6.244999	10.514933	0.023462
6.294999	10.518495	0.016080
6.320000	10.507370	0.013497
6.344999	10.506898	0.025639
6.394999	10.523758	0.029067
6.404999	10.532088	0.034550
6.444999	10.560059	0.036133
6.494999	10.579451	0.037048
6.544999	10.585206	0.037458
6.594999	10.603637	0.034025
6.644999	10.622994	0.033381
6.694999	10.641456	0.035081
6.745000	10.651780	0.034357
6.795000	10.665629	0.032501
6.840000	10.683382	0.028034
6.890000	10.703152	0.027717
6.940000	10.710581	0.022148
6.990000	10.706038	0.018563
7.040000	10.713544	0.018566
7.090000	10.720494	0.019605
7.140000	10.741534	0.022500
7.160000	10.746151	0.020707
7.190000	10.749641	0.019623
7.240000	10.763081	0.017690
7.290000	10.769196	0.019011
7.340000	10.778274	0.018270
7.390000	10.789117	0.016659
7.439999	10.796371	0.018750
7.484999	10.798878	0.018890
7.534999	10.807145	0.016168
7.584999	10.825840	0.018176
7.634999	10.827508	0.014984
7.684999	10.824315	0.007567
7.704999	10.820170	0.007724
7.734999	10.820726	0.012304
7.784999	10.821821	0.015521
7.834999	10.836037	0.017578
7.875000	10.845496	0.020332
7.884999	10.847757	0.020732
7.934999	10.866678	0.019252
7.970000	10.873118	0.019405
7.984999	10.875371	0.022022
8.034999	10.885685	0.023429
8.080000	10.898589	0.025924
8.130000	10.913069	0.030786
8.180000	10.927537	0.035480
8.230000	10.938967	0.036499
8.280000	10.962323	0.034303
8.330000	10.985962	0.034457
8.379999	10.991949	0.029432
8.430000	11.000301	0.022459
8.479999	11.012447	0.017499
8.530000	11.023366	0.017774
8.579999	11.025386	0.016234
8.630000	11.029222	0.016241
8.680000	11.038161	0.015115
8.725000	11.049934	0.015137
8.775000	11.056486	0.024977
8.825000	11.059004	0.025791
8.874999	11.058845	0.031712
8.925000	11.107566	0.035631
8.975001	11.092314	0.023120
9.025000	11.108390	0.023977
9.074999	11.114124	0.018325
9.125000	11.089060	0.013484
9.174999	11.090255	0.013107
9.225000	11.097832	0.012291
9.274999	11.089217	0.016735
9.320002	11.098761	0.014570
9.370000	11.118606	0.017364
9.404999	11.114715	0.014119
9.420000	11.120234	0.010076
9.470000	11.128718	0.012217
9.519999	11.121764	0.008441
9.549999	11.113861	0.010452
9.570000	11.112715	0.012060
9.619999	11.108246	0.010743
9.644999	11.096575	0.010845
9.670000	11.096814	0.008526
9.720000	11.094413	0.010067
9.760000	11.094234	0.022408
9.770000	11.090476	0.040031
9.820000	11.074646	0.052872
9.869999	11.043217	0.054151
9.920000	11.006445	0.067824
9.960000	10.974106	0.110950
9.964999	10.968107	0.144052
10.015000	10.896806	0.118637
10.065000	10.746251	0.188865
10.114999	10.717000	0.283607
10.154999	10.816982	0.267115
10.165000	11.036692	0.262898
10.214999	11.240599	0.375888
10.265000	11.240075	0.469840
10.305003	11.348010	0.672541
10.314999	11.824574	1.003849
10.364999	12.106583	1.506431
10.414999	12.686374	1.745766
10.429999	13.901656	1.800077
10.465000	15.047971	1.999636
10.514999	15.578099	2.156502
10.559999	16.412373	2.425086
10.610000	17.559088	2.779647
10.659999	19.017447	3.053246
10.710000	20.692978	3.218157
10.760000	22.340884	3.218022
10.774999	23.636852	3.057775
10.810000	25.143256	2.729015
10.860000	26.337728	2.296989
10.910000	27.490569	1.950962
10.960000	27.939860	1.344393
11.010000	28.088392	0.772887
11.060000	28.257512	0.351843
11.084999	28.302760	0.209612
11.109999	28.343905	0.252598
11.160000	28.132832	0.169193
11.170000	28.071769	0.198669
11.205000	27.908266	0.298298
40.000000	129
0.050000	0.318667	0.301634
0.050001	0.004374	0.994862
0.100000	0.358297	0.744177
0.100000	0.734116	1.018198
0.120000	1.793910	1.165488
0.125001	1.021579	1.075270
0.150000	2.775735	1.218024
0.150001	2.244589	0.609916
0.200000	2.137529	0.730012
0.200000	2.722673	0.543939
0.245000	2.349376	0.451616
0.249999	3.208097	1.181415
0.250001	1.813577	0.765625
0.300000	2.285767	0.590007
0.300001	1.348013	1.017223
0.325001	1.951980	0.399070
0.350000	2.427723	0.663254
0.350000	1.697095	0.484627
0.370000	2.362953	0.561467
0.400000	1.597560	0.853740
0.440000	2.182137	0.771809
0.444999	3.173193	1.108698
0.450000	2.111342	1.085714
0.494999	3.588282	1.340197
0.500001	1.775286	1.768782
0.544999	3.950323	1.668402
0.545001	1.848210	2.289961
0.595000	4.721707	2.305158
0.644999	5.806061	2.711850
0.645001	2.148077	3.855850
0.695000	7.280948	3.453598
0.744999	8.684337	4.730342
0.745001	2.353280	6.158866
0.794999	10.481142	5.848458
0.795001	2.522411	7.422617
0.845000	12.206846	7.879073
0.845001	2.775600	8.695538
0.895000	14.157691	9.272083
0.895001	2.940484	9.881190
0.944999	16.031057	10.537520
0.945001	3.306130	10.591748
0.995000	17.174677	11.155775
0.995001	3.685023	11.014942
1.040000	17.477112	11.004490
1.045001	4.198204	11.032845
1.090000	17.931067	10.899671
1.095001	4.870467	10.710420
1.140000	18.209518	10.676593
1.145001	5.666777	8.828175
1.190000	18.277761	10.340058
1.190000	5.869013	8.699601
1.240000	6.085114	8.450235
1.240000	18.020822	9.807347
1.275000	6.150368	6.790180
1.290000	17.793704	9.602786
1.290000	5.939789	9.747717
1.340000	5.959198	9.728718
1.340000	17.780939	8.323651
1.364999	17.914078	8.417894
1.389999	18.005881	8.405149
1.390000	6.133447	10.869116
1.440000	18.145271	8.419571
1.440000	6.270318	8.413978
1.489999	18.344974	9.973591
1.490000	6.316331	8.483901
1.495001	5.807744	8.921787
1.540000	18.422719	10.210566
1.540000	5.666798	9.058896
1.574999	18.487547	10.312961
1.590000	5.888448	10.299007
1.590000	18.504461	8.932714
1.640000	6.067716	10.237363
1.640000	18.589903	8.893446
1.684999	18.837109	9.052741
1.690000	6.113162	11.028886
1.735000	19.420985	9.562031
1.740000	5.943553	12.074716
1.784999	21.446822	12.712890
1.785001	5.829823	10.946864
1.835000	22.870295	13.926444
1.835001	5.819540	12.096540
1.880000	5.786162	13.146350
1.884999	24.340218	15.156011
1.885001	5.792213	14.193817
1.935000	25.807038	16.355372
1.935001	5.830252	14.166970
1.984999	27.336647	17.595026
1.985001	5.807105	15.177837
1.990001	5.809664	16.133292
2.034999	28.581664	18.575020
2.035001	5.834765	16.982318
2.084999	29.887091	19.611837
2.085001	5.948324	20.026593
2.114999	31.022952	20.512946
2.125001	5.940294	20.912826
2.135000	32.259993	21.500879
2.135001	5.932239	21.648691
2.184999	32.935890	22.060999
2.185001	5.924492	22.318791
2.234999	33.502208	19.517377
2.235001	5.884577	22.830882
2.245000	34.298147	20.081228
2.280000	34.618791	20.285091
2.285001	5.901172	23.151919
2.330000	34.177525	19.902819
2.335000	6.035431	22.980037
2.380000	33.926302	19.724491
2.385000	6.160900	22.775928
2.414999	33.992044	22.716520
2.429999	34.125481	22.673180
2.430000	6.208223	19.780628
2.445001	6.276810	19.737825
2.480000	6.786105	19.501160
2.480000	34.421422	24.976328
2.530000	7.470337	15.635067
2.530000	34.527006	23.609929
2.580000	8.639355	15.028917
2.630000	9.717203	10.373337
2.680000	10.920994	9.926981
2.730000	12.187645	2.888079
2.780000	13.760474	2.881526
2.830001	15.128600	2.858882
2.880000	16.503331	2.703214
2.930000	17.440101	2.247733
2.980001	18.813892	1.920290
3.025001	19.600051	1.578786
3.075001	19.440329	0.941812
3.125001	19.368188	0.315254
3.175001	19.545192	0.122931
50.000000	161
0.050000	0.009080	0.401943
0.050000	0.267270	0.392361
0.099999	0.386028	0.384432
0.100000	0.534365	0.649649
0.150000	0.948213	0.906426
0.150000	0.880690	0.890845
0.174999	1.902497	0.968484
0.200000	2.698478	1.594908
0.200000	1.090446	0.769502
0.250000	1.189595	0.852495
0.299999	0.854970	1.251705
0.300000	1.535780	0.700880
0.310000	2.344531	1.014109
0.344999	2.630457	1.257913
0.350000	0.976019	1.156027
0.394999	2.248731	0.718191
0.400000	1.154395	1.057206
0.444999	2.177457	0.767404
0.444999	1.906024	1.230798
0.494999	2.452993	1.074096
0.540000	3.120148	0.930008
0.544999	4.467243	1.572515
0.544999	3.051611	1.244910
0.594999	3.869996	0.959931
0.644999	4.677936	0.956011
0.644999	4.953467	1.319688
0.694999	5.323749	1.572181
0.695000	5.961936	1.344662
0.740000	7.057856	1.506937
0.744999	8.281539	1.838439
0.794999	7.054709	1.780811
0.795000	8.926310	1.536871
0.844999	9.934362	1.560005
0.894999	9.183831	1.636245
0.895000	11.309505	1.501503
0.924999	10.261461	1.324891
0.940000	11.468831	1.141281
0.944999	11.870001	0.745652
0.990000	12.291287	1.238907
0.994999	11.991720	0.989109
1.040000	12.154939	1.658286
1.090000	14.322766	2.060026
1.090000	12.169582	2.310612
1.139999	15.571571	2.878850
1.140000	12.085274	2.930579
1.190000	16.142601	3.326293
1.190000	12.044546	2.813419
1.239999	16.315932	3.936300
1.240000	12.020900	3.009999
1.290000	11.939357	2.542915
1.339999	11.935091	3.128932
1.340000	16.369497	4.054280
1.360000	11.924667	3.133510
1.380000	16.393575	3.690143
1.390000	11.823552	3.205005
1.440000	16.303605	3.643853
1.440000	11.815370	3.200412
1.469999	11.801700	2.606259
1.490000	16.326571	3.717593
1.490000	11.794957	2.566128
1.540000	11.686859	3.140460
1.584999	16.140465	3.673301
1.590000	11.513937	3.125811
1.635000	15.900957	3.444121
1.640000	11.585902	3.089138
1.684999	15.739979	3.201601
1.684999	11.968495	2.815415
1.735000	12.282310	2.744706
1.754999	16.164500	3.336995
1.784999	12.108826	2.439075
1.834999	16.472782	3.647460
1.834999	11.991778	2.839187
1.854999	12.480898	2.382534
1.884999	13.806313	2.050978
1.934999	14.699067	1.754595
1.935000	15.807908	1.705605
1.940000	16.683176	1.628237
1.984999	15.207694	1.182197
2.034999	15.960427	1.147856
2.084999	17.161093	1.168358
2.085000	16.306400	1.633622
2.134999	18.247765	1.800586
2.179999	16.270457	2.442252
2.184999	19.497761	2.624041
2.230000	16.298724	3.391173
2.234999	20.816555	3.451340
2.279999	22.176887	4.313137
2.280000	16.356293	5.369597
2.310000	23.445060	4.328375
2.330000	16.471599	6.146821
2.330000	24.660203	5.819693
2.379999	25.325307	6.130130
2.380000	16.729155	7.557112
2.430000	26.204329	5.556623
2.480000	17.052544	9.732074
2.480000	27.495511	7.506766
2.500000	28.830757	6.886646
2.530000	30.021711	7.523386
2.580000	17.331480	11.367386
2.580000	30.700606	7.829234
2.604999	31.472851	8.254317
2.630000	17.231657	12.005579
2.630000	32.456098	8.894034
2.680000	33.003726	9.207227
2.730000	17.065363	15.436734
2.730000	33.727464	9.702267
2.739999	34.641218	10.235182
2.780000	35.834660	13.363029
2.824999	17.001350	17.003472
2.830000	36.522025	13.884370
2.874999	16.910965	16.290178
2.880000	37.200907	16.567132
2.924999	16.861578	16.952714
2.925000	37.835287	17.098811
2.974999	16.889242	17.645160
2.974999	38.867167	17.920489
3.024999	16.947770	18.279150
3.025000	39.992839	18.787006
3.074999	17.031498	18.733790
3.074999	40.547135	16.633185
3.124999	17.100470	19.017928
3.125000	40.456117	18.803000
3.174999	40.563876	18.618994
3.224999	17.610833	13.232831
3.274999	17.979668	13.016414
3.324999	18.369965	9.071622
3.375000	18.572497	0.494663
3.420000	18.807413	0.405560
3.470000	18.855060	0.297891
3.520000	18.698420	0.141349
3.570000	18.604893	0.144773
3.620000	18.497448	0.182200
3.670000	18.562524	0.065666
3.720000	18.596509	0.066684
3.769999	18.570334	0.052140
3.820000	18.549928	0.072379
3.869999	18.483429	0.093720
3.920000	18.522544	0.111909
3.970000	18.396581	0.135574
4.020000	18.346076	0.371732
4.064999	18.369018	0.381669
4.094999	18.641626	0.298947
4.114999	19.175941	0.698063
4.164999	18.720772	0.336352
4.214999	18.490804	0.405045
4.264999	18.387357	0.528338
4.270000	19.142164	0.890252
4.315000	18.556773	0.492982
4.365002	17.810573	0.714860
4.415000	17.930595	0.679048
4.464999	18.191344	0.564761
4.480000	18.304670	0.623048
4.515000	18.757823	0.551924
4.564999	19.301962	0.658947
4.610000	19.160410	0.397447
4.614999	19.156579	0.236931
4.660000	19.102107	0.196882
4.710000	18.987302	0.156614
4.760000	18.802969	0.225796
4.784999	18.812963	0.172429
4.809999	18.882450	0.085906
