0.050000	0.243615
0.100000	0.013643
0.144999	0.768445
0.150000	0.448287
0.200000	0.755233
0.249999	1.331422
0.250000	0.959965
0.295000	0.951308
0.300000	0.918254
0.304999	2.106096
0.345000	2.135280
0.349999	0.862339
0.394999	1.487058
0.444999	0.654393
0.494999	0.383706
0.495000	2.749800
0.524999	3.784574
0.544999	0.491795
0.594999	0.721250
0.644999	1.585314
0.645000	5.943783
0.660000	2.709232
0.694999	3.703047
0.744999	4.155394
0.794999	4.826770
0.795000	9.548468
0.844999	5.520765
0.865000	12.462121
0.890000	6.458987
0.894999	13.863833
0.924999	7.495781
0.939999	8.724879
0.945000	14.533937
0.990000	9.435115
1.039999	10.020552
1.040000	16.024225
1.080000	16.284369
1.090000	10.779508
1.139999	11.487422
1.140000	16.422436
1.190000	12.361518
1.190000	16.520716
1.240000	13.057682
1.240003	16.683856
1.289999	16.624574
1.290000	13.011573
1.324999	16.566530
1.340000	13.120807
1.390000	13.271687
1.440000	13.277093
1.440000	16.436638
1.490000	13.209410
1.534999	13.195726
1.540000	16.474872
1.584999	13.175287
1.590000	16.441417
1.610000	13.235888
1.634999	13.294620
1.684999	13.287155
1.685000	16.458506
1.734999	16.481190
1.735000	13.267829
1.780000	13.190756
1.784999	16.464048
1.785000	13.185790
1.834999	13.125357
1.884999	13.137826
1.885000	16.366877
1.935000	13.199601
1.980000	16.337757
1.984999	16.335204
1.985000	13.268762
2.034999	13.303768
2.084999	13.214782
2.130000	13.080946
2.134999	16.219842
2.160000	16.219421
2.170000	12.977720
2.180000	13.014531
2.185000	16.219318
2.230000	12.962531
2.230000	16.243269
2.234999	16.247666
2.264999	13.007261
2.280000	13.146334
2.280000	16.242701
2.329999	16.231866
2.330000	13.183565
2.380000	13.079581
2.429999	16.189144
2.430000	12.906301
2.480000	12.797650
2.480000	16.158774
2.529999	16.110568
2.530000	12.798750
2.580000	12.727107
2.629999	12.725424
2.630000	16.064909
2.670000	12.910671
2.680000	13.411857
2.729999	13.142356
2.730000	16.092832
2.774999	13.380849
2.780000	16.085089
2.790000	16.247080
2.824999	13.758388
2.830000	16.284911
2.874999	14.326561
2.874999	16.346460
2.924999	16.395239
2.924999	15.176356
2.974999	15.478054
3.010000	15.275429
3.024999	14.756521
3.074999	16.625608
3.075000	15.155324
3.124999	15.349504
3.125002	16.580933
3.174999	16.603551
3.174999	15.256167
3.224999	15.141458
3.274999	14.983245
3.324999	16.583401
3.325000	15.092590
3.339999	16.578812
3.370000	15.365269
3.375000	16.546019
3.420000	15.600800
3.425000	16.537672
3.430000	15.826720
3.469999	16.564548
3.470000	16.045272
3.480000	16.564964
3.520000	15.934540
3.569999	16.563556
3.570000	15.834199
3.620000	15.845435
3.620000	16.522446
3.669999	15.975932
3.670000	16.509910
3.720000	16.475743
3.720000	15.995196
3.769999	15.775977
3.770000	16.458390
3.820000	15.433853
3.830000	16.014160
3.869999	16.634493
3.870000	16.409231
3.920000	16.747044
3.920000	16.378436
3.970000	16.330568
3.970000	17.112391
3.990000	18.091639
4.014999	19.088318
4.019999	16.280947
4.065000	19.365299
4.070000	16.245456
4.115000	19.849340
4.164999	20.524170
4.214999	20.721818
4.264999	21.035153
4.264999	16.196687
4.314999	16.167574
4.314999	21.412648
4.364999	21.746146
4.414999	16.167760
4.415000	21.964045
4.464999	21.932020
4.514999	22.016593
4.515000	16.159627
4.524999	16.158692
4.564999	22.102574
4.565002	16.178857
4.600000	22.192688
4.610000	22.243078
4.614999	16.185798
4.664999	16.202697
4.710000	16.197951
4.760000	16.180235
4.810000	16.188081
4.860000	16.302720
4.874999	16.325129
4.910000	16.290046
4.960002	16.249655
5.010000	16.285709
5.059999	16.291480
5.110000	16.347880
5.159999	16.344765
5.175000	16.343412
5.210000	16.371160
5.260000	16.360926
5.274999	16.347960
5.310000	16.344806
5.354999	16.369267
5.380000	16.378210
5.404999	16.399150
5.454999	16.458123
5.474999	16.468384
5.504999	16.474515
5.555000	16.500344
5.590000	16.544706
5.604999	16.566794
5.654999	16.633245
5.704999	16.661086
5.754999	16.687890
5.804999	16.686581
5.839999	16.708349
5.854999	16.717325
5.904999	16.729804
5.950000	16.740986
6.000000	16.736558
6.050000	16.739950
6.099999	16.745692
6.114999	16.744258
6.150000	16.744361
6.199999	16.739393
6.250000	16.714147
6.299999	16.706599
6.350000	16.715925
6.400000	16.716800
6.450000	16.716532
6.464999	16.720856
6.500000	16.728053
6.550000	16.746825
6.594999	16.735020
6.644999	16.740550
6.695000	16.733910
6.744999	16.744712
6.749999	16.750633
6.794999	16.747149
6.844999	16.741875
6.894999	16.718365
6.944999	16.720689
6.995000	16.728804
7.044999	16.716444
7.094999	16.724295
7.145000	16.745537
7.190000	16.746870
7.239999	16.758671
7.269999	16.771971
7.290000	16.781554
7.339999	16.793051
7.390000	16.815490
7.439999	16.846731
7.490000	16.877028
7.540000	16.899152
7.590000	16.918741
7.640000	16.942274
7.690000	16.977248
7.740000	17.007337
7.789999	17.049867
7.834999	17.072623
7.885000	17.103294
7.934999	17.120198
7.984999	17.108116
8.035002	17.127320
8.060000	17.132841
8.084999	17.130660
8.134999	17.125997
8.184999	17.134523
8.224999	17.126486
8.234999	17.127951
8.284999	17.136062
8.310000	17.143371
8.334999	17.154733
8.384999	17.169954
8.430000	17.146083
8.480000	17.126369
8.530000	17.126582
8.580000	17.164972
8.630000	17.171239
8.680000	17.156385
8.684999	17.154701
8.730000	17.134530
8.780000	17.133501
8.829999	17.143824
8.880000	17.160853
8.929999	17.170979
8.980000	17.162757
9.030000	17.173728
9.074999	17.176406
9.090000	17.178351
9.125000	17.182365
9.174999	17.121025
9.224999	17.003575
9.275000	16.745170
9.304999	16.480927
9.324999	16.374987
9.374999	16.412166
9.425000	17.066572
9.474999	18.541009
9.524999	19.792959
9.574999	20.904133
9.624999	22.061057
9.670000	23.401892
9.684999	24.316088
9.720000	25.433891
9.770000	25.591379
9.820000	25.749818
9.869999	25.605048
9.920000	25.675594
9.969999	25.578130
10.020000	25.722233
10.069999	25.819194
10.120000	25.976008
10.170000	26.090871
10.220000	25.320334
10.245000	25.096343
10.270000	25.465540
10.314999	26.417305
10.344999	26.995213
10.364999	27.471580
10.414999	28.508609
10.465000	29.862993
10.514999	31.189817
10.564999	32.393124
10.614999	33.876651
10.664999	35.381945
10.714999	36.344588
10.764999	37.198496
10.814999	37.734014
10.864999	37.915183
10.910000	37.721510
10.960000	37.436600
11.009999	37.000718
11.060000	36.712536
11.109999	36.979346
11.160000	37.359800
11.210000	37.688683
11.260000	37.815661
