20.000000	57
0.024999	0.003111	0.528565
0.049999	0.257525	0.359674
0.050000	0.018108	0.643281
0.099999	0.882424	0.614579
0.100001	0.327640	0.742719
0.149999	1.099152	0.845992
0.150001	0.909904	0.832005
0.169999	1.730142	0.784911
0.200000	2.530723	1.117470
0.200000	1.601242	0.584350
0.245000	1.761920	0.511410
0.250000	1.682160	0.699573
0.295000	0.790118	0.946299
0.295001	1.786321	0.770160
0.345000	0.500272	1.326710
0.345001	2.167943	1.282854
0.390000	2.655493	1.404575
0.395000	0.508210	2.277364
0.395001	3.602064	1.679229
0.444999	1.823617	1.785193
0.445000	4.036737	1.808224
0.465001	4.623047	1.527092
0.475000	2.718931	1.838876
0.495000	4.054747	1.213934
0.495001	5.528837	1.508199
0.544999	4.827237	1.469955
0.545000	6.045839	1.352312
0.570000	6.942870	1.266635
0.595000	6.039583	1.751420
0.595001	8.155591	1.467739
0.645000	7.186801	1.961845
0.645000	9.252913	2.161079
0.695000	8.774981	1.909741
0.695001	10.926817	2.395366
0.710000	12.284872	2.347454
0.745000	10.116087	3.180150
0.745000	14.167957	2.930485
0.795000	11.077733	3.510215
0.795001	16.130922	4.280274
0.845000	11.401178	4.324206
0.845001	17.107565	4.649135
0.889999	11.544646	5.239692
0.895001	18.435304	5.562506
0.939999	11.901583	4.644109
0.940000	19.614158	6.415885
0.964999	11.889570	5.450483
0.989999	11.843684	6.128611
0.990000	20.584422	7.286460
1.040000	11.531813	6.893946
1.040001	21.249839	7.864940
1.089999	11.461912	8.241624
1.090000	21.950024	8.419953
1.139999	11.684728	8.432822
1.140000	22.346189	7.541697
1.189999	11.909581	9.230167
1.190001	22.456931	7.539744
1.240000	22.154064	5.918279
30.000000	275
0.050000	0.006372	0.256053
0.050001	0.003909	0.491421
0.060001	0.300957	0.703734
0.100000	0.337888	0.797242
0.150000	0.879233	0.738061
0.150000	1.702893	0.915018
0.175001	1.535582	0.673025
0.200000	1.754187	0.483901
0.200001	2.399918	0.883147
0.245001	1.363384	0.527163
0.250001	1.893115	0.641822
0.295001	1.096634	0.665194
0.300000	1.120784	0.445531
0.345001	1.066092	0.599356
0.350000	0.597340	1.004794
0.395001	1.628788	1.105579
0.400000	0.101147	1.728247
0.445001	2.598479	1.872094
0.450000	0.072748	1.828958
0.495000	2.959911	1.966889
0.500001	0.771751	1.846743
0.525001	1.636338	1.711353
0.545001	2.777835	1.212211
0.545001	3.432071	1.410361
0.595000	4.482483	1.632195
0.595001	3.127613	1.746350
0.645001	3.338980	1.616583
0.685001	5.337686	1.480622
0.695000	6.491928	2.312929
0.695001	3.958011	1.836080
0.745000	4.783573	1.588738
0.745001	6.900173	1.643662
0.795001	5.435115	1.533940
0.795001	7.300108	1.388842
0.845000	6.125303	1.300596
0.845001	7.761171	1.211867
0.865001	7.202893	0.876572
0.890001	8.088739	0.905101
0.895001	8.067053	0.445880
0.940000	8.466400	0.572184
0.945000	8.246983	0.417225
0.990000	8.467299	0.354297
0.995001	8.333491	0.679367
1.000000	9.186599	0.788042
1.040000	8.371775	0.654083
1.045001	9.746619	1.158992
1.060000	8.398921	0.793561
1.090000	8.333247	0.830957
1.095001	9.534684	1.051435
1.140000	8.182816	0.842872
1.145001	9.153879	0.783719
1.150001	8.162749	1.006619
1.190000	9.375444	0.964222
1.190001	8.209181	0.804905
1.240000	9.482582	1.023304
1.240001	8.250895	0.832157
1.290000	8.304923	0.747395
1.290001	9.419469	0.825059
1.315001	8.305910	0.643225
1.340000	9.147788	0.641830
1.390000	9.021039	0.599057
1.430001	8.167267	0.676059
1.440001	9.182386	0.712761
1.440001	8.177217	0.730929
1.485001	8.214188	0.791782
1.490000	9.389021	0.828209
1.535000	8.292159	0.751707
1.540000	9.411777	0.804131
1.575001	9.245663	0.633750
1.585001	8.364754	0.688201
1.590000	9.151735	0.523422
1.635001	8.428538	0.502784
1.640000	8.948527	0.393084
1.645001	8.532274	0.404668
1.685000	8.630589	0.258303
1.690000	8.932214	0.261468
1.715001	9.027412	0.329401
1.735000	8.613217	0.404221
1.740000	9.151706	0.356285
1.785000	9.256173	0.494228
1.785001	8.555026	0.592950
1.835001	9.354425	0.589174
1.835001	8.557838	0.628303
1.885000	9.342091	0.651052
1.885001	8.483642	0.734142
1.935001	9.348913	0.574815
1.935001	8.586083	0.673419
1.940000	9.470504	0.624021
1.985000	9.454947	0.494684
1.985001	8.727084	0.519132
2.035001	9.358169	0.420304
2.085001	9.051572	0.315542
2.085001	8.832382	0.245825
2.130000	8.839299	0.279808
2.135001	8.674357	0.225900
2.180001	8.876850	0.425539
2.185001	8.483202	0.380443
2.230000	8.859214	0.556862
2.235001	7.935128	0.769121
2.280001	8.812362	0.521090
2.285001	7.948953	0.706422
2.300000	8.794427	0.552818
2.330000	8.754632	0.419172
2.335001	8.185599	0.479498
2.380000	8.705860	0.235137
2.385001	8.482563	0.234959
2.430000	8.705382	0.233846
2.430000	8.674551	0.087741
2.480000	8.663272	0.082352
2.530000	8.630851	0.042069
2.580000	8.601317	0.044197
2.630000	8.627988	0.022396
2.680000	8.595887	0.071161
2.725001	8.631412	0.086624
2.775001	8.626315	0.112660
2.780000	8.756861	0.102188
2.825001	8.795970	0.098535
2.875001	8.797704	0.080975
2.925001	8.784501	0.050081
2.975001	8.822957	0.033886
3.025001	8.884215	0.074028
3.075001	8.835067	0.033601
3.125001	8.835012	0.027263
3.175001	8.801361	0.046221
3.225000	8.857844	0.062230
3.260000	8.819528	0.050023
3.275001	8.788533	0.051009
3.325000	8.745002	0.062684
3.370000	8.739145	0.044113
3.385001	8.715404	0.038314
3.420000	8.695174	0.040564
3.470000	8.754760	0.036378
3.520001	8.723265	0.020300
3.570000	8.721770	0.022182
3.585000	8.732030	0.023398
3.620000	8.746730	0.049118
3.670000	8.701129	0.049676
3.720000	8.694413	0.054039
3.770000	8.655794	0.050091
3.820000	8.604977	0.072592
3.870000	8.632496	0.043217
3.920001	8.666437	0.030667
3.965001	8.690164	0.048455
4.015001	8.672432	0.026225
4.065001	8.665250	0.029576
4.090000	8.645367	0.037755
4.115001	8.635051	0.038480
4.165001	8.608089	0.043329
4.215001	8.582743	0.044066
4.265002	8.580227	0.039924
4.315001	8.541293	0.037197
4.340000	8.531499	0.034025
4.365000	8.536813	0.025087
4.415001	8.563427	0.021619
4.465001	8.559824	0.030832
4.485001	8.561412	0.034973
4.515001	8.539564	0.028757
4.565001	8.497005	0.043987
4.610000	8.515570	0.025221
4.660001	8.506134	0.020129
4.710001	8.532724	0.034228
4.760000	8.495285	0.037643
4.780000	8.488346	0.056230
4.810000	8.495556	0.060491
4.860000	8.576051	0.059145
4.865001	8.582648	0.055603
4.910000	8.575914	0.038545
4.960000	8.560212	0.022217
5.010001	8.544180	0.025198
5.060000	8.541883	0.022860
5.110000	8.523230	0.021430
5.120000	8.519250	0.026520
5.160001	8.514026	0.029993
5.205001	8.545597	0.021303
5.255001	8.567714	0.034393
5.290001	8.539126	0.021355
5.305000	8.544898	0.029331
5.355001	8.573960	0.031541
5.405000	8.539540	0.061092
5.455001	8.606006	0.048189
5.505000	8.614707	0.048621
5.555001	8.644954	0.054219
5.575001	8.662236	0.042583
5.605001	8.674908	0.041071
5.655000	8.698789	0.033317
5.705001	8.722764	0.034359
5.715001	8.725685	0.025992
5.755001	8.722393	0.022504
5.805001	8.699397	0.046078
5.850001	8.732130	0.042192
5.900000	8.765368	0.041115
5.950000	8.773894	0.040415
6.000001	8.813520	0.049650
6.050000	8.786522	0.033727
6.100000	8.800420	0.041334
6.150000	8.755406	0.039043
6.200000	8.720736	0.060864
6.250000	8.772022	0.026132
6.300000	8.791414	0.035997
6.350001	8.772904	0.026111
6.400000	8.774765	0.021419
6.445000	8.769343	0.029894
6.495001	8.741129	0.043577
6.545000	8.738657	0.059656
6.595001	8.713709	0.065854
6.645001	8.653385	0.063618
6.660000	8.632791	0.060726
6.695001	8.607104	0.057296
6.745001	8.597632	0.041279
6.795001	8.587513	0.033336
6.845001	8.535992	0.046528
6.895001	8.554185	0.029512
6.945001	8.568369	0.045785
6.995000	8.545941	0.039499
7.045001	8.513848	0.035510
7.090000	8.481848	0.047682
7.100000	8.486331	0.030723
7.140000	8.501406	0.014823
7.190000	8.506770	0.017174
7.240001	8.512557	0.026279
7.290001	8.481391	0.054354
7.340000	8.511719	0.035744
7.390000	8.560785	0.049026
7.440000	8.573516	0.056463
7.490000	8.533961	0.033057
7.540000	8.510758	0.080972
7.590000	8.539502	0.081198
7.640000	8.590605	0.074626
7.685001	8.669369	0.089947
7.735001	8.673918	0.064825
7.785001	8.680459	0.039838
7.835001	8.682501	0.022969
7.885001	8.665674	0.020071
7.935001	8.647900	0.023032
7.985001	8.644624	0.023153
8.020000	8.632682	0.022020
8.035000	8.628737	0.031352
8.085001	8.614082	0.051490
8.105001	8.599743	0.071281
8.135000	8.563875	0.071128
8.185001	8.505973	0.071691
8.235000	8.464556	0.072236
8.285001	8.468355	0.048257
8.330000	8.443732	0.030015
8.365000	8.432849	0.023795
8.380000	8.428965	0.022531
8.430000	8.431281	0.015972
8.480000	8.464393	0.041070
8.530000	8.428116	0.018864
8.555000	8.415116	0.022017
8.580000	8.409353	0.024606
8.630001	8.411165	0.011385
8.680000	8.416234	0.022257
8.730000	8.422299	0.035200
8.780000	8.429103	0.035597
8.830000	8.468153	0.034399
8.880000	8.492703	0.046952
8.925000	8.467826	0.020462
8.975001	8.454970	0.018605
9.025001	8.452959	0.034287
9.050000	8.470538	0.038644
9.075000	8.463187	0.100308
9.125001	8.522496	0.253338
9.175000	8.545691	0.895033
9.225001	8.239984	1.639823
9.255001	9.064415	1.778362
9.275000	10.650679	1.811559
9.325001	11.309166	1.780090
9.375001	12.254688	1.524135
9.405000	12.631931	0.987791
9.425001	12.524160	0.511352
9.475001	12.534520	0.156115
9.525001	12.505798	0.107672
9.545001	12.434714	0.096170
9.570000	12.316479	0.180151
40.000000	279
0.050000	0.020880	0.693358
0.050000	0.033758	0.619135
0.065001	0.365022	0.504555
0.100000	1.171373	0.817166
0.100003	0.393256	0.838538
0.150000	0.992483	0.545887
0.150001	1.489306	0.748810
0.190000	1.779970	0.800508
0.200000	1.361541	0.838180
0.200001	2.798600	1.097733
0.225001	1.847738	0.555600
0.250000	2.620962	1.021829
0.300000	1.583106	0.724180
0.300000	1.649932	0.652456
0.345001	1.196465	0.911790
0.350000	2.189787	1.215078
0.350000	0.615223	1.186512
0.400000	0.065392	1.466565
0.450000	2.658815	2.002354
0.450000	0.331386	1.729033
0.500000	0.181979	2.564995
0.545001	3.834740	2.634360
0.550001	0.602077	3.001168
0.580000	4.630059	2.968183
0.595000	5.720878	3.296727
0.595001	1.558852	2.614168
0.645001	2.264496	2.763972
0.660000	3.486625	2.637265
0.695001	4.578589	2.295957
0.720000	6.841420	2.702651
0.745001	7.854938	2.740496
0.745001	4.906346	2.077508
0.795000	5.525780	1.977944
0.795001	8.169426	1.887927
0.805001	6.429078	1.518311
0.845001	8.376950	1.470371
0.845001	7.408983	1.039116
0.895000	8.136042	0.937456
0.895001	8.479458	0.817994
0.945001	8.934955	1.229910
0.995001	9.144194	1.042664
0.995001	9.925479	1.405377
1.045001	11.143309	1.813297
1.095001	9.787623	1.985158
1.095001	12.507313	2.172710
1.145001	13.525216	2.477136
1.190000	9.698763	3.331776
1.195000	14.371944	2.887893
1.220000	14.408011	2.808434
1.240000	9.472536	4.007250
1.240000	14.412186	2.878096
1.290000	14.322888	3.468159
1.290001	9.383282	4.084621
1.310001	14.380997	2.880503
1.340000	9.401045	4.067705
1.340000	14.426075	4.194123
1.390000	14.399129	3.635003
1.390001	9.256723	4.203130
1.440001	9.121515	4.313840
1.440001	14.394098	3.743734
1.445001	14.394770	3.746014
1.490000	8.926312	4.538077
1.490000	14.455910	3.262441
1.540000	14.679783	3.392488
1.590000	8.709192	5.591319
1.590000	14.905607	2.539625
1.625001	15.027794	3.700552
1.640000	15.076058	3.726610
1.690000	14.979092	3.755540
1.690001	8.539417	5.868816
1.705000	14.933487	4.564046
1.740000	8.411305	5.273647
1.740000	14.821243	4.484464
1.785001	8.489492	5.768099
1.790000	14.742464	4.419989
1.815001	14.758174	3.594639
1.835000	14.782942	4.399676
1.885001	8.575902	5.677924
1.885001	14.841035	4.391995
1.935000	8.618332	5.077827
1.935000	14.853237	4.400442
1.985001	8.696653	5.032015
1.985001	14.871295	4.367114
2.035000	14.871773	3.543673
2.035001	8.771794	5.616766
2.085001	14.882727	2.500286
2.110000	14.930066	2.524396
2.135001	15.064748	3.546130
2.185001	15.242537	2.521659
2.210001	15.365645	3.632541
2.235001	9.091847	5.668612
2.235001	15.460994	4.456344
2.285000	9.080180	5.124559
2.285001	15.366058	5.052864
2.290000	9.312224	4.864609
2.335001	15.226606	4.910257
2.385000	9.231463	4.825589
2.385001	15.012221	4.697670
2.430000	9.235104	4.720562
2.435001	14.951530	4.037646
2.480000	9.260982	4.609657
2.480000	14.869893	3.956886
2.530000	14.789944	3.881249
2.530001	9.328697	4.437202
2.580000	14.755779	3.137712
2.630000	9.316715	4.438959
2.630001	14.633837	3.774599
2.650000	14.831333	3.946545
2.680001	9.257432	4.518068
2.680001	14.965031	3.325981
2.730000	9.182498	5.086961
2.730000	14.727139	3.184737
2.780000	14.547483	3.137252
2.810001	14.694692	3.213313
2.830000	15.050618	2.466505
2.880000	9.089497	5.642569
2.880001	14.714556	2.311474
2.930000	14.442744	3.148311
2.945000	14.919607	4.177987
2.980000	15.146903	3.578476
2.980001	8.997812	5.347233
3.025001	8.973641	5.463388
3.030000	14.724946	4.069520
3.040001	15.016991	4.273407
3.075000	14.975959	4.249502
3.075001	8.966299	5.323728
3.125001	14.668306	3.296367
3.135000	8.972090	4.676071
3.175001	14.592192	4.010256
3.225001	14.548260	4.015880
3.275001	8.826201	4.078720
3.275001	14.640413	4.120598
3.300000	8.812122	4.820486
3.325000	8.802620	4.908586
3.325001	14.746452	4.212012
3.370000	14.922253	4.336622
3.375001	14.943121	4.368402
3.425000	8.761468	5.762740
3.425001	15.182124	3.731966
3.470000	8.739674	6.223572
3.475001	15.546864	3.950800
3.525000	15.942226	4.214386
3.550000	16.101338	4.306554
3.575000	16.369473	4.538414
3.575001	8.610951	7.159020
3.625000	16.858810	5.922112
3.625001	8.481636	6.828534
3.640000	16.942658	5.974572
3.670000	8.408723	7.111002
3.675001	17.186076	6.987322
3.720000	17.464630	6.215965
3.730000	8.739403	7.072803
3.770000	8.900928	7.747341
3.770001	17.521739	6.189657
3.820000	17.423097	6.119515
3.870000	17.337467	4.939319
3.895001	8.668698	7.995997
3.920000	17.405587	5.008084
3.970000	17.449541	5.033537
3.975000	8.795025	7.064993
4.020000	17.465001	6.154104
4.070000	17.469798	6.157489
4.070001	8.715964	7.184643
4.110000	8.774771	8.016193
4.120000	17.522448	5.069786
4.170000	17.602778	6.264220
4.215001	17.717561	6.327142
4.220000	17.827487	5.232524
4.220001	8.744820	8.210011
4.265001	8.792907	8.196363
4.270000	17.786048	5.206195
4.315001	17.756545	6.257406
4.345001	17.769732	5.069376
4.365001	17.845741	4.998638
4.415001	9.191282	7.745260
4.415001	17.659950	4.896206
4.465000	9.187404	7.549941
4.465001	17.337615	5.679655
4.500000	17.230823	5.507917
4.515001	17.195919	6.304861
4.565001	9.551294	5.447416
4.615001	9.604922	4.393088
4.665001	9.561358	3.117417
4.715001	9.523528	0.062948
4.765001	9.525313	0.070480
4.815001	9.425393	0.086371
4.840000	9.450629	0.069730
4.865001	9.444056	0.067787
4.910001	9.350072	0.070769
4.930001	9.364086	0.069055
4.960000	9.370923	0.071026
5.010000	9.280789	0.058519
5.035000	9.277224	0.054746
5.060001	9.284120	0.047689
5.110001	9.255099	0.044372
5.160000	9.243929	0.051887
5.210000	9.224168	0.060575
5.260001	9.161610	0.063051
5.310000	9.165584	0.058821
5.360000	9.125534	0.055445
5.380000	9.105886	0.044969
5.410001	9.088089	0.040542
5.460000	9.062110	0.040582
5.505000	9.052544	0.044763
5.555001	9.102199	0.028119
5.605000	9.101717	0.032446
5.655001	9.106750	0.044138
5.705001	9.123443	0.042942
5.755001	9.144520	0.047847
5.805001	9.190412	0.052384
5.855001	9.193678	0.047448
5.885001	9.218754	0.044080
5.905001	9.235799	0.039288
5.955001	9.254870	0.039045
5.980000	9.274618	0.031700
6.005001	9.292949	0.032403
6.055000	9.298398	0.032990
6.105001	9.285107	0.024500
6.140000	9.258945	0.029589
6.150001	9.250366	0.032515
6.200000	9.248203	0.031713
6.250000	9.218121	0.025645
6.300000	9.208999	0.031329
6.350000	9.202262	0.033074
6.400000	9.218172	0.024426
6.450001	9.258275	0.037736
6.500000	9.229925	0.032438
6.530000	9.256850	0.033441
6.550000	9.282035	0.030479
6.600001	9.264070	0.028266
6.650000	9.318497	0.054914
6.700000	9.279289	0.037120
6.745001	9.271755	0.035213
6.795001	9.239258	0.059079
6.845001	9.209779	0.088384
6.895001	9.287308	0.050258
6.945001	9.333208	0.066598
6.995001	9.336599	0.059275
7.020000	9.332669	0.029661
7.045001	9.312433	0.029207
7.095000	9.292359	0.043104
7.145001	9.298451	0.060603
7.195000	9.256803	0.052427
7.245001	9.215799	0.052833
7.295001	9.188602	0.064366
7.300000	9.193044	0.053660
7.345001	9.249209	0.038761
7.390000	9.249491	0.036843
7.435001	9.272621	0.047267
7.440000	9.272064	0.045452
7.490000	9.235128	0.033073
7.540000	9.204922	0.042791
7.590000	9.197964	0.040999
7.640000	9.199170	0.040429
7.690001	9.174902	0.036732
7.740001	9.146664	0.036245
7.790000	9.127519	0.036149
7.840000	9.119847	0.026949
7.855001	9.121956	0.019776
7.890001	9.129814	0.024973
7.940000	9.140929	0.032375
7.985001	9.157721	0.040860
8.015001	9.181518	0.046586
8.035001	9.199508	0.047578
8.085001	9.230967	0.044427
8.135000	9.254770	0.039363
8.155001	9.263045	0.029380
8.185001	9.269008	0.017607
8.235000	9.261013	5.982366
8.260000	9.260820	5.982591
8.285001	9.262399	6.013738
8.335000	23.914753	13.980860
8.385001	9.363375	6.197468
8.390000	10.775195	5.595392
8.435001	11.904975	5.107435
8.485001	12.562653	1.615754
8.535001	13.314739	1.342015
8.585001	13.362524	0.831763
8.630000	13.334415	0.446017
50.000000	330
0.050000	0.243615	0.351295
0.100000	0.013643	0.583413
0.144999	0.768445	0.502950
0.150000	0.448287	0.494851
0.200000	0.755233	0.419663
0.249999	1.331422	0.560065
0.250000	0.959965	0.541163
0.295000	0.951308	0.697546
0.300000	0.918254	0.715167
0.304999	2.106096	0.999092
0.345000	2.135280	1.089143
0.349999	0.862339	0.799275
0.394999	1.487058	0.884958
0.444999	0.654393	1.692712
0.494999	0.383706	1.765207
0.495000	2.749800	1.909101
0.524999	3.784574	2.813592
0.544999	0.491795	2.796583
0.594999	0.721250	2.754547
0.644999	1.585314	2.292138
0.645000	5.943783	3.972338
0.660000	2.709232	1.968104
0.694999	3.703047	2.772774
0.744999	4.155394	2.479737
0.794999	4.826770	3.813837
0.795000	9.548468	4.468506
0.844999	5.520765	4.782567
0.865000	12.462121	5.441160
0.890000	6.458987	4.232882
0.894999	13.863833	5.683504
0.924999	7.495781	4.492566
0.939999	8.724879	3.390726
0.945000	14.533937	4.696087
0.990000	9.435115	4.489522
1.039999	10.020552	4.046555
1.040000	16.024225	4.651859
1.080000	16.284369	4.822666
1.090000	10.779508	3.941935
1.139999	11.487422	3.969611
1.140000	16.422436	3.742512
1.190000	12.361518	3.061155
1.190000	16.520716	3.018627
1.240000	13.057682	2.877290
1.240003	16.683856	2.749585
1.289999	16.624574	2.518946
1.290000	13.011573	2.557957
1.324999	16.566530	2.775015
1.340000	13.120807	2.422232
1.390000	13.271687	1.869369
1.440000	13.277093	1.863633
1.440000	16.436638	2.941495
1.490000	13.209410	1.874747
1.534999	13.195726	2.302102
1.540000	16.474872	2.670733
1.584999	13.175287	1.896240
1.590000	16.441417	2.924903
1.610000	13.235888	2.278942
1.634999	13.294620	2.239214
1.684999	13.287155	2.243945
1.685000	16.458506	2.924381
1.734999	16.481190	2.630258
1.735000	13.267829	2.263293
1.780000	13.190756	2.317679
1.784999	16.464048	2.996891
1.785000	13.185790	1.865431
1.834999	13.125357	1.900347
1.884999	13.137826	2.299868
1.885000	16.366877	2.616838
1.935000	13.199601	2.225825
1.980000	16.337757	2.540087
1.984999	16.335204	2.521994
1.985000	13.268762	1.773226
2.034999	13.303768	2.119629
2.084999	13.214782	2.153448
2.130000	13.080946	1.817332
2.134999	16.219842	2.833488
2.160000	16.219421	2.570921
2.170000	12.977720	2.292749
2.180000	13.014531	2.621857
2.185000	16.219318	2.287162
2.230000	12.962531	2.315417
2.230000	16.243269	2.622064
2.234999	16.247666	2.269782
2.264999	13.007261	2.641321
2.280000	13.146334	2.527779
2.280000	16.242701	2.563180
2.329999	16.231866	2.554394
2.330000	13.183565	2.151473
2.380000	13.079581	2.226055
2.429999	16.189144	2.613584
2.430000	12.906301	2.300061
2.480000	12.797650	2.375784
2.480000	16.158774	2.736941
2.529999	16.110568	3.030958
2.530000	12.798750	2.342940
2.580000	12.727107	2.394574
2.629999	12.725424	1.963086
2.630000	16.064909	3.122235
2.670000	12.910671	1.846088
2.680000	13.411857	1.582313
2.729999	13.142356	2.085245
2.730000	16.092832	2.359300
2.774999	13.380849	1.961437
2.780000	16.085089	1.890871
2.790000	16.247080	1.739191
2.824999	13.758388	2.047515
2.830000	16.284911	1.308675
2.874999	14.326561	1.679678
2.874999	16.346460	1.466716
2.924999	16.395239	1.145633
2.924999	15.176356	0.801464
2.974999	15.478054	0.770814
3.010000	15.275429	0.754047
3.024999	14.756521	0.910155
3.074999	16.625608	1.318176
3.075000	15.155324	1.041044
3.124999	15.349504	0.923358
3.125002	16.580933	1.108932
3.174999	16.603551	1.306972
3.174999	15.256167	0.951171
3.224999	15.141458	1.027098
3.274999	14.983245	1.143328
3.324999	16.583401	1.297924
3.325000	15.092590	1.051390
3.339999	16.578812	1.094302
3.370000	15.365269	0.987848
3.375000	16.546019	0.905410
3.420000	15.600800	0.791938
3.425000	16.537672	0.707220
3.430000	15.826720	0.607048
3.469999	16.564548	0.597283
3.470000	16.045272	0.430277
3.480000	16.564964	0.539527
3.520000	15.934540	0.450976
3.569999	16.563556	0.534420
3.570000	15.834199	0.511524
3.620000	15.845435	0.490011
3.620000	16.522446	0.453639
3.669999	15.975932	0.381031
3.670000	16.509910	0.505235
3.720000	16.475743	0.402918
3.720000	15.995196	0.423072
3.769999	15.775977	0.534767
3.770000	16.458390	0.571338
3.820000	15.433853	0.837803
3.830000	16.014160	0.527390
3.869999	16.634493	0.575375
3.870000	16.409231	0.461779
3.920000	16.747044	0.429478
3.920000	16.378436	0.782989
3.970000	16.330568	1.384422
3.970000	17.112391	1.067546
3.990000	18.091639	1.465694
4.014999	19.088318	2.181084
4.019999	16.280947	2.383945
4.065000	19.365299	1.937475
4.070000	16.245456	3.394843
4.115000	19.849340	2.182448
4.164999	20.524170	2.553855
4.214999	20.721818	3.218546
4.264999	21.035153	2.858088
4.264999	16.196687	4.483642
4.314999	16.167574	4.144606
4.314999	21.412648	3.714468
4.364999	21.746146	3.941839
4.414999	16.167760	5.158483
4.415000	21.964045	3.357665
4.464999	21.932020	4.080875
4.514999	22.016593	4.140153
4.515000	16.159627	4.772051
4.524999	16.158692	4.819847
4.564999	22.102574	4.198691
4.565002	16.178857	4.243273
4.600000	22.192688	4.908303
4.610000	22.243078	4.941617
4.614999	16.185798	3.482668
4.664999	16.202697	3.472924
4.710000	16.197951	2.468303
4.760000	16.180235	0.078431
4.810000	16.188081	0.084354
4.860000	16.302720	0.084262
4.874999	16.325129	0.090148
4.910000	16.290046	0.047330
4.960002	16.249655	0.061700
5.010000	16.285709	0.041350
5.059999	16.291480	0.041837
5.110000	16.347880	0.053644
5.159999	16.344765	0.034872
5.175000	16.343412	0.025219
5.210000	16.371160	0.023616
5.260000	16.360926	0.013965
5.274999	16.347960	0.018735
5.310000	16.344806	0.030637
5.354999	16.369267	0.040805
5.380000	16.378210	0.053334
5.404999	16.399150	0.055130
5.454999	16.458123	0.057614
5.474999	16.468384	0.057611
5.504999	16.474515	0.057873
5.555000	16.500344	0.067722
5.590000	16.544706	0.075929
5.604999	16.566794	0.083056
5.654999	16.633245	0.078021
5.704999	16.661086	0.066849
5.754999	16.687890	0.057235
5.804999	16.686581	0.033625
5.839999	16.708349	0.028084
5.854999	16.717325	0.022277
5.904999	16.729804	0.021440
5.950000	16.740986	0.017286
6.000000	16.736558	0.009911
6.050000	16.739950	0.005575
6.099999	16.745692	0.005509
6.114999	16.744258	0.012976
6.150000	16.744361	0.019936
6.199999	16.739393	0.019797
6.250000	16.714147	0.020510
6.299999	16.706599	0.021787
6.350000	16.715925	0.010538
6.400000	16.716800	0.006519
6.450000	16.716532	0.013954
6.464999	16.720856	0.012821
6.500000	16.728053	0.012030
6.550000	16.746825	0.019536
6.594999	16.735020	0.009258
6.644999	16.740550	0.008054
6.695000	16.733910	0.011429
6.744999	16.744712	0.006794
6.749999	16.750633	0.016055
6.794999	16.747149	0.017078
6.844999	16.741875	0.014634
6.894999	16.718365	0.020577
6.944999	16.720689	0.014441
6.995000	16.728804	0.011538
7.044999	16.716444	0.018295
7.094999	16.724295	0.019311
7.145000	16.745537	0.020210
7.190000	16.746870	0.023838
7.239999	16.758671	0.023721
7.269999	16.771971	0.025612
7.290000	16.781554	0.035001
7.339999	16.793051	0.045085
7.390000	16.815490	0.050516
7.439999	16.846731	0.053162
7.490000	16.877028	0.055141
7.540000	16.899152	0.055646
7.590000	16.918741	0.056473
7.640000	16.942274	0.062853
7.690000	16.977248	0.065854
7.740000	17.007337	0.068637
7.789999	17.049867	0.067054
7.834999	17.072623	0.055288
7.885000	17.103294	0.048113
7.934999	17.120198	0.036176
7.984999	17.108116	0.022050
8.035002	17.127320	0.013167
8.060000	17.132841	0.011945
8.084999	17.130660	0.009817
8.134999	17.125997	0.004951
8.184999	17.134523	0.005782
8.224999	17.126486	0.008767
8.234999	17.127951	0.013354
8.284999	17.136062	0.016885
8.310000	17.143371	0.015381
8.334999	17.154733	0.019604
8.384999	17.169954	0.032756
8.430000	17.146083	0.017213
8.480000	17.126369	0.033157
8.530000	17.126582	0.033211
8.580000	17.164972	0.024287
8.630000	17.171239	0.031328
8.680000	17.156385	0.019091
8.684999	17.154701	0.015036
8.730000	17.134530	0.022407
8.780000	17.133501	0.023214
8.829999	17.143824	0.016818
8.880000	17.160853	0.018271
8.929999	17.170979	0.019787
8.980000	17.162757	0.012777
9.030000	17.173728	0.008133
9.074999	17.176406	0.023556
9.090000	17.178351	0.075407
9.125000	17.182365	0.194506
9.174999	17.121025	0.309543
9.224999	17.003575	0.367733
9.275000	16.745170	0.345671
9.304999	16.480927	0.430434
9.324999	16.374987	0.975936
9.374999	16.412166	1.658663
9.425000	17.066572	2.064927
9.474999	18.541009	2.270832
9.524999	19.792959	2.576616
9.574999	20.904133	2.606551
9.624999	22.061057	2.487720
9.670000	23.401892	2.266409
9.684999	24.316088	1.936225
9.720000	25.433891	1.678711
9.770000	25.591379	1.039023
9.820000	25.749818	0.610524
9.869999	25.605048	0.107915
9.920000	25.675594	0.091172
9.969999	25.578130	0.214820
10.020000	25.722233	0.202637
10.069999	25.819194	0.269380
10.120000	25.976008	0.493999
10.170000	26.090871	0.605082
10.220000	25.320334	0.651549
10.245000	25.096343	1.103028
10.270000	25.465540	1.141518
10.314999	26.417305	1.269722
10.344999	26.995213	1.684292
10.364999	27.471580	2.080953
10.414999	28.508609	2.304056
10.465000	29.862993	2.583565
10.514999	31.189817	2.858193
10.564999	32.393124	2.877700
10.614999	33.876651	2.736197
10.664999	35.381945	2.534156
10.714999	36.344588	2.150887
10.764999	37.198496	1.640002
10.814999	37.734014	1.145349
10.864999	37.915183	0.828254
10.910000	37.721510	0.567149
10.960000	37.436600	0.469399
11.009999	37.000718	0.541329
11.060000	36.712536	0.715116
11.109999	36.979346	0.520905
11.160000	37.359800	0.449135
11.210000	37.688683	0.628552
11.260000	37.815661	0.554785
