20.000000	57
0.004999	0.010188	0.620973
0.045001	0.565895	0.420149
0.050000	0.284277	0.802957
0.095001	0.889328	0.600877
0.100000	1.027818	0.714013
0.110000	1.750676	1.169757
0.145001	0.487285	1.171119
0.150000	2.235620	1.503927
0.195001	0.029081	1.651651
0.200000	2.193895	1.559467
0.245001	0.248262	1.437577
0.250000	1.923968	1.224128
0.295001	0.423985	1.313741
0.300000	1.581593	1.081058
0.320000	2.314234	1.459870
0.345001	0.253749	1.659656
0.350000	2.796969	1.818157
0.395000	0.302622	1.704083
0.400000	2.258403	1.523302
0.445000	0.528886	1.498469
0.450000	2.112697	1.171778
0.495001	0.592129	1.361772
0.499999	2.194236	1.136680
0.544999	2.449684	1.324703
0.545000	0.721335	1.210908
0.594999	2.607489	1.425595
0.595001	0.477982	1.516401
0.640000	0.633759	1.266686
0.644999	2.708808	1.557499
0.670000	1.038657	1.428874
0.690000	1.742650	1.368953
0.694999	3.949484	2.135666
0.740000	1.156415	1.576640
0.744999	3.578870	1.648164
0.745001	1.817458	1.291848
0.790000	1.827783	0.952992
0.794999	2.711437	1.428942
0.840000	0.754994	1.161590
0.844999	1.844907	0.987755
0.890000	0.400546	1.222781
0.894999	1.576472	0.850996
0.925001	0.519522	0.867101
0.940000	0.549454	0.926141
0.945000	1.785196	1.173213
0.990001	0.376652	1.215707
0.994999	2.134278	1.517452
1.040001	0.058883	1.732622
1.044999	2.285359	1.657236
1.090000	0.194407	1.757502
1.094999	2.435415	1.769583
1.140000	0.425037	1.408233
1.145002	2.497451	2.028952
1.190000	0.422820	1.198606
1.230001	0.205475	0.949309
1.240000	0.143758	1.062366
1.285001	0.048415	0.208687
1.335001	0.032131	0.119406
30.000000	60
0.025000	0.027261	0.887499
0.050000	0.623832	0.763322
0.100000	1.049934	0.696706
0.100000	1.007674	0.656544
0.120000	1.906737	1.172225
0.124999	0.368996	1.220084
0.150000	0.498025	1.605564
0.150000	2.747733	1.983928
0.200000	0.511676	1.487889
0.224999	3.351931	2.641933
0.250000	0.135460	2.257640
0.294999	0.279741	2.419529
0.299999	1.002902	2.415263
0.300000	3.670592	2.735931
0.324999	3.966331	2.923756
0.349999	4.511341	2.909460
0.350000	0.064208	3.293611
0.394999	0.318565	3.117559
0.400000	4.164425	3.218115
0.444999	0.512786	2.044282
0.449999	3.859246	2.821451
0.480000	0.042872	2.803604
0.494999	0.798264	1.791598
0.495003	3.830468	2.628454
0.520000	0.729846	1.964499
0.544999	0.993890	1.811778
0.594999	4.332093	3.247033
0.594999	0.591386	2.225545
0.634999	0.508633	2.280852
0.644999	1.126442	2.406205
0.644999	4.496653	3.491043
0.694999	0.766627	2.216191
0.694999	4.634571	3.277221
0.744999	0.412732	3.013498
0.794999	0.243517	3.218084
0.795000	4.855478	3.774595
0.845000	0.108108	3.407784
0.845000	4.854835	3.829616
0.894999	0.176708	3.932310
0.894999	5.057168	4.016050
0.944999	0.135272	3.466817
0.944999	5.194407	4.095938
0.994999	0.140355	3.586539
1.040000	0.265648	3.585286
1.044999	5.376505	4.172457
1.090000	0.307970	3.392161
1.094999	5.430689	4.134784
1.140000	0.357326	3.397978
1.190000	4.440276	3.091362
1.190000	0.641548	3.156475
1.240000	1.619339	1.878083
1.240000	3.967223	1.855127
1.280000	3.853533	1.922315
1.290000	2.009930	1.354613
1.290000	3.874500	1.747142
1.339999	1.995833	1.146286
1.390000	1.621845	0.961192
1.439999	1.379398	1.154497
1.464999	1.376689	0.332960
1.490000	1.377865	0.140866
40.000000	74
0.049999	0.622362	0.434882
0.050000	0.031610	0.593382
0.094999	0.322520	0.449846
0.099999	0.980794	0.740119
0.124999	0.303346	0.860147
0.130000	0.957799	0.795690
0.144999	2.148888	1.325695
0.149999	0.570995	0.935728
0.194999	2.140175	1.127486
0.199999	0.782939	0.979658
0.239999	0.758801	1.096546
0.244999	2.011119	0.908766
0.245000	1.487602	0.746346
0.265000	2.539527	1.458136
0.295000	0.867238	1.127405
0.344999	2.228562	1.333450
0.345000	0.235842	1.560210
0.394999	1.807729	1.204781
0.395000	0.223177	1.520243
0.444999	1.803634	1.300258
0.445000	0.175030	1.824566
0.474999	2.421842	1.686798
0.494999	3.271168	2.335716
0.495000	0.034931	2.053892
0.544999	3.045187	2.307019
0.545000	0.148986	2.099408
0.595000	0.249352	1.619054
0.644999	0.549577	1.926658
0.694999	2.999517	2.198853
0.695000	0.698494	2.123260
0.714999	3.675118	2.123042
0.740000	4.251487	2.482176
0.744999	0.914685	2.121767
0.790000	3.752168	2.021205
0.795000	0.925793	2.135417
0.825000	1.313414	1.403732
0.839999	2.245800	1.178873
0.840000	3.459291	1.869255
0.889999	1.616543	1.402574
0.890000	3.506361	1.652705
0.939999	1.207451	1.950909
0.940000	3.661279	1.681979
0.989999	1.073877	2.142793
0.990000	3.712254	1.875563
1.040000	3.886814	1.695788
1.040000	1.288990	1.952162
1.045000	2.310090	1.205053
1.089999	4.046469	1.705654
1.090000	2.534826	1.118662
1.139999	1.919415	1.908546
1.140000	4.090288	1.858566
1.189999	1.627880	2.469969
1.194999	5.383791	3.026627
1.239999	1.670590	2.712579
1.240000	5.568031	3.159965
1.289999	1.728777	2.754490
1.334999	4.721898	2.415932
1.339999	1.865641	2.228949
1.384999	4.634533	2.184992
1.390000	1.916666	2.035390
1.419999	2.370902	1.735751
1.434999	4.763019	1.914110
1.439999	3.052482	1.281402
1.484999	4.881793	2.050594
1.485000	2.482140	1.678597
1.515000	1.827857	1.913032
1.530000	4.189203	1.760933
1.534999	3.991427	2.217771
1.535000	1.159398	2.044889
1.584999	3.543631	2.175038
1.585000	0.210946	2.843730
1.635000	0.232928	2.598060
1.655000	3.419714	2.265335
1.684999	3.664311	2.814246
50.000000	94
0.050000	0.351820	0.226972
0.050000	0.110059	0.259735
0.100000	0.561349	0.395283
0.100000	0.123351	0.458155
0.150000	0.023100	0.727681
0.200000	0.333043	0.541476
0.200000	1.103757	0.736691
0.250000	1.290344	0.763700
0.250001	0.570938	0.493333
0.295001	0.640558	0.509688
0.300000	1.340503	0.661852
0.345001	0.499178	0.576740
0.350000	1.278648	0.545081
0.395001	0.428381	0.756681
0.399999	1.305543	0.657988
0.444999	1.479754	0.793222
0.445001	0.402608	1.141423
0.495000	1.881462	1.039804
0.495001	0.349526	1.559448
0.514999	2.313378	1.390708
0.545000	3.010052	1.815014
0.545001	0.520081	1.795979
0.594999	2.770358	1.439271
0.595000	0.848855	1.591357
0.644999	2.696421	1.494144
0.645001	0.926087	1.525947
0.694999	2.666545	1.278058
0.695000	1.245766	1.342989
0.744999	2.999325	1.394380
0.745001	1.510191	1.234264
0.794999	3.103615	1.321024
0.795001	1.601703	1.073078
0.844999	3.233117	1.314912
0.845001	1.621511	1.116519
0.890000	1.773775	1.101340
0.895003	3.249151	1.102032
0.940001	1.735532	1.175613
0.944999	3.481707	1.050373
0.945001	2.909275	0.895179
0.990000	2.984567	0.871594
0.994999	3.638655	0.856852
1.010000	4.474374	1.482741
1.040000	2.671839	1.559902
1.044999	4.975650	1.873373
1.090000	2.395136	1.931721
1.090000	4.893098	1.728895
1.140000	2.321425	2.131353
1.140000	4.650167	1.690283
1.154999	5.178292	1.989668
1.190000	2.407637	2.318416
1.190000	5.775892	2.002315
1.240000	2.495556	2.409964
1.240000	5.268499	1.935009
1.264999	5.515105	2.050971
1.290000	2.769920	2.238395
1.339999	5.443556	1.827433
1.340000	2.608003	2.185329
1.360000	5.775535	2.202518
1.365001	3.275051	2.056609
1.390000	3.895615	1.506489
1.390000	6.153418	1.885811
1.440000	5.578954	1.741263
1.440001	3.566058	1.533477
1.490000	5.265842	1.463320
1.490001	3.218744	1.977556
1.535001	3.071467	1.835490
1.540000	5.524379	1.797544
1.569999	6.090136	2.428940
1.585001	3.013076	2.591159
1.590000	6.690866	2.135359
1.635000	3.280868	2.476790
1.640000	6.315864	2.567240
1.685000	6.105946	2.045285
1.685001	3.129577	2.138902
1.735000	3.301302	2.310515
1.784999	6.021809	2.258565
1.785001	3.273904	1.602869
1.834999	6.066419	2.223629
1.835001	3.323570	1.919858
1.875001	3.478753	1.791621
1.884999	6.022611	1.919267
1.885001	3.317449	1.813936
1.890000	5.928272	2.938597
1.934999	5.014264	2.190769
1.935001	1.673476	2.596492
1.955001	1.450777	2.923393
1.985000	4.560228	2.546050
1.985001	1.355856	1.817229
2.035000	4.417870	2.620163
2.035001	1.335666	1.873769
2.085001	1.600193	1.211966
2.130000	2.061520	1.122403
2.180001	2.091332	0.451496
2.230000	2.138852	0.315379
