20.000000	41
0.050000	0.024160	0.190354
0.050001	0.023228	0.465540
0.095001	0.201232	0.477893
0.100000	0.302277	0.632906
0.145003	0.893490	0.772839
0.150000	0.968980	0.694866
0.165001	1.503928	0.682469
0.195001	2.165984	0.911101
0.200000	1.341018	0.464985
0.245000	1.980328	0.549323
0.250000	1.285522	0.478332
0.295001	1.540892	0.268602
0.300000	1.298762	0.483042
0.345000	1.500860	0.332709
0.345001	1.268157	0.699665
0.395001	2.212471	0.914007
0.395001	1.622581	1.197544
0.415000	2.606203	1.004092
0.445000	3.721270	1.390660
0.445001	3.279162	1.251367
0.495001	3.806225	0.915081
0.545001	5.585833	2.245601
0.545001	3.915085	2.330092
0.595001	4.153089	3.610407
0.645001	9.252963	4.145243
0.645001	4.819920	4.559428
0.690001	11.190639	4.748916
0.695001	5.826264	5.227627
0.720000	12.707650	5.098372
0.740000	14.410514	5.517780
0.745001	7.006992	6.583219
0.790001	15.655875	5.485715
0.795001	8.137109	6.555458
0.840000	16.766527	6.114650
0.845001	9.512025	6.002327
0.885001	17.319825	6.453314
0.890001	17.437967	6.059683
0.895001	9.858708	5.485295
0.940000	10.348514	5.622963
0.945001	10.414601	5.186884
0.990000	18.028666	7.825321
30.000000	63
0.050000	0.006282	0.204729
0.050000	0.013052	0.452862
0.099999	0.231062	0.731701
0.100000	0.280452	0.705219
0.125000	0.850464	0.702281
0.150000	1.711867	0.979151
0.150000	0.959444	0.757955
0.199999	1.742356	0.583899
0.200000	1.262861	0.754509
0.215000	2.264402	0.811191
0.250000	1.376531	0.708373
0.250002	2.632573	0.928505
0.299999	2.050407	0.514420
0.300000	1.586156	0.806082
0.325000	2.245882	0.435678
0.350000	2.754119	0.738197
0.395000	2.449156	0.505767
0.400000	1.780813	0.695766
0.445000	2.420013	0.372786
0.450000	1.992888	0.634758
0.494999	2.697704	0.566022
0.500000	2.189323	0.809169
0.545000	3.195619	0.739107
0.550000	2.661012	0.878315
0.594999	3.720057	0.965089
0.595001	3.294220	0.967524
0.645000	4.272364	1.052700
0.695000	4.887210	0.971430
0.695001	4.531242	1.278756
0.745000	5.803946	1.036445
0.745001	5.532998	1.446747
0.795000	6.868775	1.395076
0.795001	6.461298	1.839406
0.845000	8.434456	1.761589
0.845000	7.692067	2.172210
0.895000	10.126327	2.114358
0.895001	9.099623	2.416455
0.945000	11.894494	2.359196
0.945001	10.775968	2.522652
0.989999	13.675245	2.502773
0.995001	12.506504	2.578968
1.039999	15.498130	2.574309
1.045001	14.292649	2.572376
1.089999	17.305574	2.580962
1.095001	16.184305	2.336227
1.140000	18.985405	2.510996
1.145001	18.022154	1.799876
1.155000	20.211396	1.977415
1.189999	20.631540	1.327654
1.190000	19.758996	1.197853
1.240000	20.964087	0.644007
1.240001	20.537296	0.653150
1.289999	21.361648	0.766502
1.290000	21.101530	0.410113
1.340000	21.411896	0.395746
1.340001	21.582686	0.288703
1.345001	21.627276	0.297275
1.389999	21.430774	0.250997
1.390001	21.989496	0.482437
1.439999	21.438511	0.243109
1.489999	21.491765	0.226210
1.519999	21.503411	0.245616
1.539999	21.529542	0.058869
40.000000	80
0.019999	0.002929	0.258886
0.045000	0.010492	0.504869
0.069999	0.354106	0.661539
0.095000	0.281646	0.681174
0.119999	0.920392	0.782635
0.139999	1.627229	0.904595
0.145000	0.921132	0.745169
0.169999	2.192748	0.916361
0.194999	1.226834	0.521495
0.219999	1.765934	0.477603
0.245000	1.586576	0.371984
0.269999	1.384757	0.272466
0.294999	1.697565	0.316871
0.319999	1.088426	0.644438
0.345000	1.605663	0.699926
0.369999	1.368773	0.821065
0.375000	2.287865	0.821784
0.395000	3.052413	1.155895
0.420000	1.719050	0.963324
0.445000	2.916437	0.697541
0.469999	2.211018	0.903559
0.495000	3.010597	0.705618
0.519999	3.668485	0.769524
0.545000	3.040102	0.518024
0.569999	3.497843	0.421220
0.595000	3.588372	0.397144
0.619999	3.169910	0.803697
0.639999	4.185424	0.734544
0.664999	3.272865	1.162754
0.689999	4.761829	1.082563
0.715000	3.725188	1.372210
0.739999	5.451734	1.359818
0.764999	4.131270	1.781327
0.789999	6.306053	1.644595
0.815001	4.806177	2.190644
0.839999	7.529424	2.111512
0.865000	5.704814	2.535550
0.889999	8.983259	2.570761
0.915000	6.608608	2.999976
0.939999	10.449369	3.130922
0.965000	7.736432	3.278882
0.989999	12.146838	3.474669
1.000000	13.476397	3.525496
1.015000	9.122403	4.401008
1.039999	15.065734	3.648792
1.065000	10.440999	4.379931
1.089999	16.131393	4.322504
1.115000	11.750744	4.408250
1.139999	17.417121	4.272874
1.165000	13.195598	4.296226
1.189999	18.857496	4.295079
1.195000	20.104421	4.101195
1.215000	14.754017	5.093124
1.240000	21.624293	4.043870
1.259999	16.433765	4.628470
1.285000	22.351594	4.435930
1.309999	17.952660	4.262931
1.334999	23.359936	4.087710
1.345000	24.455069	3.798802
1.359999	19.494406	4.713912
1.385000	25.786330	3.709265
1.409999	20.947977	4.290139
1.434999	26.544027	4.239220
1.459999	22.421784	3.795197
1.485000	27.202705	3.786126
1.510000	23.575501	3.241210
1.535000	28.056290	3.710526
1.559999	24.086525	3.113558
1.585000	27.979385	3.166388
1.609999	24.276167	3.178669
1.635000	28.239161	3.172400
1.660000	24.541318	3.004871
1.685000	28.376030	3.182028
1.709999	24.541219	2.654803
1.735000	28.270368	3.039417
1.749999	24.567848	2.591823
1.759999	24.549575	2.550615
1.785000	28.042664	2.734599
1.809999	24.430118	2.594787
1.835000	28.151403	2.990705
50.000000	93
0.045001	0.004058	0.283199
0.050001	0.012537	0.532670
0.095000	0.355043	0.427728
0.100000	0.346610	0.719284
0.145001	0.964359	0.933944
0.150001	0.905422	0.884383
0.170001	1.823538	0.932343
0.195000	2.647510	1.256566
0.200000	1.348511	0.861361
0.245001	2.564183	0.816784
0.250000	1.537282	0.806317
0.295000	2.258885	0.562041
0.300000	1.657691	0.836517
0.320001	2.558512	0.704088
0.345001	2.221039	0.934044
0.350000	3.025925	0.781592
0.355000	3.393924	0.704111
0.395001	3.887908	1.027684
0.400000	2.805705	0.662687
0.445001	3.812992	0.713185
0.450001	2.706997	0.929760
0.475001	3.017590	0.672458
0.495001	3.806121	0.683959
0.500000	3.827116	0.690375
0.545000	3.831259	0.768279
0.545001	4.793958	0.986714
0.595001	3.947406	1.129733
0.595001	5.223569	1.356259
0.640000	6.244138	1.766111
0.645000	3.849440	2.683738
0.690001	7.310470	2.311268
0.695001	4.393814	3.185642
0.740000	8.677197	3.216536
0.745001	5.259617	3.562262
0.790001	9.831276	3.479140
0.795001	6.322982	2.907941
0.840000	11.381054	3.906785
0.845001	7.357698	3.212256
0.855000	8.581479	3.343276
0.890001	12.828422	3.229306
0.895001	10.023865	3.346925
0.940000	14.283399	3.374153
0.945001	11.238527	3.265292
0.990000	15.549982	3.382128
0.995001	12.124347	3.561568
1.040000	16.835407	3.450512
1.045001	13.425219	3.568316
1.050000	18.043898	3.450544
1.065000	15.053583	2.587922
1.090001	19.305458	3.349672
1.095001	16.291681	2.418384
1.140000	17.462788	2.006122
1.140001	20.077678	2.027254
1.175001	18.679190	2.044845
1.190000	19.755967	1.503147
1.190001	20.989571	1.449736
1.240000	21.754159	1.669774
1.240000	20.989065	1.758418
1.285001	23.071546	1.458417
1.290001	22.366685	1.696097
1.335000	24.184648	1.719212
1.340000	23.858445	1.587544
1.385001	25.360056	1.645383
1.390000	25.405476	1.456378
1.435001	26.601195	1.673214
1.440001	26.810756	1.337387
1.460000	27.736971	1.372506
1.485001	28.830795	1.369375
1.490001	28.103016	1.202453
1.535001	29.282436	1.155646
1.540000	29.349792	1.061385
1.575001	29.945919	1.243818
1.585001	31.175815	1.268941
1.590001	30.463863	1.244472
1.635002	31.765184	1.057566
1.640000	31.788310	0.948871
1.685001	32.420488	1.124155
1.690000	32.729653	0.975377
1.735001	33.197748	1.110705
1.740000	33.912192	1.092977
1.785001	34.205707	1.172929
1.785001	34.948697	1.057454
1.795001	35.280799	1.119453
1.835001	36.012874	1.028320
1.880000	35.828635	1.083102
1.885001	37.163296	1.271208
1.930000	35.782713	1.363463
1.935001	37.865022	1.430475
1.970000	37.968782	1.243874
1.980000	36.062318	1.953839
1.985001	38.069320	0.945319
2.035001	38.416167	1.213489
2.085001	38.586944	1.491178
