20.000000	174
0.024999	0.046148	0.566481
0.044999	0.346092	0.393280
0.050000	0.007632	0.738286
0.094999	0.979557	0.782915
0.100000	0.459570	0.787752
0.144999	1.216106	0.730215
0.150000	2.044558	1.231403
0.194999	0.848514	0.696783
0.200000	1.753799	0.897926
0.245000	0.241696	1.071514
0.250000	0.939899	0.623938
0.280000	0.919809	0.616965
0.295000	0.050540	0.763896
0.344999	0.318483	0.866082
0.394999	0.815510	0.629771
0.395000	1.173538	0.951802
0.444999	1.962528	1.323934
0.445000	1.120049	1.527251
0.494999	2.813589	1.426540
0.500000	4.070058	1.850818
0.544999	2.392428	1.769673
0.544999	4.856101	1.712071
0.594999	2.521545	2.719514
0.594999	5.237307	2.063145
0.644999	5.920172	2.093562
0.650000	6.714846	2.474131
0.689999	7.934705	3.054805
0.694999	3.011746	3.914283
0.740000	7.777165	2.993482
0.745000	3.586340	3.486302
0.790000	7.753356	3.218827
0.794999	4.264406	2.910267
0.840000	7.864257	2.829832
0.844999	4.570185	2.425728
0.890000	7.841203	2.305214
0.895000	5.430236	1.971140
0.940000	6.240126	1.565926
0.940000	7.721604	1.147587
0.990000	7.650402	1.115753
1.040000	8.366394	1.161367
1.040000	7.575125	1.151469
1.090000	7.482996	1.239385
1.130000	7.254312	1.887571
1.140000	10.256664	2.493153
1.140000	6.674285	2.797663
1.149999	10.515456	2.972600
1.190000	10.961261	3.458324
1.190000	6.744009	2.974235
1.240000	6.890693	2.872779
1.244999	6.679681	3.215065
1.284999	11.330609	4.205463
1.284999	6.717997	3.222586
1.290000	11.370809	3.334530
1.334999	6.591744	3.768516
1.340000	11.115528	3.275758
1.374999	10.979705	3.293589
1.384999	6.168443	3.999428
1.390000	10.962604	3.344422
1.434999	6.235002	3.400883
1.439999	11.186713	4.495620
1.474999	6.303975	2.755259
1.485000	6.305340	1.993328
1.534999	6.303890	1.999099
1.540000	6.300803	0.231017
1.584999	6.391137	0.212961
1.634999	6.662748	0.239287
1.684999	6.726254	0.225747
1.734999	6.641947	0.129955
1.784999	6.737104	0.063442
1.835000	6.760894	0.104745
1.885003	6.729588	0.120276
1.930000	6.643160	0.113922
1.980000	6.573615	0.112993
2.030000	6.514452	0.116324
2.080000	6.480957	0.114546
2.130000	6.556863	0.051188
2.180000	6.623623	0.082036
2.230000	6.609765	0.078449
2.279999	6.581860	0.124592
2.330000	6.582212	0.158710
2.379999	6.735484	0.117034
2.430000	6.839526	0.169738
2.479999	6.825022	0.122359
2.524999	6.714470	0.127791
2.575000	6.722947	0.174948
2.624999	6.822852	0.161428
2.675003	6.955015	0.199151
2.724999	7.032339	0.204731
2.775000	7.093536	0.158452
2.825000	7.244177	0.202001
2.874999	7.271671	0.228481
2.924999	7.089759	0.138789
2.974999	6.981420	0.172689
3.024999	6.945916	0.151467
3.074999	6.927912	0.100415
3.124999	6.882518	0.199294
3.170000	6.873515	0.260415
3.220000	7.089461	0.196380
3.270000	7.306240	0.265410
3.320000	7.279381	0.195087
3.370000	7.270489	0.112076
3.419999	7.389122	0.078352
3.470000	7.400681	0.192790
3.520000	7.371554	0.284032
3.570000	7.330761	0.272149
3.620000	6.970014	0.307609
3.670000	6.814980	0.392433
3.720000	7.135151	0.168324
3.764999	7.168976	0.167331
3.814999	7.125402	0.130779
3.864999	7.161896	0.037571
3.915000	7.171719	0.245728
3.964999	7.153444	0.470362
4.015000	7.240665	0.503785
4.035000	7.767501	0.443137
4.065000	8.123794	0.604516
4.114999	7.909062	0.471758
4.164999	7.914684	0.395788
4.170000	8.628138	0.742090
4.214999	8.461627	0.581006
4.264999	7.657187	0.866569
4.315000	7.601849	1.101761
4.364999	8.378791	0.681431
4.410000	9.182213	0.958962
4.459999	9.146686	0.713089
4.510000	9.026654	0.305313
4.559999	9.029112	0.215400
4.610000	8.933860	0.243613
4.660000	8.722769	0.243875
4.710000	8.657367	0.250522
4.735000	8.519014	0.214790
4.760000	8.439388	0.156512
4.810000	8.355718	0.174981
4.860000	8.413906	0.094790
4.910000	8.511258	0.092641
4.960000	8.533125	0.101770
5.004999	8.536939	0.092731
5.054999	8.618593	0.086590
5.104999	8.626176	0.087497
5.139999	8.682377	0.090475
5.155000	8.742562	0.077508
5.205000	8.738206	0.058541
5.254999	8.800683	0.102268
5.304999	8.753100	0.109851
5.355001	8.765606	0.177067
5.404999	8.605799	0.161474
5.420000	8.534119	0.161540
5.455000	8.438719	0.169104
5.504999	8.410419	0.133354
5.554999	8.374461	0.103796
5.580000	8.287806	0.111242
5.605000	8.220428	0.286175
5.650000	8.324520	0.477260
5.700000	8.439606	0.711806
5.724999	8.827172	0.975564
5.750000	9.366672	1.692801
5.800000	9.834603	2.260080
5.850000	10.733312	2.459135
5.900000	12.954179	2.464925
5.950000	13.949024	2.336587
6.000000	14.567664	1.869429
6.049999	15.262396	1.323779
6.070000	15.495368	1.253155
6.100000	15.959422	1.327994
6.149999	16.824049	1.356097
6.200000	17.528975	1.362102
6.244999	18.134774	1.240131
6.284999	18.790602	1.075767
6.295000	18.970246	0.785235
6.344999	19.267153	0.582072
6.394999	19.682304	0.504096
6.444999	19.515070	0.323799
6.495000	19.716040	0.252704
6.544999	19.827443	0.209008
30.000000	152
0.049999	0.033439	0.303440
0.050000	0.059400	0.563018
0.099999	0.392178	0.785537
0.100000	0.416662	0.760068
0.129999	1.073751	0.717110
0.150000	1.935151	1.033316
0.150000	1.090121	0.540986
0.199999	1.720272	0.554766
0.200000	1.468660	0.369708
0.249999	0.871664	0.527040
0.250000	1.270946	0.485867
0.294999	1.488536	0.670460
0.300000	0.920755	0.462704
0.344999	0.351159	0.657248
0.345000	0.680563	0.457344
0.394999	0.246204	0.339425
0.395000	0.260335	0.485609
0.444999	0.414668	0.425474
0.445000	0.335495	0.928115
0.454999	1.355959	0.965990
0.494999	0.148262	1.480925
0.495000	2.353438	1.406468
0.545000	1.223441	1.486206
0.554999	2.509501	1.456208
0.569999	3.152057	1.120134
0.594999	3.553435	1.214275
0.595000	4.501186	1.087831
0.644999	4.033373	0.658832
0.645000	4.572469	0.664745
0.694999	4.063986	0.683699
0.695000	5.075915	1.512582
0.744999	3.675156	1.737661
0.795000	2.978240	2.078368
0.844999	2.839688	2.204144
0.889999	7.418766	3.695455
0.895000	3.317987	2.799468
0.905000	4.334639	3.052638
0.939999	8.372314	3.223526
0.945000	5.129542	3.303945
0.990000	9.452900	3.530482
0.990000	5.560698	4.017347
1.039999	10.803150	4.271857
1.040000	6.023945	4.779521
1.089999	12.335374	5.311425
1.090000	6.027403	6.025668
1.139999	13.924303	6.435561
1.140000	6.100461	5.658927
1.189999	15.665217	7.668339
1.190000	6.377517	6.382665
1.204999	6.798637	6.689730
1.239999	16.400159	8.585272
1.240000	5.665008	7.805034
1.290000	16.584320	8.789835
1.290000	4.833773	9.751998
1.339999	17.003118	9.072933
1.339999	6.082338	7.686939
1.389999	17.016111	8.678803
1.390000	7.112515	7.888471
1.439999	7.759118	6.344042
1.465000	16.569165	6.381961
1.489999	16.416014	7.201115
1.490000	7.788642	7.103860
1.535000	16.466156	5.022776
1.540000	7.745265	7.958246
1.585000	16.504022	5.044605
1.635000	16.509627	3.578497
1.685000	16.419045	3.541486
1.735000	16.427628	0.050992
1.759999	16.455545	0.029829
1.784999	16.456916	0.020632
1.835000	16.464096	0.030850
1.884999	16.470612	0.050458
1.935000	16.452326	0.056366
1.984999	16.400263	0.054653
2.035000	16.372962	0.058887
2.085000	16.354554	0.048066
2.129999	16.342361	0.032934
2.179999	16.318637	0.029771
2.230000	16.333678	0.016475
2.279999	16.304521	0.026912
2.329999	16.328040	0.014681
2.380000	16.336696	0.036797
2.430000	16.321129	0.034920
2.450000	16.305744	0.042907
2.479999	16.260510	0.047705
2.529999	16.267847	0.097338
2.580000	16.229117	0.133380
2.629999	16.227489	0.191572
2.679999	16.045608	0.205146
2.685000	15.974742	0.246870
2.729999	15.880334	0.256806
2.775000	15.723076	0.226127
2.824999	15.574978	0.246623
2.860000	15.532516	0.242852
2.874999	15.485459	0.238179
2.924999	15.291900	0.217068
2.975000	15.165558	0.221713
3.000000	15.119561	0.181035
3.024999	15.043799	0.122151
3.075000	15.007314	0.132207
3.125000	15.007294	0.161211
3.175000	15.112664	0.181032
3.209999	15.241414	0.280779
3.225000	15.283125	0.354311
3.275000	15.464884	0.357871
3.325000	15.784692	0.385509
3.344999	15.884568	0.413082
3.369999	15.996846	0.408659
3.420000	16.217962	0.359403
3.470000	16.478051	0.374826
3.519999	16.614070	0.394557
3.569999	16.668192	0.415670
3.619999	16.848031	0.472902
3.669999	17.179768	0.479956
3.720000	17.375896	0.488933
3.769999	17.701940	0.497391
3.819999	17.795594	0.487126
3.869999	17.953762	0.493246
3.919999	18.253370	0.464121
3.970002	18.586173	0.488605
4.015000	18.693816	0.463031
4.065000	18.873288	0.412606
4.115000	19.036362	0.330066
4.165000	19.313152	0.335167
4.215000	19.423239	0.281574
4.224999	19.320569	0.179342
4.265000	19.403573	0.106487
4.315000	19.446441	0.093224
4.364999	19.601421	0.191954
4.415000	19.511288	0.128517
4.465000	19.521947	0.186238
4.514999	19.347263	0.174929
4.565000	19.291855	0.153959
4.609999	19.186506	0.160149
4.659999	19.166507	0.141808
4.710000	19.185802	0.183366
4.759999	19.249940	0.228748
4.809999	19.420551	0.195991
4.860000	19.547599	0.221476
4.909999	19.675552	0.258386
4.960000	19.396993	0.324546
5.009999	19.687659	0.333494
5.059999	19.921105	0.799392
5.109999	19.811682	1.120730
5.159999	20.389927	1.319126
5.209999	21.713565	1.339101
5.255000	21.651620	1.184598
5.305000	22.849465	1.214633
5.355000	22.653227	0.605388
5.405000	22.651874	0.512966
5.455000	22.845049	0.200905
5.505000	23.140548	0.433438
40.000000	935
0.049999	0.020556	0.239191
0.050000	0.165763	0.343680
0.060004	0.222642	0.374808
0.099999	0.351786	0.465520
0.100001	0.808834	0.476452
0.149999	0.768564	0.662917
0.150000	1.221647	0.560342
0.179999	1.282064	0.477502
0.199999	2.070267	1.130843
0.200000	1.055100	0.620239
0.250000	0.830407	0.633655
0.250001	0.631803	0.673919
0.295000	0.070877	0.640652
0.299999	0.798040	0.523172
0.300000	0.323700	0.304070
0.344999	0.169386	0.302526
0.350000	0.116424	0.331223
0.369999	0.001009	0.419467
0.395002	0.468140	0.317767
0.400000	0.220616	0.598416
0.445000	0.803177	0.539629
0.450000	0.502285	0.930488
0.495000	1.489293	0.908453
0.500001	1.104519	1.085385
0.545000	2.422425	1.138358
0.550000	2.426551	0.885481
0.595000	2.831415	1.004121
0.600000	3.568429	0.794160
0.645000	3.207844	1.058186
0.645001	4.263653	0.992647
0.695000	3.466539	1.364274
0.695001	5.365332	1.572175
0.745000	3.620512	1.863596
0.745001	6.079132	1.923576
0.795000	4.022717	2.258600
0.795001	6.959616	2.371913
0.845000	4.125469	2.221052
0.845001	7.994930	2.837301
0.864999	4.934445	3.109172
0.894999	5.578571	2.614733
0.895001	9.123308	3.005968
0.920000	10.025408	4.147717
0.939999	5.016192	4.612953
0.945001	11.392211	3.971704
0.989999	4.570604	5.511001
0.995001	11.690539	4.884941
1.030001	11.986840	5.077440
1.039999	4.782795	5.789238
1.045000	11.894939	4.884488
1.089999	5.106889	5.560845
1.095001	11.906263	4.891677
1.140000	5.080338	5.557372
1.140001	11.873676	4.828744
1.145000	11.870546	3.958945
1.189999	4.949331	5.700587
1.195001	11.992538	4.939308
1.235001	11.985241	4.934941
1.240000	4.998227	4.892926
1.289999	5.077024	4.864102
1.290001	11.734751	5.875193
1.310000	4.279725	4.310037
1.339999	3.876228	5.556009
1.340000	11.666027	6.236416
1.389999	4.185438	5.277589
1.390000	11.691454	6.514797
1.439999	3.782229	5.583547
1.440004	11.571309	6.645095
1.450000	3.050476	6.114558
1.489999	2.793248	6.387735
1.490000	11.793793	7.155054
1.539999	3.143238	6.248728
1.540001	12.044629	7.327153
1.585000	3.146891	7.229243
1.590001	12.092074	7.242494
1.635000	3.209169	7.240353
1.640000	12.069495	7.109641
1.685000	3.390601	7.130018
1.690000	12.098640	6.972751
1.735000	3.712514	6.924958
1.740002	12.223362	6.884565
1.785000	3.942701	6.803992
1.790000	12.371203	6.807272
1.835000	4.141005	6.718266
1.840000	12.401141	6.684100
1.885000	4.354828	5.701352
1.885001	12.473773	6.609477
1.904999	4.430020	5.678957
1.935000	4.596516	5.597424
1.935001	12.494191	6.333089
1.985000	4.875352	5.431634
1.985001	12.558841	6.254879
2.035000	5.065016	5.293300
2.035001	12.596823	6.911596
2.069999	5.065953	5.407331
2.085000	5.065464	4.459209
2.135000	5.057932	5.608069
2.135001	12.976574	7.221968
2.179999	5.079072	5.848646
2.185000	13.374318	6.778140
2.229999	5.068115	6.920573
2.235001	13.684742	7.014818
2.280000	5.101580	7.219227
2.285001	14.100379	6.370933
2.329999	5.140599	7.445479
2.330000	14.568023	6.676971
2.335001	14.651235	6.725185
2.379999	5.169992	8.130603
2.385001	15.241206	5.860639
2.429999	5.145232	8.531690
2.435001	15.986293	7.683664
2.465001	16.410869	8.010190
2.479999	5.102335	7.968263
2.480000	16.704074	8.260295
2.530000	5.073012	8.474094
2.575000	4.989060	7.146960
2.580000	17.996424	10.650078
2.580000	4.970352	7.559395
2.629999	4.844523	9.344436
2.630000	18.129345	10.762543
2.679999	5.018897	7.546931
2.680001	18.050008	10.705284
2.684999	4.959663	9.219899
2.729999	4.934944	9.135499
2.730000	17.814100	10.457809
2.779999	4.989577	9.052524
2.780001	17.696442	10.285604
2.825000	5.143363	10.401286
2.830001	17.863148	10.348052
2.875000	5.334396	8.888943
2.880000	18.148748	10.553679
2.905000	5.297627	9.067426
2.925000	5.123309	9.378350
2.930001	18.344406	10.704221
2.975000	5.173217	9.531112
2.980000	18.657852	10.936065
3.025000	5.350195	10.994933
3.030000	18.945932	11.114088
3.074999	5.418101	9.582248
3.080000	19.296809	11.353172
3.085000	5.403494	11.323288
3.124999	5.401647	9.883231
3.125000	19.429742	9.894349
3.135001	19.408617	11.350558
3.175000	5.506826	9.842926
3.175001	19.436089	9.721594
3.225000	5.718792	9.735742
3.275000	5.840664	7.901993
3.275001	19.613243	11.257389
3.280000	5.848833	7.943311
3.325000	5.896732	9.693553
3.365001	19.599427	11.157570
3.375000	5.990359	7.858624
3.375001	19.603266	11.125505
3.385000	6.001688	9.619961
3.419999	6.021006	9.614243
3.425001	19.616260	11.161558
3.470000	5.943621	7.899117
3.475001	19.632986	11.209180
3.515000	5.819404	9.767416
3.519999	5.835377	9.783882
3.525001	19.647493	11.207801
3.570000	5.940036	9.750566
3.575001	19.734104	11.190893
3.620000	6.090350	11.156790
3.625001	19.804466	9.695453
3.669999	6.250738	11.048382
3.675001	19.829722	9.570871
3.715001	19.756056	9.347289
3.719999	6.546758	9.359493
3.720001	19.744991	9.135872
3.729999	6.819914	9.148438
3.769999	7.114617	8.950105
3.770001	19.763014	10.436759
3.819999	7.096988	7.324789
3.820000	19.791698	11.790668
3.870000	6.893650	9.117048
3.920000	6.635546	9.307240
3.969999	6.645964	9.298164
3.970000	19.800002	11.880590
4.020000	19.791588	10.641436
4.020001	6.810924	10.620033
4.065000	6.944309	10.510927
4.070000	19.834524	9.136296
4.110000	19.843103	10.525830
4.114999	6.987048	10.490241
4.120001	19.837235	8.949094
4.165000	7.065634	9.040438
4.170000	19.824488	10.145618
4.190000	7.497199	8.730836
4.215000	8.075005	8.334980
4.220000	19.850419	9.977313
4.265000	7.562661	7.101407
4.270001	19.843837	9.820494
4.309999	7.399374	8.807907
4.315000	8.248364	8.195904
4.320000	19.827824	8.448919
4.365000	8.006270	8.339643
4.365001	19.791699	9.646905
4.415001	19.761150	9.593287
4.415003	7.786691	8.474455
4.449999	7.870740	8.414456
4.465000	8.392999	8.029098
4.465001	19.743593	10.703086
4.515000	8.158558	8.162708
4.515001	19.708137	9.485869
4.565000	7.896493	8.347551
4.565001	19.646224	9.472842
4.599999	7.920639	8.294354
4.615000	8.205519	8.056447
4.615001	19.592972	9.482822
4.659999	8.055832	8.134856
4.665001	19.549027	9.443829
4.710000	7.739041	8.361054
4.715001	19.532557	9.428604
4.725000	7.935725	8.201497
4.760000	8.214334	7.993983
4.765001	19.515466	9.376733
4.809999	8.095073	8.069111
4.815000	19.496490	9.406237
4.860000	7.883322	9.505802
4.865001	19.503893	9.468166
4.910000	7.718616	9.655634
4.915002	19.582876	9.477323
4.959999	7.937604	9.508790
4.960003	19.590465	9.365765
5.009999	8.373102	9.177182
5.010000	19.645908	9.178343
5.059999	8.466483	9.112578
5.060000	19.623047	8.928102
5.109999	8.861276	7.622147
5.110000	19.641384	9.744156
5.129999	9.067516	7.475433
5.160000	9.084141	6.099384
5.210000	9.377862	7.261875
5.245001	19.647098	9.535609
5.259999	9.301449	7.304463
5.260001	19.645457	8.465439
5.305000	9.179349	7.390346
5.310000	19.598639	8.449013
5.335000	9.252268	8.506969
5.355000	9.270576	7.360812
5.360000	19.650889	7.299816
5.390001	19.788318	8.513907
5.405000	9.465423	7.300880
5.410000	19.927198	7.439949
5.444999	9.459329	7.490344
5.455000	9.309021	7.871805
5.460000	20.427850	7.846552
5.505000	9.269205	8.171533
5.510001	20.943849	8.281843
5.520000	21.092042	8.394427
5.555000	9.151729	10.057835
5.560000	21.668209	8.806258
5.605000	9.274567	10.227607
5.605001	22.138024	10.599699
5.655000	9.260186	9.036146
5.655001	22.270133	10.865540
5.685000	8.949681	9.461657
5.704999	8.389278	9.930298
5.705001	22.563999	11.369819
5.755000	8.845975	9.580952
5.755001	22.417214	11.386412
5.765000	8.384005	11.424380
5.795001	22.186607	11.084529
5.804999	8.277373	11.431695
5.805001	22.325276	9.752373
5.854999	8.951153	10.823011
5.855000	22.165899	9.470157
5.895001	22.129637	9.376010
5.900000	9.109429	9.302379
5.905001	22.456433	9.775907
5.920000	8.560821	9.663036
5.949999	8.249309	9.798298
5.955000	22.074383	11.162254
5.999999	8.386619	9.512830
6.005001	21.747794	10.908355
6.049999	8.428177	10.933331
6.055001	21.692135	10.831702
6.099999	8.492562	10.829808
6.105001	21.756971	10.934696
6.150000	8.397428	9.449066
6.155001	21.827511	11.041311
6.159999	8.143830	11.437813
6.199999	8.192435	9.962708
6.200001	22.162046	9.869361
6.230000	22.834085	11.844239
6.249999	8.406004	12.038727
6.250000	23.886310	10.905429
6.299999	8.628238	10.491386
6.300000	23.652402	12.357736
6.309999	8.491938	10.780456
6.349999	8.545809	10.714350
6.350000	23.666563	12.143612
6.399999	8.930439	10.533940
6.400000	23.770126	12.095438
6.449999	9.218964	12.072334
6.450001	24.029784	10.571582
6.475000	9.141826	12.439338
6.480000	24.533288	12.561793
6.500000	25.137630	11.330308
6.500000	9.017072	11.194516
6.545000	9.236408	12.733326
6.550001	24.862488	11.067502
6.595000	9.386973	10.847112
6.600001	24.784301	10.898496
6.625001	24.526938	10.650873
6.645000	9.495474	12.462099
6.650000	24.617000	10.695357
6.695000	9.517069	12.666480
6.700001	25.098602	12.739025
6.744999	9.470798	13.116484
6.750000	25.843347	13.366845
6.795000	9.528117	11.528662
6.800001	26.516370	14.005729
6.835000	9.404578	11.947508
6.844999	9.065183	10.082671
6.845001	26.529448	15.780491
6.895000	9.264867	10.051492
6.935000	9.283465	10.040719
6.944999	9.197633	10.090271
6.945001	26.816644	15.999551
6.995000	9.351669	10.136676
7.045000	9.353876	12.471046
7.045001	26.999421	14.344977
7.095000	9.479365	12.531267
7.095001	27.152985	14.422521
7.139999	9.539396	14.474077
7.145001	27.447423	12.666414
7.190000	9.587656	14.555850
7.195001	27.461424	12.661240
7.230000	27.594563	12.748306
7.239999	9.541601	14.718803
7.245001	27.644153	10.444030
7.289999	9.569139	14.706936
7.295001	27.572799	12.731235
7.320001	27.513736	12.686722
7.339999	9.594084	14.638154
7.345001	27.486609	12.716383
7.389999	9.553395	12.694790
7.395001	27.515033	16.529530
7.415000	9.362402	12.826733
7.440000	9.216339	12.932252
7.490000	9.315848	12.861041
7.490001	27.503120	14.854010
7.515000	27.493796	14.850361
7.539999	9.348761	14.828134
7.540000	27.501828	12.834082
7.589999	9.342941	14.843484
7.590000	27.538959	14.852263
7.639999	9.363431	14.832765
7.640001	27.555021	14.869654
7.689999	9.339824	14.841518
7.690000	27.523260	14.844807
7.739999	9.327812	14.811834
7.740000	27.450151	14.798030
7.784999	9.337760	14.737982
7.790001	27.344964	14.727823
7.835000	9.300440	14.680409
7.840000	27.232358	14.651810
7.884999	9.263288	14.612456
7.890001	27.091255	14.584387
7.935000	9.250067	14.527827
7.940000	26.968395	14.553066
7.984999	9.104213	14.539387
7.990000	26.877185	14.576591
8.035000	8.963171	14.557012
8.040000	26.704790	12.554767
8.085000	8.785245	14.607828
8.085001	26.613186	14.582153
8.135000	26.505985	12.601988
8.135000	8.677016	12.604337
8.185000	8.592347	14.592806
8.185001	26.386221	14.487912
8.235000	8.624293	10.245186
8.235001	26.352435	14.459136
8.274999	8.675822	12.500482
8.285000	8.682480	12.472531
8.285001	26.323665	14.375476
8.335000	8.725026	12.419300
8.335001	26.287597	14.317258
8.380000	8.786456	14.280033
8.385001	26.254144	14.262158
8.429999	8.816854	14.235091
8.435001	26.237750	14.227305
8.479999	8.818428	14.213864
8.485001	26.225254	12.306145
8.530000	8.830029	14.189534
8.535001	26.189924	12.280435
8.560000	26.181353	12.285857
8.579999	8.819890	14.164369
8.585000	26.171766	12.295126
8.629999	8.769784	14.193326
8.635001	26.127326	14.164858
8.680000	8.761948	14.167717
8.680001	26.131362	14.201229
8.729999	8.764460	14.126457
8.730000	26.024348	14.150231
8.779999	8.658306	14.133962
8.780000	25.979203	14.160182
8.829999	8.591987	14.082150
8.830000	25.737448	14.043554
8.879999	8.534204	14.024454
8.880000	25.611525	14.043369
8.929999	8.369704	12.198893
8.930000	25.509684	15.798613
8.980000	8.156121	10.049841
9.025000	8.041967	7.132911
9.075000	7.921232	7.183140
9.125000	7.944578	0.230011
9.175000	8.111839	0.159303
9.225000	8.274479	0.208572
9.275000	8.299317	0.166199
9.325000	8.258387	0.063612
9.375000	8.266191	0.022466
9.425000	8.262518	0.025483
9.474999	8.230272	0.059510
9.525000	8.243883	0.077111
9.574999	8.296053	0.078974
9.619999	8.346959	0.109047
9.670000	8.389829	0.112629
9.719999	8.429702	0.093093
9.769999	8.536250	0.190387
9.820000	8.535262	0.245361
9.869999	8.373095	0.216582
9.919999	8.186623	0.245443
9.939999	8.109740	0.218891
9.969999	8.024963	0.179152
10.020000	7.961129	0.238052
10.069999	8.066500	0.246029
10.119999	8.204558	0.251901
10.169999	8.400041	0.255879
10.219999	8.533590	0.241950
10.265000	8.556234	0.166464
10.315000	8.492274	0.117757
10.365000	8.464674	0.144109
10.415000	8.628371	0.100696
10.465000	8.715010	0.169759
10.469999	8.610431	0.079903
10.515000	8.578495	0.061555
10.565000	8.561548	0.079738
10.579999	8.561509	0.073264
10.614999	8.582303	0.074248
10.665000	8.668743	0.074912
10.705000	8.694144	0.077323
10.715000	8.692842	0.072560
10.765000	8.624208	0.160286
10.815000	8.678830	0.289039
10.860000	8.810663	0.545214
10.909999	8.947959	0.849435
10.959999	9.317606	1.044525
11.009999	10.011363	1.007515
11.059999	10.640789	0.968187
11.110000	11.191751	0.956695
11.159999	11.128151	0.552099
11.209999	10.906450	0.227412
11.249999	10.748061	0.266498
11.259999	10.745432	0.276077
11.309999	10.665286	0.284204
11.360000	10.518162	0.269675
11.410000	10.269167	0.306544
11.445000	10.180888	0.294871
11.460000	10.151495	0.227367
11.505000	9.958623	0.238232
11.555000	9.841417	0.383624
11.605000	9.985152	0.330384
11.654999	10.336839	0.303147
11.705000	10.467335	0.333982
11.755000	10.484853	0.227185
11.805000	10.353525	0.081717
11.855000	10.346086	0.087042
11.905000	10.449388	0.126224
11.955000	10.372035	0.077139
12.005000	10.336074	0.075595
12.055000	10.213479	0.148021
12.099999	10.324393	0.335394
12.149999	10.266156	0.675147
12.199999	10.356873	0.756826
12.215000	11.134196	0.630011
12.250000	11.666929	0.921539
12.300000	11.399174	0.525655
12.349999	11.016038	0.538453
12.399999	10.868283	0.691547
12.434999	11.429938	0.375696
12.449999	11.996872	0.707981
12.499999	11.450296	0.482213
12.539999	11.623174	0.625411
12.550000	11.887954	0.808772
12.599999	12.182313	0.914989
12.649999	12.948774	0.925044
12.699999	13.449737	0.924652
12.745000	13.558638	0.773648
12.794999	13.969226	0.567731
12.845000	14.192476	0.439204
12.895000	14.420490	0.408689
12.945000	14.417170	0.216478
12.995000	14.419789	0.123966
13.045000	14.481546	0.247117
13.094999	14.578024	0.617070
13.145000	14.527838	0.656226
13.169999	13.895658	0.528768
13.195000	13.252773	0.899546
13.245000	13.791621	0.523316
13.295000	14.107581	0.713824
13.315000	13.449386	0.382850
13.340000	13.028073	0.655435
13.389999	13.343861	0.412079
13.440000	13.768448	0.553130
13.445000	13.090071	0.474372
13.489999	13.060943	0.617704
13.539999	13.556971	0.364047
13.590000	13.866522	0.501578
13.639999	13.962546	0.462937
13.659999	13.718539	0.178623
13.689999	13.504993	0.366877
13.740000	13.788281	0.170324
13.789999	13.901373	0.191629
13.839999	13.934601	0.195445
13.889999	13.944418	0.086242
13.939999	14.019856	0.088042
13.985000	14.056054	0.122849
14.035000	13.956430	0.073870
14.085000	13.900786	0.085576
14.135000	13.888738	0.090394
14.185000	13.851692	0.107548
14.235000	13.899221	0.088663
14.284999	14.010484	0.094109
14.334999	14.016535	0.084896
14.384999	14.035798	0.061042
14.435000	14.003765	0.062777
14.484999	14.058212	0.153301
14.535000	14.001690	0.253283
14.579999	13.864328	0.339506
14.629999	13.749963	0.357987
14.659999	13.455505	0.330556
14.679999	13.204427	0.372273
14.730000	13.288282	0.206524
14.779999	13.343975	0.119048
14.830000	13.298755	0.078128
14.880000	13.220782	0.084740
14.929999	13.162872	0.140941
14.979999	13.266700	0.061580
15.029999	13.329458	0.086021
15.064999	13.324239	0.071440
15.079999	13.306537	0.041959
15.130000	13.310901	0.042261
15.179999	13.351695	0.031027
15.225000	13.384507	0.050933
15.275000	13.366515	0.033589
15.324999	13.356445	0.047869
15.375000	13.341143	0.065981
15.425000	13.317648	0.073133
15.475000	13.251098	0.070280
15.525000	13.219889	0.065982
15.575000	13.200775	0.052704
15.600000	13.201152	0.024229
15.625000	13.206788	0.023527
15.675000	13.192236	0.019455
15.725000	13.177378	0.022889
15.775000	13.162011	0.026009
15.819999	13.164443	0.020794
15.870000	13.144377	0.024697
15.889999	13.137779	0.031350
15.920000	13.141311	0.042665
15.969999	13.101903	0.032593
16.020000	13.080720	0.035957
16.069999	13.069614	0.034986
16.095000	13.086458	0.023120
16.119999	13.095738	0.155874
16.169999	13.061144	0.278210
16.219999	13.130335	0.326206
16.269999	13.473086	0.288328
16.319999	13.597812	0.349735
16.369999	13.673050	0.344066
16.380000	13.356083	0.197737
16.420000	13.213509	0.329927
16.464999	13.431271	0.154333
16.515000	13.545891	0.165499
16.565000	13.554124	0.155377
16.615000	13.487399	0.218143
16.664999	13.511147	0.342981
16.715000	13.468255	0.345527
16.735000	12.964365	0.411729
16.765000	12.877598	0.467849
16.815000	13.145811	0.239053
16.865000	13.351964	0.266363
16.915000	13.386068	0.232910
16.965000	13.329723	0.089399
17.014999	13.431224	0.103735
17.060000	13.332766	0.059551
17.065000	13.317534	0.124560
17.109999	13.278509	0.201674
17.159999	13.407314	0.151181
17.209999	13.582491	0.180603
17.259999	13.606001	0.156842
17.309999	13.599048	0.079832
17.359999	13.622286	0.097377
17.409999	13.607875	0.205267
17.459999	13.622205	0.292965
17.510000	13.855304	0.362143
17.539999	14.045015	0.529208
17.559999	14.152419	0.745919
17.609999	14.557276	0.836488
17.660000	15.045299	0.935843
17.705000	15.565320	0.947064
17.755000	15.980256	0.825605
17.805000	16.485532	0.730859
17.855000	16.604433	0.503457
17.905000	16.591527	0.272342
17.955000	16.541986	0.093604
18.005000	16.422061	0.112892
18.054999	16.421839	0.092432
18.065000	16.422773	0.077048
18.105000	16.432374	0.058703
18.154999	16.510842	0.066584
18.205000	16.539207	0.088547
18.254999	16.485256	0.041028
18.299999	16.453339	0.046650
18.350000	16.434397	0.055150
18.399999	16.473748	0.019374
18.449999	16.477496	0.022897
18.500000	16.464603	0.023483
18.514999	16.466197	0.029095
18.550000	16.457578	0.033345
18.599999	16.418838	0.032787
18.605000	16.415454	0.031684
18.649999	16.403951	0.033170
18.699999	16.399382	0.043606
18.749999	16.379791	0.062878
18.800000	16.351347	0.088993
18.849999	16.309603	0.095799
18.900000	16.254304	0.102671
18.945000	16.176776	0.114066
18.950000	16.169479	0.127474
18.995000	16.106588	0.117074
19.045000	16.039086	0.096367
19.094999	15.946641	0.156261
19.135001	15.960314	0.219817
19.145000	16.017842	0.324296
19.194999	16.186353	0.376823
19.245000	16.416082	0.365774
19.295000	16.677527	0.365842
19.345000	16.835193	0.327893
19.395000	16.789766	0.264909
19.445000	16.821729	0.339111
19.495000	16.981243	0.445719
19.540000	17.268385	0.460089
19.569999	17.487337	0.453151
19.589999	17.858723	0.458976
19.640000	17.870571	0.295975
19.689999	17.934749	0.195917
19.739999	17.899194	0.117652
19.789999	17.975613	0.271131
19.839999	18.066241	0.403815
19.889999	18.112704	0.515115
19.909999	18.604516	0.444562
19.940000	18.861913	0.498936
19.954999	18.962602	0.641064
19.989999	18.857884	0.613772
20.039999	18.389891	0.468943
20.090000	17.837379	0.718017
20.119999	17.896287	0.600158
20.139999	18.416592	0.346520
20.185000	18.213558	0.324465
20.189999	18.682403	0.596509
20.235000	18.375855	0.308715
20.285000	17.894004	0.472243
20.335000	17.967595	0.455433
20.385000	18.150022	0.296436
20.435000	18.451904	0.335529
20.445000	18.509482	0.271406
20.485000	18.546347	0.189079
20.535000	18.614085	0.180051
20.575000	18.450348	0.129942
20.585000	18.363731	0.174914
20.635000	18.362704	0.200088
20.665000	18.234470	0.192017
20.685000	18.112073	0.230368
20.735000	18.062576	0.216583
20.759999	17.923120	0.177155
20.779999	17.739066	0.235134
20.829999	17.874776	0.108325
20.860000	17.922647	0.110238
20.879999	17.783084	0.086000
20.929999	17.814086	0.064904
20.980000	17.847436	0.046147
21.030000	17.880301	0.056948
21.079999	17.871953	0.035610
21.130001	17.833790	0.042863
21.179999	17.832236	0.076250
21.229999	17.848396	0.094301
21.279999	17.917466	0.080586
21.329999	17.985433	0.131668
21.379999	18.018034	0.179638
21.425000	17.989540	0.158099
21.429999	17.748638	0.185080
21.475000	17.734697	0.194737
21.525000	17.844732	0.104382
21.529999	17.845691	0.086264
21.575000	17.974884	0.141772
21.625000	17.922973	0.065406
21.675000	17.861370	0.055137
21.680000	17.857852	0.059436
21.725000	17.869653	0.038175
21.775000	17.826252	0.056095
21.825000	17.811937	0.130822
21.875000	17.891529	0.163213
21.924999	17.927734	0.258767
21.975000	18.089964	0.400846
22.020000	18.220267	0.599658
22.070000	18.442371	0.745148
22.119999	18.914526	0.790471
22.169999	19.410051	0.798290
22.220000	19.759098	0.698557
22.269999	20.100019	0.582182
22.295000	20.202629	0.398211
22.319999	19.973673	0.156024
22.370000	20.002800	0.107864
22.419999	20.048838	0.168372
22.469999	20.132217	0.258318
22.505000	19.976178	0.160618
22.519999	19.693250	0.322066
22.569999	19.765484	0.263665
22.619999	19.979623	0.163988
22.665000	20.061963	0.197736
22.715000	20.080536	0.149096
22.765000	20.108126	0.131438
22.815000	20.023346	0.146556
22.864999	19.940678	0.205342
22.915000	19.886715	0.205073
22.945000	19.720988	0.201413
22.964999	19.556774	0.231098
23.015000	19.673644	0.201846
23.065000	19.504088	0.139165
23.094999	19.412577	0.135109
23.114999	19.379967	0.166924
23.165000	19.386402	0.146867
23.215000	19.514830	0.123489
23.260000	19.594992	0.169792
23.285000	19.620581	0.184772
23.309999	19.684388	0.172382
23.360000	19.856063	0.166330
23.409999	19.901014	0.147119
23.460000	19.931535	0.117595
23.509999	19.928145	0.085765
23.560000	19.876415	0.099937
23.579999	19.821024	0.154385
23.610000	19.773097	0.176281
23.659999	19.676758	0.194701
23.710000	19.515830	0.280830
23.715000	19.501123	0.391389
23.760000	19.359347	0.378809
23.809999	19.002740	0.346914
23.860000	18.762482	0.407402
23.904999	18.877451	0.210353
23.955000	18.903448	0.101373
24.005000	18.819094	0.287890
24.055000	18.861003	0.400186
24.105000	19.052897	0.393124
24.155000	19.472652	0.419674
24.205000	19.600007	0.383484
24.255000	19.634218	0.253212
24.285000	19.664975	0.104842
24.305000	19.723666	0.082926
24.355000	19.736900	0.082024
24.405000	19.788177	0.147110
24.455000	19.622738	0.110421
24.499999	19.643019	0.134301
24.549999	19.544381	0.189490
24.599999	19.496186	0.188318
24.645000	19.427067	0.229519
24.649999	19.896584	0.466642
24.700000	19.584433	0.234863
24.749999	19.351647	0.396233
24.800000	19.258370	0.645675
24.849999	19.383266	0.601464
24.855000	20.110242	0.568067
24.900000	20.370916	0.685037
24.949999	20.163995	0.376469
25.000000	19.921263	0.246353
25.050000	19.832879	0.343096
25.099999	20.000988	0.370825
25.144999	20.151808	0.634311
25.195000	20.244434	0.704623
25.220000	20.826740	0.584832
25.245000	21.483113	0.860217
25.295000	21.176276	0.448450
25.345003	20.977375	0.335325
25.395000	20.889482	0.561656
25.445000	21.162963	0.612288
25.455000	21.538147	0.710747
25.495000	21.866625	1.161008
25.545000	22.389368	1.598293
25.594999	22.688148	2.194663
25.645000	24.229172	2.465563
25.695000	25.447340	2.817715
25.739999	26.789940	3.181630
25.789999	28.363332	3.261668
25.839999	29.792825	3.391134
25.889999	31.694929	3.417489
25.940000	33.119173	3.329973
25.989999	34.729638	3.213455
26.039999	36.173880	3.046637
26.089999	37.466172	2.834925
26.099999	38.755568	2.555733
26.139999	40.158698	2.415418
26.189999	40.820800	2.203931
26.240000	41.657450	2.075581
26.290000	42.846371	1.960307
26.339999	43.716292	1.819773
26.385000	44.628764	1.582957
26.435000	45.372847	1.280536
26.485000	45.423103	0.788423
26.535000	45.634568	0.454248
26.555000	45.667286	0.224886
26.585000	45.703479	0.199696
26.634999	45.962240	0.212630
26.669999	45.927566	0.142252
26.685000	45.896945	0.088144
26.734999	45.895323	0.042103
26.785000	45.944134	0.061277
26.789999	45.938853	0.073697
26.835000	45.866365	0.078286
26.885000	45.836574	0.102940
26.935000	45.823991	0.109732
26.979999	45.718215	0.100628
27.024999	45.673802	0.104054
27.029999	45.671168	0.096956
27.080000	45.621134	0.065145
27.130000	45.568171	0.068086
27.179999	45.538069	0.084053
27.230000	45.588632	0.040127
27.279999	45.611968	0.045246
27.329999	45.632146	0.047409
27.354999	45.645125	0.069559
27.380000	45.665381	0.126760
27.429999	45.599568	0.136369
27.455000	45.496512	0.128916
27.480000	45.422086	0.172357
27.529999	45.350590	0.218561
27.579999	45.604498	0.153385
27.585000	45.630950	0.225128
27.625000	45.585426	0.287833
27.674999	45.429303	0.290905
27.725000	45.258880	0.329916
27.759999	45.030001	0.371751
27.774999	44.956502	0.345624
27.825000	44.773971	0.335263
27.870000	44.542237	0.387368
27.875000	44.518980	0.496927
27.925000	44.303143	0.505942
27.975000	43.926295	0.457292
28.025000	43.609712	0.486270
28.075000	43.536612	0.361806
28.125000	43.565818	0.162245
28.175000	43.670062	0.258215
28.179999	43.684914	0.459705
28.219999	43.578727	0.561884
28.269999	43.070753	0.494135
28.319999	42.766707	0.521658
28.369999	42.600422	0.472991
28.419999	42.674570	0.214732
28.469999	42.807913	0.118090
28.519999	42.896783	0.183441
28.570000	42.870919	0.210407
28.619999	42.904213	0.225073
28.670000	43.133579	0.193139
28.719999	43.261221	0.224813
28.769999	43.241031	0.150135
28.809999	43.268881	0.105120
28.819999	43.179396	0.167090
28.865000	43.313621	0.097294
28.915000	43.461628	0.162990
28.965000	43.405981	0.123411
29.015000	43.346381	0.134972
29.065000	43.396028	0.106557
29.115000	43.563343	0.140612
29.165000	43.550978	0.116003
29.215000	43.492231	0.061829
29.265000	43.446762	0.075480
29.315000	43.530859	0.068076
29.320000	43.452054	0.125988
29.364999	43.423021	0.235072
29.415000	43.562443	0.163036
29.459999	43.724740	0.202140
29.500000	43.879138	0.284164
29.509999	43.577515	0.391898
29.559999	43.813719	0.369279
29.609999	44.118014	0.373892
29.659999	44.256260	0.430948
29.710000	44.493257	0.385324
29.759999	44.604896	0.317033
29.810000	44.767077	0.284752
29.859999	44.873596	0.212380
29.909999	44.970261	0.206046
29.959999	45.034768	0.204091
30.009999	44.957907	0.133888
30.014999	44.712778	0.209949
30.059999	44.838453	0.189090
30.105000	44.816381	0.182053
30.155000	44.623995	0.161085
30.205000	44.523098	0.272789
30.255000	44.605238	0.259231
30.304999	44.856957	0.345226
30.355000	44.887284	0.530266
30.404999	45.061980	0.651343
30.455000	45.522567	0.644348
30.505000	45.907032	0.682500
30.555000	46.218728	0.641355
30.605000	46.416932	0.489085
30.655000	46.639068	0.372446
30.699999	46.795086	0.289026
30.750000	46.796021	0.184090
30.799999	46.785402	0.213547
30.815000	46.755211	0.307308
30.849999	46.613773	0.250526
30.899999	46.314632	0.826747
30.949999	46.165000	1.398649
30.975000	46.558800	1.653717
31.000000	48.189154	1.717886
31.050000	48.794241	1.989140
31.099999	49.480393	2.134940
31.149999	50.513864	2.102717
31.199999	51.629011	2.102057
31.225000	52.795415	1.966408
31.249999	53.777304	1.756294
31.299999	54.205861	1.269479
31.345000	54.436073	0.792970
31.349999	55.065895	1.011623
31.395000	54.458096	0.529537
31.444999	53.992326	0.538746
31.495000	53.716258	0.651276
31.544999	53.764077	0.348874
31.595000	53.776067	0.214541
31.645003	54.017983	0.237324
31.695000	54.124101	0.295525
50.000000	447
0.050000	0.099369	0.780248
0.050003	0.304286	0.778760
0.100000	0.674901	0.825618
0.100000	1.304829	0.781303
0.144999	1.420276	0.909423
0.150000	2.084595	0.829045
0.190000	1.740967	0.669692
0.195000	3.033904	1.079399
0.195000	2.345433	0.462856
0.244999	2.233633	0.434742
0.244999	2.197535	0.403774
0.280000	1.759230	0.445211
0.294999	2.124129	0.760550
0.295000	1.956676	0.693673
0.344999	1.252933	0.600008
0.394999	0.532568	1.078426
0.395000	1.468090	0.588418
0.444999	1.543218	0.612669
0.445002	0.568970	0.812348
0.494999	1.146927	0.524382
0.494999	1.729361	0.578809
0.534999	1.290088	0.620707
0.544999	1.981135	0.490687
0.545000	1.912071	0.746096
0.594999	2.134947	0.742578
0.644999	2.404659	0.826074
0.645000	3.531522	1.035537
0.694999	2.840816	0.986565
0.695000	3.867388	0.835113
0.744999	3.495816	0.861590
0.744999	4.627274	1.071049
0.790000	4.270828	0.863567
0.794999	4.911732	0.808051
0.810000	5.902361	1.055906
0.840000	4.985929	0.916657
0.879999	5.570770	0.613806
0.890000	6.588454	1.060325
0.940000	5.866105	0.623836
0.989999	6.072090	0.740101
0.990000	5.216293	0.996212
1.014999	5.168523	1.289282
1.040000	4.987057	1.382861
1.040000	6.908137	1.755579
1.089999	7.536849	2.217925
1.090000	4.848970	2.227313
1.139999	4.839862	2.235005
1.140000	9.121469	4.065277
1.170000	4.683833	3.025012
1.190000	4.588063	3.086896
1.239999	4.669835	4.159776
1.240000	10.612625	5.195993
1.290000	5.085232	4.845820
1.290000	11.634688	5.157499
1.340000	5.751483	5.493172
1.364999	13.244934	6.164084
1.384999	6.162518	6.021460
1.390000	13.878118	5.676780
1.434999	6.027693	6.994021
1.435000	14.978698	7.319084
1.484999	16.009065	8.203974
1.485000	5.910343	6.731301
1.490000	6.087105	7.557962
1.534999	6.100923	6.619525
1.544999	15.267793	8.358844
1.584999	15.082359	7.283614
1.585000	6.157383	6.386276
1.634999	6.306248	7.247647
1.634999	15.207744	7.158996
1.684999	6.500847	6.132885
1.685000	15.168767	6.912671
1.734999	6.809270	5.927230
1.735000	15.131017	7.261872
1.770000	7.222136	5.625832
1.784999	7.736501	4.309859
1.835000	7.684758	5.294106
1.835000	15.194059	6.241108
1.884999	7.568386	6.234549
1.884999	15.174668	5.311643
1.930000	15.225316	4.372471
1.934999	15.219582	5.243603
1.935000	7.736786	6.116905
1.984999	15.252838	5.067256
1.985000	8.117749	5.862775
2.030000	8.422742	4.888267
2.034999	15.352275	4.885791
2.044999	15.350365	5.453773
2.080000	8.805863	4.632972
2.129999	15.292687	4.833704
2.130000	9.406855	4.187285
2.140000	9.522591	4.092295
2.179999	9.800384	3.888826
2.180000	15.297728	5.080911
2.194999	15.287208	4.941528
2.230000	9.920189	3.104510
2.280000	10.034599	3.036485
2.320000	10.112150	3.015200
2.330000	10.122094	2.149488
2.380000	10.099992	3.049244
2.380000	15.377531	4.931381
2.430000	9.891506	3.839447
2.430000	15.380763	4.553489
2.480000	9.666282	3.996907
2.525000	15.189838	5.055679
2.530000	9.575992	3.296977
2.580000	9.569496	3.203880
2.590000	9.565124	3.206415
2.625000	9.538736	3.183858
2.630000	15.045852	5.044334
2.674999	9.465228	3.968196
2.675000	15.060053	4.559286
2.679999	9.462743	3.969690
2.724999	15.123731	4.636707
2.725000	9.438541	3.977510
2.774999	9.415000	3.262361
2.774999	15.006262	5.116384
2.824999	9.430885	2.277238
2.874999	9.359476	3.397430
2.880000	9.365541	4.380970
2.924999	9.288153	3.772160
2.925000	15.471406	5.065857
2.974999	16.151393	5.657278
2.975000	9.204289	4.879971
3.024999	16.641202	6.206262
3.025000	9.086523	5.373111
3.029999	9.073375	4.543054
3.074999	8.905251	5.696530
3.075000	17.222213	7.625440
3.124999	8.734358	4.841675
3.135000	17.004363	6.795883
3.170000	8.560339	5.982336
3.174999	8.534742	5.881126
3.175000	16.825373	6.889918
3.224999	8.318062	5.965591
3.225000	16.718223	6.904480
3.270000	8.144210	7.035920
3.274999	16.711911	6.989288
3.319999	8.059481	6.137647
3.320000	16.787461	7.105775
3.370000	8.088198	6.307855
3.419999	8.077104	5.240347
3.420000	17.505498	7.734375
3.470000	8.041882	5.867732
3.520000	8.048507	7.518821
3.520000	18.859345	8.842696
3.570000	8.068948	6.440104
3.570000	19.576119	10.537935
3.595000	8.066355	8.077125
3.620000	8.040160	6.784551
3.670000	7.960577	6.830591
3.719999	20.002206	10.946817
3.720000	7.976234	8.532709
3.770000	8.009853	8.508932
3.770000	20.021920	9.822308
3.819999	20.105318	9.890673
3.820000	7.971327	8.603477
3.865000	8.011344	9.963072
3.870000	20.286074	9.982525
3.914999	8.082205	8.785759
3.914999	20.436445	10.077856
3.964999	8.178510	8.718146
3.965000	20.792400	11.572677
3.994999	8.109140	9.065441
4.014999	7.929600	9.509785
4.064999	8.284069	9.259605
4.070000	21.532931	12.115149
4.114999	21.782182	11.009224
4.115000	8.593419	9.353869
4.164999	8.403316	11.138337
4.165000	22.136225	11.190605
4.214999	8.358113	8.119467
4.214999	22.698894	11.689793
4.264999	8.384895	10.123236
4.314999	8.402805	10.452758
4.315000	23.247218	10.506907
4.364999	8.396599	10.678837
4.365000	23.595691	10.749392
4.369999	23.650185	10.799240
4.414999	8.392384	12.680019
4.414999	24.037893	11.147205
4.464999	8.354648	12.935353
4.465000	24.391534	13.244581
4.510000	8.089724	11.517157
4.514999	24.687719	15.316589
4.560000	7.856806	11.889496
4.610000	7.691737	9.883183
4.660000	7.567729	12.239702
4.660000	24.924868	14.090895
4.680000	7.555530	12.355198
4.685000	25.014748	12.333688
4.710000	25.144345	12.367452
4.710002	7.603011	12.474490
4.759999	25.565184	12.579051
4.760000	7.811821	12.700288
4.810000	7.956352	10.463600
4.859999	26.576344	15.246047
4.860000	7.929252	10.943128
4.909999	7.955561	13.591098
4.910000	27.184716	15.699460
4.960000	8.030147	13.911611
4.960000	27.749688	16.191935
5.009999	7.930676	13.982613
5.010000	28.165043	16.600853
5.060000	7.771703	14.323686
5.104999	7.607188	11.870579
5.110000	28.164140	18.917139
5.154999	7.462119	8.457703
5.204999	7.294935	11.859460
5.254999	7.078322	11.984010
5.304999	6.887072	11.966246
5.304999	27.494399	16.706615
5.354999	6.877838	14.696633
5.354999	27.718554	17.027260
5.404999	27.771088	17.063567
5.405000	6.876848	14.804315
5.455000	6.817601	14.846423
5.504999	6.920025	14.853994
5.554999	27.949463	19.210336
5.555000	6.989562	14.873754
5.600000	28.058271	17.259268
5.604999	6.924603	14.919559
5.605000	28.063830	17.277980
5.654999	6.846616	14.985945
5.704999	6.850502	14.972698
5.710000	27.997475	14.944982
5.750000	6.889445	14.950634
5.754999	28.013759	17.229817
5.799999	28.087056	14.958908
5.800000	6.922171	17.291806
5.850000	6.984766	17.240710
5.850000	28.136601	14.957232
5.899999	28.163046	17.294295
5.900000	7.045063	14.935925
5.929999	28.202909	17.354902
5.944999	6.976022	12.244812
5.949999	6.966981	12.355322
6.000000	6.803143	15.294741
6.049999	6.648727	12.644290
6.050000	28.526781	17.791991
6.070000	28.566128	17.925292
6.100000	6.528300	15.580211
6.100000	28.592492	18.090615
6.124999	6.470236	15.556887
6.150000	6.416801	12.705656
6.200000	6.329674	12.755903
6.234999	28.252150	20.010269
6.250000	6.228204	12.654478
6.300000	6.217266	15.531759
6.300000	28.038766	17.871764
6.344999	6.109557	15.657218
6.350000	28.255297	18.101712
6.394999	6.049251	18.081569
6.395000	28.459895	18.356737
6.445000	5.967943	18.249368
6.445000	28.021151	18.070773
6.494999	5.790048	15.945126
6.494999	28.534295	18.563490
6.510000	5.760627	16.288100
6.544999	5.717929	13.542065
6.594999	29.794520	22.104928
6.595000	5.653017	14.348005
6.644999	5.505263	14.433822
6.694999	5.297817	18.105185
6.694999	31.191526	21.068036
6.744999	5.119162	18.748517
6.744999	31.679870	18.812703
6.784999	32.017683	19.213811
6.794999	4.818146	22.033134
6.795000	32.023551	19.375862
6.844999	4.615472	22.104278
6.874999	31.485004	21.966463
6.894999	4.440962	22.087315
6.944999	31.213730	21.753150
6.945000	4.460642	18.988827
6.950000	31.238456	21.700961
6.959999	4.772340	21.646181
6.989999	4.971062	18.622873
6.994999	31.274995	21.549319
7.039999	31.403397	21.654201
7.040000	4.806145	21.752863
7.089999	4.981773	21.609390
7.090000	31.515562	21.750205
7.125000	31.595272	21.815360
7.140000	4.894672	21.859316
7.189999	4.826558	21.914927
7.190000	31.772669	19.057049
7.194999	31.782318	22.065931
7.240000	4.745492	22.125743
7.240000	31.858423	19.273899
7.290000	4.563252	19.307064
7.290000	31.960963	22.346246
7.340000	4.495347	19.452618
7.390000	4.567786	15.883432
7.400000	32.195814	25.251243
7.440000	4.544593	16.043673
7.454999	4.542855	19.692345
7.490000	4.522787	19.706631
7.490000	32.469550	22.840897
7.500000	32.509678	22.914260
7.540000	4.371808	23.029586
7.540000	32.641331	19.967644
7.584999	4.345659	23.098159
7.589999	32.687151	23.124418
7.634999	4.492070	23.016461
7.634999	32.701091	23.163117
7.684999	4.253566	20.110972
7.685000	32.694453	25.996488
7.734999	4.238154	20.112347
7.784999	4.064776	20.231368
7.834999	4.037404	20.250854
7.834999	32.647109	25.952299
7.864999	32.686010	25.637355
7.885000	3.798412	20.529140
7.935000	4.964110	19.714526
7.984999	6.214751	18.926947
8.030000	33.033292	24.540109
8.034999	7.478299	18.157994
8.035000	33.055295	18.139160
8.084999	8.570012	20.064768
8.084999	33.206232	19.537574
8.134999	33.213105	18.524933
8.135000	10.043452	13.490971
8.140000	11.185931	15.596270
8.185000	12.483837	14.684358
8.230000	13.086284	11.695779
8.234999	33.157974	18.330867
8.279999	33.187865	17.431328
8.280000	13.839993	11.307858
8.310000	14.995495	12.897647
8.330000	16.303746	9.839751
8.380000	17.261702	9.299353
8.380000	33.135932	14.594887
8.430000	18.260506	8.658516
8.430000	33.013450	12.502303
8.480000	19.265746	8.157957
8.514999	20.508774	7.280641
8.530000	21.757460	6.550088
8.580000	22.293597	4.561557
8.629999	32.769886	9.660037
8.630000	22.938890	6.954273
8.679999	23.720792	6.406897
8.680000	32.721986	8.030201
8.694999	32.705693	8.017047
8.730000	23.645418	6.584399
8.779999	21.417668	9.218449
8.780000	32.600655	7.680853
8.824999	20.406848	9.983677
8.830000	32.536475	8.380236
8.854999	32.484731	7.015010
8.874999	32.441823	8.225814
8.875000	20.264613	11.083341
8.924999	32.290543	7.467005
8.925000	21.819894	7.497265
8.944999	32.172026	8.183699
8.970000	23.334829	6.298010
8.974999	23.526790	6.099548
8.974999	31.986876	6.396151
9.024999	24.915629	4.185220
9.025000	32.014105	5.987325
9.034999	24.987165	5.019362
9.074999	25.437757	4.749181
9.084999	32.210469	5.546418
9.124999	25.624240	4.596355
9.125000	32.197928	5.387456
9.174999	25.644372	5.206509
9.175000	31.927100	5.056871
9.184999	25.700834	5.026608
9.200000	31.735957	4.773460
9.224999	25.980952	4.075638
9.225000	31.541873	4.906387
9.275000	26.259542	3.113927
9.324999	26.309932	2.891204
9.329999	26.634705	2.774833
9.375000	26.006129	2.168876
9.424999	31.050460	5.542785
9.425000	25.228413	3.442271
9.450000	24.732398	3.689640
9.470000	24.485103	4.673434
9.474999	31.043747	5.109935
9.520000	24.723243	4.565495
9.520000	31.137610	4.683192
9.569999	31.253619	3.900431
9.570000	25.848859	4.609751
9.620000	26.871392	4.257089
9.665000	31.655471	3.077242
9.669999	31.704383	3.101945
9.720000	31.774608	2.005241
9.770000	31.840696	0.118082
9.820000	31.952370	0.135232
9.870000	31.945814	0.089969
9.904999	31.894385	0.342390
9.920000	31.979802	1.036772
9.970000	32.011862	1.897161
10.020000	32.714992	2.503608
10.070000	34.408514	2.819832
10.114999	35.928213	3.250828
10.164999	37.480201	3.461559
10.214999	39.040292	3.511295
10.264999	40.759520	3.533455
10.314999	42.395015	3.470645
10.364999	44.158199	3.282180
10.414999	45.621079	3.034928
10.465000	46.941611	2.781699
10.514999	47.885938	2.514889
10.565000	49.115230	2.224852
10.585000	50.204735	1.875141
10.614999	51.224000	1.670700
10.664999	51.486092	1.133140
10.714999	51.302152	0.478560
10.760000	51.013871	0.326038
10.809999	51.146015	0.518708
10.860000	51.152589	0.766486
10.909999	51.514720	0.785307
10.915000	52.295307	0.853208
10.960000	52.583116	0.836927
11.010000	52.711182	0.665655
11.060000	53.231257	0.518270
11.110000	53.287019	0.379841
11.154999	53.371209	0.294638
11.160000	53.380793	0.236383
11.210000	53.427078	0.370514
11.260000	53.135953	0.348878
11.310000	52.888932	0.410850
11.354999	52.775580	0.453334
11.405000	52.553406	0.454366
11.455001	52.345964	0.469140
11.504999	52.118335	0.477361
11.554999	51.842722	0.442250
11.604999	51.643773	0.406981
11.654999	51.491440	0.334131
11.670000	51.422909	0.242094
11.704999	51.238864	0.422142
11.755000	51.242913	0.533757
11.805000	51.658848	0.392126
11.854999	52.033347	0.487488
11.904999	52.147021	0.450658
11.955000	52.031620	0.195270
12.000000	51.904111	0.241491
12.030000	51.868472	0.302406
12.050000	51.848246	0.534905
12.100000	51.400573	0.768402
12.114999	51.395312	1.194732
12.150000	50.719520	1.174943
12.200000	49.849479	1.061682
12.250000	49.095539	1.314969
12.299999	49.078144	1.022978
12.350000	49.632303	0.540331
12.399999	50.357187	1.118505
