20.000000	47
0.050000	0.021863	0.209594
0.050001	0.023512	0.744441
0.060001	0.317588	0.582481
0.100000	0.232416	0.896544
0.100000	1.468035	1.052684
0.149999	0.755425	1.044340
0.150001	1.943329	1.014246
0.170002	2.457081	0.930473
0.200000	1.879735	1.100614
0.200000	3.100888	0.774804
0.204999	3.013028	0.601678
0.250000	3.580058	0.834194
0.250001	2.755990	0.702315
0.255000	3.441232	0.368714
0.295000	3.766303	0.533039
0.300000	3.533854	0.401046
0.345001	3.270176	0.258732
0.349999	3.272825	0.254672
0.395000	3.134257	0.207282
0.400000	3.074617	0.460152
0.445000	3.135003	0.452352
0.449999	3.372759	0.712408
0.474999	4.121906	0.792600
0.495000	3.552839	0.889961
0.500000	4.872494	0.880194
0.545000	4.621958	0.657035
0.549999	4.709053	0.756132
0.594999	4.942477	0.861925
0.595000	5.633896	1.218112
0.644999	5.781183	1.194058
0.645000	6.707097	1.189135
0.675000	7.951636	1.558947
0.690000	6.835636	1.493352
0.694999	8.047206	1.247857
0.695000	9.253802	1.292302
0.744999	8.756917	1.244788
0.745000	10.074617	1.210236
0.795000	8.936639	1.090975
0.825001	10.513746	1.212076
0.844999	9.191587	1.202262
0.845000	10.714617	1.199156
0.894999	9.391353	1.027111
0.895000	11.120376	1.391405
0.944999	9.623285	0.846203
0.994999	9.876881	0.649210
1.044999	10.143596	0.575444
1.095000	10.312664	0.480879
30.000000	66
0.050000	0.018485	0.304224
0.050000	0.041074	0.510701
0.100000	0.304406	0.530187
0.100000	0.460520	0.720458
0.145001	0.934088	0.674731
0.150000	1.217381	0.849133
0.194999	1.846722	0.827715
0.195001	1.566681	0.802014
0.200000	2.741016	0.903313
0.245001	2.133012	0.593207
0.250000	2.815262	0.699560
0.295001	2.598300	0.578048
0.300000	2.943596	0.768013
0.319999	3.733317	0.764894
0.345001	3.158129	0.837222
0.349999	4.384650	0.857574
0.395001	3.756838	0.558934
0.400000	4.443648	0.675451
0.440000	4.483404	0.558227
0.445001	4.105676	0.731920
0.449999	5.146395	0.640251
0.494999	5.348411	0.702697
0.495001	4.561923	0.878590
0.544999	5.392568	0.838031
0.545000	5.441942	0.855740
0.579999	5.975709	1.034145
0.594999	7.158571	1.213687
0.595001	6.055461	1.264548
0.644999	7.520851	1.207780
0.645000	6.999271	1.251130
0.654999	8.281830	1.273536
0.695000	9.319513	1.396509
0.695001	8.083373	1.741588
0.740001	9.479504	1.227748
0.745000	9.992042	1.604296
0.790000	11.224050	1.755358
0.794999	11.005560	2.015503
0.840000	12.914289	1.865352
0.844999	12.300106	2.330771
0.890000	14.961645	2.279993
0.894999	14.040632	2.451132
0.940000	16.689956	2.402957
0.944999	15.616487	2.487504
0.990001	18.666612	2.870408
0.994999	17.245786	2.509042
1.005000	20.210365	2.812845
1.040000	21.895141	2.868661
1.044999	18.789873	2.765233
1.090001	23.426060	2.875782
1.094999	20.310678	3.257144
1.140000	21.623122	2.539120
1.150000	25.002732	2.712742
1.190000	25.349234	3.110484
1.190000	22.236902	2.221171
1.240000	25.681629	2.409231
1.240000	22.372235	2.276113
1.290000	22.300087	2.384140
1.290001	25.725386	2.774458
1.340000	22.323554	2.354679
1.385001	25.605763	2.330873
1.389999	22.316468	2.665678
1.395001	25.627906	2.350226
1.435001	25.354421	2.166049
1.440000	22.314006	2.385251
1.485001	25.180920	2.056600
1.489999	22.270710	2.448161
40.000000	67
0.050000	0.003235	0.732333
0.099999	0.363935	0.628771
0.100000	0.421913	1.051710
0.120000	1.144963	0.962568
0.145001	1.279325	1.053625
0.150000	2.445243	1.182921
0.195000	2.334121	0.829587
0.200001	2.891046	0.890043
0.215001	3.465426	0.906726
0.245002	2.349253	1.060975
0.250000	3.902507	0.991779
0.294999	2.545923	1.218567
0.300000	4.011514	1.103051
0.305000	4.552779	1.337385
0.344999	2.643539	1.396958
0.350000	4.473101	1.018053
0.394999	3.024134	1.134676
0.400000	4.283879	0.903978
0.444999	3.754369	1.140763
0.450000	4.035871	0.991856
0.455000	4.781562	1.091761
0.494999	6.065965	1.668575
0.495001	4.282799	1.808907
0.544999	6.623933	1.633711
0.545001	4.617032	2.343593
0.594999	7.531004	2.384077
0.595001	5.217850	2.774585
0.630000	8.843566	2.924667
0.644999	10.207679	3.343684
0.645001	5.893868	4.457531
0.694999	11.676997	3.768913
0.695001	6.687778	5.218543
0.744999	13.468561	5.104127
0.745001	8.003524	5.738105
0.794999	15.506886	5.790684
0.795001	9.502887	6.148688
0.840000	17.694466	6.383350
0.845000	10.802981	6.675732
0.890000	19.702069	6.786624
0.895001	12.483129	5.366058
0.940000	21.483159	7.040147
0.945000	13.886863	5.601322
0.950000	15.258457	5.733054
0.990000	23.123997	6.109086
0.995001	16.634981	4.433200
1.040000	24.484250	6.501260
1.045000	17.639090	5.432500
1.070000	18.570437	4.500978
1.090000	19.668407	3.916513
1.139999	27.341571	7.406757
1.140000	20.526949	4.799680
1.190000	21.644235	4.219358
1.200000	22.834559	4.660999
1.239999	29.507154	6.288205
1.240001	24.086293	4.861327
1.284999	30.397894	5.016828
1.290000	25.026435	4.141362
1.340000	32.096199	5.598304
1.340001	25.767474	4.479590
1.390000	26.626847	4.530055
1.434999	33.123378	5.059213
1.440000	27.640928	4.176622
1.484999	33.459232	4.814412
1.490000	28.020980	3.817350
1.534999	33.646967	5.071506
1.540000	28.091307	3.863011
1.590000	28.171932	3.162557
50.000000	91
0.005001	0.002369	0.652880
0.049999	0.003423	0.591790
0.050000	0.357056	0.745391
0.095001	1.076126	0.798944
0.099999	0.357135	0.934588
0.145001	1.774843	0.935131
0.149999	1.012793	1.024153
0.185000	1.826449	0.988276
0.195001	2.168821	1.111421
0.199999	2.823948	1.068967
0.220001	3.213653	0.943381
0.245001	4.238081	1.344493
0.249999	2.818700	1.027887
0.295001	4.196752	0.911693
0.299999	3.013930	1.104254
0.345001	4.312526	0.926342
0.349999	3.355672	0.810564
0.395001	4.619358	0.960945
0.399999	3.856812	0.684778
0.445000	3.950879	0.984080
0.445001	5.113025	0.862664
0.495000	4.288445	0.944581
0.495000	5.831294	1.170300
0.525000	4.801678	0.984920
0.545000	5.603519	1.084608
0.545001	6.651887	1.252996
0.594999	5.379373	1.622063
0.595000	7.470249	1.839039
0.645000	5.260750	2.535971
0.645001	8.444896	2.534842
0.690000	9.906312	3.372119
0.694999	5.449539	4.333679
0.740000	11.082790	3.924851
0.745000	5.743522	4.024482
0.790000	12.660232	5.327942
0.794999	6.461696	4.575399
0.819999	7.446190	4.944605
0.840000	14.206330	5.296397
0.845000	8.550939	3.911514
0.890000	15.735954	5.792276
0.894999	9.115314	4.866955
0.940000	10.063490	5.242869
0.940001	17.351080	5.722031
0.945000	10.939260	4.314692
0.990000	18.763282	6.077814
0.995000	11.892266	5.145648
1.039999	13.029873	5.422860
1.040000	20.394259	5.387003
1.089999	14.607110	5.452071
1.090000	22.040190	5.481547
1.105001	23.350686	5.287075
1.139999	16.423851	5.242706
1.140000	24.846950	5.169472
1.155000	17.819763	5.087706
1.190000	19.455974	3.812602
1.190000	25.758736	5.051501
1.240000	20.591583	3.955880
1.265000	21.751099	4.268510
1.289999	23.158364	3.399443
1.290000	27.683057	4.503843
1.335001	28.785253	4.290065
1.339999	24.526523	4.111156
1.385000	29.822935	3.148514
1.389999	25.808954	3.953148
1.435001	30.987224	3.944843
1.439999	26.941377	3.945643
1.485001	32.058144	3.764781
1.489999	28.549144	3.589176
1.520000	33.161323	3.568737
1.535000	34.323275	3.393990
1.540000	29.904899	3.911324
1.585001	34.973488	2.839623
1.590001	31.265722	2.990255
1.635000	35.586790	3.226264
1.639999	32.769000	2.509855
1.685000	34.053247	2.293401
1.685001	36.497469	1.951096
1.734999	35.449655	2.153430
1.735000	37.497462	2.039706
1.785000	36.691720	1.955207
1.785001	38.892552	1.856144
1.834999	39.801979	1.833758
1.835001	39.179682	1.214347
1.885000	37.834891	1.485682
1.885001	39.473701	0.866768
1.930000	39.721230	1.008424
1.935000	38.285449	1.430691
1.980000	39.866892	0.683572
2.030000	40.046817	0.806143
2.045001	40.017924	0.871597
2.080000	40.134589	0.176046
