20.000000	58
0.050000	0.004903	0.732517
0.050000	0.006603	0.811143
0.100000	0.384104	0.970693
0.130000	1.215667	0.918485
0.150000	1.020241	0.981045
0.150000	2.208591	1.016250
0.170000	1.862443	0.537975
0.195001	2.497701	0.887073
0.200000	1.692499	0.463621
0.245001	2.100412	0.394951
0.250000	1.381828	0.768578
0.275000	1.980900	0.358322
0.295001	1.944177	0.346152
0.300000	2.387358	0.547763
0.344999	2.364910	0.354249
0.345001	1.884968	0.725497
0.394999	2.805279	0.498952
0.395001	2.425737	0.594554
0.444999	3.122880	0.649311
0.445001	2.622953	0.964505
0.494999	3.500857	0.758854
0.495001	3.255287	0.946193
0.544999	4.645079	1.288330
0.545001	3.627926	1.391263
0.555001	4.935649	1.417820
0.594999	5.873892	1.380909
0.595001	5.543537	1.896540
0.645000	7.424276	1.582777
0.670000	7.096182	1.853301
0.694999	8.932500	1.847835
0.695001	8.141610	1.419061
0.744999	10.579145	2.002674
0.745000	9.067204	1.473677
0.785001	9.888350	1.291765
0.790000	9.860106	1.504055
0.794999	11.994068	1.766651
0.840001	11.060747	1.213167
0.844999	12.396097	1.248458
0.890001	11.620911	1.012040
0.894999	12.806188	0.908061
0.940000	12.850805	0.602670
0.944999	13.095324	0.644204
0.970000	13.298364	0.702055
0.990000	13.295528	1.142645
1.040000	12.792989	1.916769
1.040001	14.787695	1.394071
1.090000	15.557573	1.509868
1.140000	15.927136	1.372194
1.190000	15.947887	0.514533
1.240000	15.749413	0.383170
1.290001	15.839412	0.413879
1.340004	16.144064	0.333927
1.390000	16.529980	0.456058
1.435001	16.495550	0.305255
1.485001	16.475003	0.141193
1.535001	16.437117	0.075205
1.585001	16.494093	0.039265
1.635001	16.544633	0.079503
30.000000	71
0.050000	0.254867	0.305490
0.050000	0.001964	0.642952
0.094999	0.314427	1.555172
0.100000	0.715806	1.369750
0.144999	0.993117	1.882444
0.150000	3.686355	2.359584
0.195000	1.929511	1.979954
0.200000	4.400652	1.869831
0.204999	5.223075	1.889260
0.230000	2.992899	1.953240
0.244999	4.098307	1.603042
0.250000	6.359559	2.014819
0.295000	4.492334	1.877058
0.300000	6.849945	1.927188
0.344999	4.659348	2.304541
0.350000	7.600993	2.292321
0.394999	4.965478	2.692616
0.400000	8.583776	2.757512
0.445000	5.424870	2.412534
0.449999	9.393468	2.909044
0.480000	6.232212	2.995878
0.494999	7.320947	2.217272
0.495000	10.081840	2.343889
0.544999	10.887483	2.967552
0.545000	7.602503	2.374863
0.564999	8.278866	1.957602
0.594999	11.336305	2.260448
0.595000	9.159305	1.727382
0.644999	9.814142	1.648570
0.644999	11.669140	1.373090
0.694999	10.958436	1.801694
0.740000	12.354496	1.433475
0.744999	12.366544	1.820483
0.790000	14.197800	2.065588
0.795000	12.597573	1.630992
0.840000	16.109375	2.934847
0.844999	12.734812	2.700114
0.860000	13.565059	3.458275
0.890000	18.064651	3.999567
0.894999	13.783794	4.507281
0.940000	20.150265	4.883217
0.944999	13.500983	6.093491
0.964999	21.645577	5.998196
0.990000	23.044959	7.065586
0.994999	13.009143	7.214210
1.040000	24.636538	8.008644
1.044999	13.305386	7.945451
1.069999	14.208050	8.206213
1.090000	25.639843	9.417282
1.094999	14.881934	6.652270
1.139999	26.932281	10.357729
1.140000	14.199698	8.866880
1.174999	13.801351	9.596793
1.190000	27.538827	9.630459
1.190000	13.778654	9.828962
1.209999	27.589904	9.564053
1.239999	27.871889	7.894821
1.240000	14.650976	10.938708
1.290000	28.263579	7.429513
1.334999	28.333940	8.698606
1.340000	16.211818	9.917702
1.384999	28.424482	7.892846
1.390000	17.397831	8.938855
1.434999	28.252671	8.622557
1.440000	18.276462	8.204963
1.484999	28.271061	7.895442
1.489999	19.102447	7.505482
1.534999	28.280218	7.338457
1.540000	19.794920	6.587219
1.584999	28.311694	7.494530
1.589999	20.106496	6.689097
40.000000	81
0.050000	0.121771	0.184403
0.050000	0.080505	0.626120
0.075001	0.250880	0.740357
0.094999	0.410980	0.760268
0.100000	1.275562	0.757232
0.150000	1.523412	0.716139
0.200000	1.535500	0.788057
0.250000	1.568418	0.637401
0.284999	1.919242	0.594404
0.295000	3.034033	1.138176
0.300000	1.847168	0.651862
0.344999	2.586271	0.544187
0.345001	2.307990	0.596805
0.394999	2.394320	0.719765
0.395001	3.272464	0.880739
0.445000	2.926421	0.886203
0.445001	3.702152	1.283511
0.475001	4.748141	1.492853
0.494999	3.006293	1.994104
0.495001	6.112397	2.241134
0.545000	3.374805	2.383799
0.545001	6.254431	2.191886
0.595000	3.809540	2.169682
0.595001	7.386969	2.955032
0.645000	4.610280	3.006860
0.695000	5.636095	3.827516
0.695001	10.769223	4.192884
0.744999	6.661603	4.725845
0.745001	12.919257	4.807261
0.794999	7.894291	5.374541
0.795001	15.099125	5.495692
0.844999	9.479621	5.738828
0.845001	17.051594	5.955543
0.894999	10.859834	4.711791
0.895000	19.094292	6.779640
0.905000	12.021953	3.828719
0.940000	13.275318	2.829979
0.990000	13.851982	2.656121
1.040000	14.545603	5.580365
1.060000	15.475444	5.182627
1.090000	16.689195	4.763341
1.140000	27.695496	10.520668
1.140000	16.894634	6.754648
1.160000	17.604441	8.185561
1.185001	29.189058	9.097915
1.190000	18.733104	8.209938
1.190001	30.386157	9.411691
1.240000	19.275160	7.807640
1.240001	31.156877	9.399016
1.260000	20.050182	7.896122
1.290000	20.670200	7.987492
1.290004	31.931797	7.988175
1.339999	21.370627	8.029588
1.340000	32.636193	7.975896
1.390000	33.426555	7.898223
1.390000	22.273279	9.567080
1.410000	34.391384	7.793300
1.439999	23.388588	9.057539
1.440000	35.253317	9.358703
1.489999	24.812833	7.062170
1.490000	34.629921	8.247847
1.514999	24.951691	6.922926
1.534999	25.077648	6.665325
1.540000	34.288683	7.258238
1.584999	25.696798	6.336861
1.585001	34.564530	7.265707
1.634999	25.918708	6.169589
1.635001	35.050402	7.414259
1.655000	26.018009	6.382762
1.684999	26.278348	6.515767
1.685001	35.475351	6.509287
1.734999	26.558254	6.547414
1.735001	35.917957	6.665341
1.755001	36.029989	6.631916
1.784999	26.653783	7.610765
1.785001	35.951203	6.596616
1.834999	26.759582	6.532667
1.835000	35.999473	8.589149
1.870000	26.456230	6.023195
1.884999	26.373230	4.820223
1.934999	26.715996	5.365566
50.000000	104
0.050000	0.339946	0.223178
0.050000	0.094729	1.277445
0.080001	0.627527	0.930904
0.100000	0.258760	1.061125
0.150000	2.575970	1.839172
0.150000	0.811684	1.174737
0.190000	1.213348	1.089251
0.195001	2.634467	1.093066
0.200000	1.970918	0.692898
0.245001	2.476675	0.714441
0.250000	1.469127	1.147667
0.260000	2.093504	0.660227
0.295001	2.322065	0.881520
0.300000	3.508863	1.592214
0.300000	2.002793	1.271708
0.345001	3.854512	1.894441
0.350000	1.217379	2.074072
0.395001	3.813678	2.088368
0.400000	0.908229	2.396660
0.445001	3.697717	2.043407
0.450000	1.040437	2.400077
0.495001	3.981889	2.098019
0.500000	1.706632	2.016442
0.545004	4.311030	2.005508
0.550000	2.265874	1.898760
0.595001	4.484323	1.742378
0.595001	2.784049	1.881469
0.645000	5.266140	1.981245
0.645001	3.053934	1.746681
0.695001	5.868663	2.002645
0.695001	3.678216	2.435115
0.700000	4.780274	1.875912
0.745001	5.339218	1.603236
0.790001	8.566566	3.236673
0.795001	5.822616	2.261874
0.805000	6.531307	2.941573
0.840000	10.159366	2.886754
0.845001	7.415538	3.690179
0.890000	12.179922	3.833332
0.895000	8.189177	4.560180
0.940000	14.311827	4.696997
0.945001	9.178810	5.282663
0.990000	16.306999	5.348676
0.995001	10.783165	5.449390
1.015001	17.994720	5.606287
1.015001	12.112000	5.663907
1.040000	19.663739	5.729354
1.045001	13.680153	5.524449
1.090000	21.001375	5.434635
1.095001	15.116055	5.486026
1.105001	22.081175	5.329987
1.140000	23.646751	5.269592
1.145001	16.499152	5.262653
1.190000	18.008523	5.281402
1.190001	24.876374	5.077506
1.240000	19.590583	4.940303
1.240004	26.195994	5.032823
1.280000	27.355934	4.715039
1.290000	21.174246	6.092045
1.340000	22.589760	4.973927
1.340001	29.515920	5.391379
1.370000	30.402012	6.056879
1.390000	23.898077	4.953871
1.415000	25.062192	5.101449
1.435001	31.929023	5.289308
1.440001	26.310705	4.689942
1.485001	32.660349	4.987754
1.490000	27.262211	4.826030
1.535001	33.508269	4.867558
1.540000	28.097187	4.759581
1.585001	34.205451	4.688564
1.590001	28.941469	4.692707
1.635001	34.960023	4.521695
1.640000	30.008863	4.423768
1.685000	35.685996	4.104275
1.690000	31.252948	4.067280
1.725001	36.363079	3.748614
1.735001	37.333593	3.649781
1.740001	32.360595	3.755609
1.785000	36.997852	2.553913
1.790000	33.532113	2.972695
1.835001	36.807338	2.411476
1.835001	34.746766	1.882552
1.845001	37.135439	1.999374
1.885001	36.779441	1.110495
1.885001	35.545365	1.034708
1.935000	35.544039	0.990607
1.935001	36.478183	0.619929
1.985001	36.475169	0.673245
1.985001	35.843065	0.769331
2.030000	36.740778	0.741977
2.035000	35.755515	0.774566
2.080000	37.201491	1.349886
2.085001	35.656904	0.772783
2.135001	35.702287	0.612934
2.185001	35.734736	0.600053
2.235001	35.726119	0.047856
2.285001	35.702104	0.048497
2.335001	35.707202	0.070099
2.385001	35.640249	0.059766
2.430000	35.609270	0.058193
2.480001	35.587755	0.059230
2.530000	35.595148	0.024246
2.580001	35.587193	0.013552
