20.000000	48
0.030000	0.014663	0.221573
0.049999	0.340221	0.409549
0.050000	0.079041	0.522363
0.095000	0.207411	0.715052
0.099999	1.032378	0.693280
0.104999	0.684535	0.930626
0.125000	1.652509	0.805655
0.144999	1.588942	0.557459
0.149999	2.335654	0.905644
0.194999	1.770439	0.316391
0.199999	1.966147	0.401373
0.245000	1.490266	0.506387
0.249999	1.427653	0.457447
0.275000	1.601402	0.506666
0.295001	2.199246	1.136009
0.299999	0.960104	0.632424
0.344999	0.829388	0.659402
0.374999	0.503459	0.807710
0.394999	0.866227	0.542745
0.395000	0.721329	0.634091
0.429999	1.241604	0.698754
0.444999	2.076087	1.240341
0.444999	0.245691	1.310403
0.494999	0.707861	0.939693
0.495000	1.963018	1.269869
0.544999	1.849340	1.177696
0.544999	0.486021	0.995409
0.594999	0.247344	1.343976
0.595000	1.753486	1.119521
0.644999	0.047582	1.489986
0.645000	1.968494	1.369695
0.669999	2.577806	1.700081
0.690000	0.341125	1.843084
0.694999	3.208777	2.087291
0.739999	0.459318	1.728976
0.745000	2.440437	1.510480
0.790000	0.410390	1.649233
0.795000	1.854826	1.160272
0.815000	1.890005	1.096904
0.839999	0.110874	1.312460
0.845000	1.043647	0.683537
0.890000	0.971261	0.647960
0.939999	1.669269	1.090925
0.990000	1.446506	0.820292
1.040000	0.506025	0.722084
1.060000	0.110189	1.072836
1.090000	0.482533	0.636374
1.140000	1.225129	0.877810
30.000000	59
0.050000	0.007593	0.242706
0.050001	0.007202	0.536636
0.095000	0.267464	0.440682
0.100000	0.338025	0.509465
0.144999	0.994488	0.576568
0.145001	0.817182	0.354898
0.195000	1.158502	0.452319
0.195001	1.039250	0.289880
0.245000	0.980534	0.463329
0.294999	0.554283	0.458473
0.295001	0.592035	0.424242
0.345000	0.035222	0.499463
0.394999	0.097807	0.313796
0.395000	0.175828	0.223351
0.445000	0.038519	0.397778
0.494999	0.450873	0.710482
0.495000	0.100162	0.861463
0.534999	0.906361	0.700521
0.544999	1.976619	1.335200
0.545001	0.486356	0.857242
0.595000	0.797035	0.716451
0.595002	1.676933	0.665097
0.645000	1.076912	0.567586
0.645000	1.649892	0.497070
0.690001	1.568024	0.370975
0.695000	1.836065	0.437221
0.740000	2.270137	0.530199
0.740001	1.602254	0.516877
0.790000	2.306245	0.458277
0.790001	1.853950	0.369165
0.839999	2.338538	0.519587
0.840000	1.726142	0.704808
0.890000	2.208076	0.716850
0.890001	1.667870	1.010003
0.904999	3.146350	1.142717
0.939999	3.447583	1.443560
0.940000	1.518390	1.504730
0.990000	3.043540	0.990588
0.990001	1.492164	1.653270
0.994999	3.723867	1.565675
1.039999	3.763317	1.544720
1.040001	1.665543	1.491013
1.090000	3.321005	1.100112
1.090001	1.752621	1.417973
1.140000	3.052324	0.931623
1.140001	2.043910	1.168074
1.160000	3.696716	1.154906
1.160001	2.750972	0.677875
1.190000	3.534530	1.063172
1.190001	3.302269	0.973628
1.240000	2.155984	0.938525
1.240001	2.132582	1.094049
1.290000	1.723627	0.924484
1.290001	0.919404	0.864192
1.335001	0.646498	1.041368
1.385000	1.034601	0.867557
1.425000	1.782833	0.815708
1.435000	1.919947	0.854880
1.485000	2.626326	1.117146
40.000000	79
0.050000	0.024230	0.158439
0.050001	0.082797	0.342850
0.099999	0.256786	0.330612
0.100000	0.157634	0.525559
0.149999	0.739213	0.681913
0.150001	0.725402	0.650907
0.199999	1.139189	0.614909
0.200001	2.015148	1.051683
0.249999	1.131926	0.485629
0.250001	1.593796	0.570447
0.299999	0.742415	0.791465
0.300001	0.808548	0.662728
0.310001	1.709822	0.568969
0.325000	1.309725	0.409140
0.349999	1.728450	0.587234
0.350001	1.567341	0.618340
0.395000	1.137742	0.528549
0.395001	0.908526	0.558120
0.445000	0.317201	0.666967
0.445000	0.515420	0.344593
0.495000	0.454722	0.350700
0.495001	0.158892	0.580695
0.545000	0.491727	0.559411
0.594999	1.103198	0.610856
0.595000	1.042668	0.664273
0.645000	1.534560	0.746769
0.694999	1.705693	0.919240
0.695000	1.979542	0.976409
0.710001	2.800717	0.856463
0.745000	3.427335	1.119677
0.795000	3.320837	0.804014
0.809999	2.289404	0.720588
0.845000	2.553828	0.573184
0.845001	2.939344	0.472380
0.895000	2.343750	0.653147
0.910000	3.151531	0.729011
0.945000	3.411064	1.128574
0.945000	1.738671	1.045265
0.990001	2.886136	0.839352
0.995000	1.638891	0.966619
1.040000	2.002587	0.451281
1.040001	2.408497	0.477135
1.089999	2.057670	0.439373
1.090001	2.270074	0.591861
1.110001	2.896872	0.613760
1.139999	2.385435	0.601413
1.140001	3.518989	0.952565
1.189999	2.371549	0.829989
1.190001	3.094479	0.557918
1.230000	2.673007	0.664311
1.239999	3.759717	0.943855
1.240001	2.889852	0.417608
1.289999	3.333079	0.487823
1.290001	2.834516	0.535763
1.339999	2.853680	0.393523
1.340001	2.965281	0.435589
1.344999	3.607279	0.599480
1.385001	3.196163	0.527646
1.389999	3.678115	0.475231
1.390001	4.243664	0.880822
1.440000	3.232315	0.591241
1.440001	3.979875	0.564407
1.489999	2.924352	0.882096
1.490001	3.702250	0.721381
1.525000	3.954595	0.992405
1.539999	2.695275	1.227327
1.540001	4.770720	2.064407
1.590000	2.363511	1.488683
1.590001	4.098161	1.813623
1.634999	1.136366	2.145183
1.635000	2.951651	1.276649
1.685000	2.044085	1.074116
1.734999	1.207185	1.204572
1.735000	1.973637	0.887213
1.780001	2.635805	0.773463
1.785000	2.733283	0.782786
1.835000	3.442794	0.850664
1.835000	2.950734	0.334188
1.885000	3.191855	0.332364
50.000000	106
0.049999	0.032782	0.301514
0.050000	0.001176	0.658613
0.060000	0.295319	0.561663
0.099999	0.483122	0.667056
0.100000	1.190839	0.751608
0.149999	1.059948	0.682835
0.150000	1.651814	0.665585
0.159999	1.855477	0.541021
0.175001	1.997972	0.477467
0.200000	2.405518	0.562351
0.200000	2.418756	0.599005
0.249999	2.066339	0.404349
0.250000	1.542092	0.780286
0.295000	1.543777	0.695927
0.299999	2.501276	1.418154
0.300000	0.570412	1.158392
0.345000	1.489171	0.787833
0.350004	0.201629	1.425971
0.359999	1.775103	1.141012
0.395000	1.825495	1.094690
0.400000	0.275590	1.008937
0.420000	0.529501	0.832090
0.444999	1.229105	0.593460
0.450001	0.966856	0.382902
0.495000	0.951307	0.451200
0.500001	0.767691	0.538897
0.514999	1.286033	0.420035
0.544999	1.857066	0.807054
0.545001	0.795211	0.706197
0.595000	1.191171	0.504142
0.645000	1.794987	0.506276
0.645001	1.478402	0.456944
0.695000	1.875758	0.405246
0.695001	1.543712	0.363642
0.745000	2.142595	0.564418
0.745001	1.462460	0.798993
0.795000	2.044204	0.785818
0.795001	1.388853	1.123820
0.804999	3.149615	1.305350
0.845000	3.250457	1.359167
0.845001	1.483388	1.131777
0.895000	2.631507	0.830180
0.895001	1.623315	0.929808
0.945000	2.146694	0.513823
0.945001	1.675478	0.833659
0.955001	2.731008	0.835326
0.989999	1.878972	0.662238
0.995001	3.045010	0.907675
1.039999	1.906686	0.732661
1.045001	2.536160	0.641351
1.070001	2.811170	0.590105
1.089999	2.080967	0.901094
1.095001	3.584061	0.908763
1.115000	2.709265	0.550288
1.139999	3.283882	0.579795
1.145000	3.203292	0.324544
1.190000	2.978049	0.359257
1.215000	3.061067	0.324076
1.239999	3.610069	0.698021
1.240000	2.588768	0.562594
1.289999	3.231113	0.499225
1.290000	2.677108	0.458122
1.339999	2.835746	0.276861
1.340000	2.562543	0.382705
1.389999	2.487841	0.673808
1.390000	2.688257	0.605066
1.425001	3.130558	0.638511
1.440000	3.939877	0.912904
1.465000	3.285521	0.500980
1.489999	4.044784	0.593488
1.490001	3.459029	0.503517
1.525001	3.586158	0.405706
1.539999	3.675152	0.420555
1.540001	4.383083	0.788656
1.585000	3.419751	0.635877
1.590001	4.226103	0.526554
1.619999	3.494779	0.594785
1.635000	4.285357	0.643082
1.640001	3.842938	0.388281
1.685000	3.711208	0.346214
1.690000	3.524994	0.392932
1.735000	3.275163	0.338246
1.740000	3.394138	0.236297
1.785000	3.160411	0.347736
1.785001	3.565374	0.565704
1.830000	3.739470	0.626825
1.835000	3.320089	0.958930
1.835001	4.811212	0.943176
1.840000	4.479787	0.585907
1.885000	4.619085	0.674572
1.885001	4.294939	0.432225
1.935000	4.422010	0.526787
1.935001	3.701116	0.823559
1.940001	3.706415	0.966371
1.985000	3.663763	1.272812
2.035001	2.167136	1.117888
2.035001	2.165774	0.956457
2.085000	1.505456	1.070480
2.085001	2.479962	0.677971
2.109999	1.585621	1.096182
2.134999	2.127833	1.085978
2.135001	3.309292	1.007856
2.185000	3.259482	1.034530
2.185001	4.023692	0.978157
2.230000	4.035326	0.551658
2.235001	4.332165	0.666813
